ARM GAS  C:\Users\q-bir\AppData\Local\Temp\cchB5I2a.s 			page 1


   1              		.cpu cortex-m4
   2              		.eabi_attribute 27, 1
   3              		.eabi_attribute 28, 1
   4              		.eabi_attribute 20, 1
   5              		.eabi_attribute 21, 1
   6              		.eabi_attribute 23, 3
   7              		.eabi_attribute 24, 1
   8              		.eabi_attribute 25, 1
   9              		.eabi_attribute 26, 1
  10              		.eabi_attribute 30, 4
  11              		.eabi_attribute 34, 1
  12              		.eabi_attribute 18, 4
  13              		.file	"stm32f3xx_hal.c"
  14              		.text
  15              		.section	.text.HAL_MspInit,"ax",%progbits
  16              		.align	1
  17              		.weak	HAL_MspInit
  18              		.arch armv7e-m
  19              		.syntax unified
  20              		.thumb
  21              		.thumb_func
  22              		.fpu fpv4-sp-d16
  24              	HAL_MspInit:
  25              		@ args = 0, pretend = 0, frame = 0
  26              		@ frame_needed = 0, uses_anonymous_args = 0
  27              		@ link register save eliminated.
  28 0000 7047     		bx	lr
  30              		.section	.text.HAL_MspDeInit,"ax",%progbits
  31              		.align	1
  32              		.weak	HAL_MspDeInit
  33              		.syntax unified
  34              		.thumb
  35              		.thumb_func
  36              		.fpu fpv4-sp-d16
  38              	HAL_MspDeInit:
  39              		@ args = 0, pretend = 0, frame = 0
  40              		@ frame_needed = 0, uses_anonymous_args = 0
  41              		@ link register save eliminated.
  42 0000 7047     		bx	lr
  44              		.section	.text.HAL_DeInit,"ax",%progbits
  45              		.align	1
  46              		.global	HAL_DeInit
  47              		.syntax unified
  48              		.thumb
  49              		.thumb_func
  50              		.fpu fpv4-sp-d16
  52              	HAL_DeInit:
  53              		@ args = 0, pretend = 0, frame = 0
  54              		@ frame_needed = 0, uses_anonymous_args = 0
  55 0000 10B5     		push	{r4, lr}
  56 0002 074B     		ldr	r3, .L4
  57 0004 4FF0FF32 		mov	r2, #-1
  58 0008 0024     		movs	r4, #0
  59 000a 1A61     		str	r2, [r3, #16]
  60 000c 1C61     		str	r4, [r3, #16]
  61 000e DA60     		str	r2, [r3, #12]
  62 0010 DC60     		str	r4, [r3, #12]
ARM GAS  C:\Users\q-bir\AppData\Local\Temp\cchB5I2a.s 			page 2


  63 0012 9A62     		str	r2, [r3, #40]
  64 0014 9C62     		str	r4, [r3, #40]
  65 0016 FFF7FEFF 		bl	HAL_MspDeInit
  66 001a 2046     		mov	r0, r4
  67 001c 10BD     		pop	{r4, pc}
  68              	.L5:
  69 001e 00BF     		.align	2
  70              	.L4:
  71 0020 00100240 		.word	1073876992
  73              		.section	.text.HAL_InitTick,"ax",%progbits
  74              		.align	1
  75              		.weak	HAL_InitTick
  76              		.syntax unified
  77              		.thumb
  78              		.thumb_func
  79              		.fpu fpv4-sp-d16
  81              	HAL_InitTick:
  82              		@ args = 0, pretend = 0, frame = 0
  83              		@ frame_needed = 0, uses_anonymous_args = 0
  84 0000 38B5     		push	{r3, r4, r5, lr}
  85 0002 0E4A     		ldr	r2, .L10
  86 0004 0E4B     		ldr	r3, .L10+4
  87 0006 0546     		mov	r5, r0
  88 0008 1878     		ldrb	r0, [r3]	@ zero_extendqisi2
  89 000a 4FF47A73 		mov	r3, #1000
  90 000e B3FBF0F3 		udiv	r3, r3, r0
  91 0012 1068     		ldr	r0, [r2]
  92 0014 B0FBF3F0 		udiv	r0, r0, r3
  93 0018 FFF7FEFF 		bl	HAL_SYSTICK_Config
  94 001c 0446     		mov	r4, r0
  95 001e 58B9     		cbnz	r0, .L9
  96 0020 0F2D     		cmp	r5, #15
  97 0022 09D8     		bhi	.L9
  98 0024 0246     		mov	r2, r0
  99 0026 2946     		mov	r1, r5
 100 0028 4FF0FF30 		mov	r0, #-1
 101 002c FFF7FEFF 		bl	HAL_NVIC_SetPriority
 102 0030 044B     		ldr	r3, .L10+8
 103 0032 2046     		mov	r0, r4
 104 0034 1D60     		str	r5, [r3]
 105              	.L7:
 106 0036 38BD     		pop	{r3, r4, r5, pc}
 107              	.L9:
 108 0038 0120     		movs	r0, #1
 109 003a FCE7     		b	.L7
 110              	.L11:
 111              		.align	2
 112              	.L10:
 113 003c 00000000 		.word	SystemCoreClock
 114 0040 00000000 		.word	.LANCHOR0
 115 0044 00000000 		.word	.LANCHOR1
 117              		.section	.text.HAL_Init,"ax",%progbits
 118              		.align	1
 119              		.global	HAL_Init
 120              		.syntax unified
 121              		.thumb
 122              		.thumb_func
ARM GAS  C:\Users\q-bir\AppData\Local\Temp\cchB5I2a.s 			page 3


 123              		.fpu fpv4-sp-d16
 125              	HAL_Init:
 126              		@ args = 0, pretend = 0, frame = 0
 127              		@ frame_needed = 0, uses_anonymous_args = 0
 128 0000 074A     		ldr	r2, .L13
 129 0002 08B5     		push	{r3, lr}
 130 0004 1368     		ldr	r3, [r2]
 131 0006 43F01003 		orr	r3, r3, #16
 132 000a 1360     		str	r3, [r2]
 133 000c 0320     		movs	r0, #3
 134 000e FFF7FEFF 		bl	HAL_NVIC_SetPriorityGrouping
 135 0012 0020     		movs	r0, #0
 136 0014 FFF7FEFF 		bl	HAL_InitTick
 137 0018 FFF7FEFF 		bl	HAL_MspInit
 138 001c 0020     		movs	r0, #0
 139 001e 08BD     		pop	{r3, pc}
 140              	.L14:
 141              		.align	2
 142              	.L13:
 143 0020 00200240 		.word	1073881088
 145              		.section	.text.HAL_IncTick,"ax",%progbits
 146              		.align	1
 147              		.weak	HAL_IncTick
 148              		.syntax unified
 149              		.thumb
 150              		.thumb_func
 151              		.fpu fpv4-sp-d16
 153              	HAL_IncTick:
 154              		@ args = 0, pretend = 0, frame = 0
 155              		@ frame_needed = 0, uses_anonymous_args = 0
 156              		@ link register save eliminated.
 157 0000 034A     		ldr	r2, .L16
 158 0002 044B     		ldr	r3, .L16+4
 159 0004 1168     		ldr	r1, [r2]
 160 0006 1B78     		ldrb	r3, [r3]	@ zero_extendqisi2
 161 0008 0B44     		add	r3, r3, r1
 162 000a 1360     		str	r3, [r2]
 163 000c 7047     		bx	lr
 164              	.L17:
 165 000e 00BF     		.align	2
 166              	.L16:
 167 0010 00000000 		.word	uwTick
 168 0014 00000000 		.word	.LANCHOR0
 170              		.section	.text.HAL_GetTick,"ax",%progbits
 171              		.align	1
 172              		.weak	HAL_GetTick
 173              		.syntax unified
 174              		.thumb
 175              		.thumb_func
 176              		.fpu fpv4-sp-d16
 178              	HAL_GetTick:
 179              		@ args = 0, pretend = 0, frame = 0
 180              		@ frame_needed = 0, uses_anonymous_args = 0
 181              		@ link register save eliminated.
 182 0000 014B     		ldr	r3, .L19
 183 0002 1868     		ldr	r0, [r3]
 184 0004 7047     		bx	lr
ARM GAS  C:\Users\q-bir\AppData\Local\Temp\cchB5I2a.s 			page 4


 185              	.L20:
 186 0006 00BF     		.align	2
 187              	.L19:
 188 0008 00000000 		.word	uwTick
 190              		.section	.text.HAL_GetTickPrio,"ax",%progbits
 191              		.align	1
 192              		.global	HAL_GetTickPrio
 193              		.syntax unified
 194              		.thumb
 195              		.thumb_func
 196              		.fpu fpv4-sp-d16
 198              	HAL_GetTickPrio:
 199              		@ args = 0, pretend = 0, frame = 0
 200              		@ frame_needed = 0, uses_anonymous_args = 0
 201              		@ link register save eliminated.
 202 0000 014B     		ldr	r3, .L22
 203 0002 1868     		ldr	r0, [r3]
 204 0004 7047     		bx	lr
 205              	.L23:
 206 0006 00BF     		.align	2
 207              	.L22:
 208 0008 00000000 		.word	.LANCHOR1
 210              		.section	.text.HAL_SetTickFreq,"ax",%progbits
 211              		.align	1
 212              		.global	HAL_SetTickFreq
 213              		.syntax unified
 214              		.thumb
 215              		.thumb_func
 216              		.fpu fpv4-sp-d16
 218              	HAL_SetTickFreq:
 219              		@ args = 0, pretend = 0, frame = 0
 220              		@ frame_needed = 0, uses_anonymous_args = 0
 221 0000 08B5     		push	{r3, lr}
 222 0002 064B     		ldr	r3, .L27
 223 0004 1A78     		ldrb	r2, [r3]	@ zero_extendqisi2
 224 0006 8242     		cmp	r2, r0
 225 0008 05D0     		beq	.L26
 226 000a 1870     		strb	r0, [r3]
 227 000c 044B     		ldr	r3, .L27+4
 228 000e 1868     		ldr	r0, [r3]
 229 0010 FFF7FEFF 		bl	HAL_InitTick
 230              	.L25:
 231 0014 08BD     		pop	{r3, pc}
 232              	.L26:
 233 0016 0020     		movs	r0, #0
 234 0018 FCE7     		b	.L25
 235              	.L28:
 236 001a 00BF     		.align	2
 237              	.L27:
 238 001c 00000000 		.word	.LANCHOR0
 239 0020 00000000 		.word	.LANCHOR1
 241              		.section	.text.HAL_GetTickFreq,"ax",%progbits
 242              		.align	1
 243              		.global	HAL_GetTickFreq
 244              		.syntax unified
 245              		.thumb
 246              		.thumb_func
ARM GAS  C:\Users\q-bir\AppData\Local\Temp\cchB5I2a.s 			page 5


 247              		.fpu fpv4-sp-d16
 249              	HAL_GetTickFreq:
 250              		@ args = 0, pretend = 0, frame = 0
 251              		@ frame_needed = 0, uses_anonymous_args = 0
 252              		@ link register save eliminated.
 253 0000 014B     		ldr	r3, .L30
 254 0002 1878     		ldrb	r0, [r3]	@ zero_extendqisi2
 255 0004 7047     		bx	lr
 256              	.L31:
 257 0006 00BF     		.align	2
 258              	.L30:
 259 0008 00000000 		.word	.LANCHOR0
 261              		.section	.text.HAL_Delay,"ax",%progbits
 262              		.align	1
 263              		.weak	HAL_Delay
 264              		.syntax unified
 265              		.thumb
 266              		.thumb_func
 267              		.fpu fpv4-sp-d16
 269              	HAL_Delay:
 270              		@ args = 0, pretend = 0, frame = 0
 271              		@ frame_needed = 0, uses_anonymous_args = 0
 272 0000 38B5     		push	{r3, r4, r5, lr}
 273 0002 0446     		mov	r4, r0
 274 0004 FFF7FEFF 		bl	HAL_GetTick
 275 0008 631C     		adds	r3, r4, #1
 276 000a 1CBF     		itt	ne
 277 000c 054B     		ldrne	r3, .L39
 278 000e 1B78     		ldrbne	r3, [r3]	@ zero_extendqisi2
 279 0010 0546     		mov	r5, r0
 280 0012 18BF     		it	ne
 281 0014 E418     		addne	r4, r4, r3
 282              	.L34:
 283 0016 FFF7FEFF 		bl	HAL_GetTick
 284 001a 431B     		subs	r3, r0, r5
 285 001c A342     		cmp	r3, r4
 286 001e FAD3     		bcc	.L34
 287 0020 38BD     		pop	{r3, r4, r5, pc}
 288              	.L40:
 289 0022 00BF     		.align	2
 290              	.L39:
 291 0024 00000000 		.word	.LANCHOR0
 293              		.section	.text.HAL_SuspendTick,"ax",%progbits
 294              		.align	1
 295              		.weak	HAL_SuspendTick
 296              		.syntax unified
 297              		.thumb
 298              		.thumb_func
 299              		.fpu fpv4-sp-d16
 301              	HAL_SuspendTick:
 302              		@ args = 0, pretend = 0, frame = 0
 303              		@ frame_needed = 0, uses_anonymous_args = 0
 304              		@ link register save eliminated.
 305 0000 024A     		ldr	r2, .L42
 306 0002 1368     		ldr	r3, [r2]
 307 0004 23F00203 		bic	r3, r3, #2
 308 0008 1360     		str	r3, [r2]
ARM GAS  C:\Users\q-bir\AppData\Local\Temp\cchB5I2a.s 			page 6


 309 000a 7047     		bx	lr
 310              	.L43:
 311              		.align	2
 312              	.L42:
 313 000c 10E000E0 		.word	-536813552
 315              		.section	.text.HAL_ResumeTick,"ax",%progbits
 316              		.align	1
 317              		.weak	HAL_ResumeTick
 318              		.syntax unified
 319              		.thumb
 320              		.thumb_func
 321              		.fpu fpv4-sp-d16
 323              	HAL_ResumeTick:
 324              		@ args = 0, pretend = 0, frame = 0
 325              		@ frame_needed = 0, uses_anonymous_args = 0
 326              		@ link register save eliminated.
 327 0000 024A     		ldr	r2, .L45
 328 0002 1368     		ldr	r3, [r2]
 329 0004 43F00203 		orr	r3, r3, #2
 330 0008 1360     		str	r3, [r2]
 331 000a 7047     		bx	lr
 332              	.L46:
 333              		.align	2
 334              	.L45:
 335 000c 10E000E0 		.word	-536813552
 337              		.section	.text.HAL_GetHalVersion,"ax",%progbits
 338              		.align	1
 339              		.global	HAL_GetHalVersion
 340              		.syntax unified
 341              		.thumb
 342              		.thumb_func
 343              		.fpu fpv4-sp-d16
 345              	HAL_GetHalVersion:
 346              		@ args = 0, pretend = 0, frame = 0
 347              		@ frame_needed = 0, uses_anonymous_args = 0
 348              		@ link register save eliminated.
 349 0000 0048     		ldr	r0, .L48
 350 0002 7047     		bx	lr
 351              	.L49:
 352              		.align	2
 353              	.L48:
 354 0004 00020501 		.word	17105408
 356              		.section	.text.HAL_GetREVID,"ax",%progbits
 357              		.align	1
 358              		.global	HAL_GetREVID
 359              		.syntax unified
 360              		.thumb
 361              		.thumb_func
 362              		.fpu fpv4-sp-d16
 364              	HAL_GetREVID:
 365              		@ args = 0, pretend = 0, frame = 0
 366              		@ frame_needed = 0, uses_anonymous_args = 0
 367              		@ link register save eliminated.
 368 0000 014B     		ldr	r3, .L51
 369 0002 1868     		ldr	r0, [r3]
 370 0004 000C     		lsrs	r0, r0, #16
 371 0006 7047     		bx	lr
ARM GAS  C:\Users\q-bir\AppData\Local\Temp\cchB5I2a.s 			page 7


 372              	.L52:
 373              		.align	2
 374              	.L51:
 375 0008 002004E0 		.word	-536600576
 377              		.section	.text.HAL_GetDEVID,"ax",%progbits
 378              		.align	1
 379              		.global	HAL_GetDEVID
 380              		.syntax unified
 381              		.thumb
 382              		.thumb_func
 383              		.fpu fpv4-sp-d16
 385              	HAL_GetDEVID:
 386              		@ args = 0, pretend = 0, frame = 0
 387              		@ frame_needed = 0, uses_anonymous_args = 0
 388              		@ link register save eliminated.
 389 0000 024B     		ldr	r3, .L54
 390 0002 1868     		ldr	r0, [r3]
 391 0004 C0F30B00 		ubfx	r0, r0, #0, #12
 392 0008 7047     		bx	lr
 393              	.L55:
 394 000a 00BF     		.align	2
 395              	.L54:
 396 000c 002004E0 		.word	-536600576
 398              		.section	.text.HAL_GetUIDw0,"ax",%progbits
 399              		.align	1
 400              		.global	HAL_GetUIDw0
 401              		.syntax unified
 402              		.thumb
 403              		.thumb_func
 404              		.fpu fpv4-sp-d16
 406              	HAL_GetUIDw0:
 407              		@ args = 0, pretend = 0, frame = 0
 408              		@ frame_needed = 0, uses_anonymous_args = 0
 409              		@ link register save eliminated.
 410 0000 014B     		ldr	r3, .L57
 411 0002 1868     		ldr	r0, [r3]
 412 0004 7047     		bx	lr
 413              	.L58:
 414 0006 00BF     		.align	2
 415              	.L57:
 416 0008 ACF7FF1F 		.word	536868780
 418              		.section	.text.HAL_GetUIDw1,"ax",%progbits
 419              		.align	1
 420              		.global	HAL_GetUIDw1
 421              		.syntax unified
 422              		.thumb
 423              		.thumb_func
 424              		.fpu fpv4-sp-d16
 426              	HAL_GetUIDw1:
 427              		@ args = 0, pretend = 0, frame = 0
 428              		@ frame_needed = 0, uses_anonymous_args = 0
 429              		@ link register save eliminated.
 430 0000 014B     		ldr	r3, .L60
 431 0002 1868     		ldr	r0, [r3]
 432 0004 7047     		bx	lr
 433              	.L61:
 434 0006 00BF     		.align	2
ARM GAS  C:\Users\q-bir\AppData\Local\Temp\cchB5I2a.s 			page 8


 435              	.L60:
 436 0008 B0F7FF1F 		.word	536868784
 438              		.section	.text.HAL_GetUIDw2,"ax",%progbits
 439              		.align	1
 440              		.global	HAL_GetUIDw2
 441              		.syntax unified
 442              		.thumb
 443              		.thumb_func
 444              		.fpu fpv4-sp-d16
 446              	HAL_GetUIDw2:
 447              		@ args = 0, pretend = 0, frame = 0
 448              		@ frame_needed = 0, uses_anonymous_args = 0
 449              		@ link register save eliminated.
 450 0000 014B     		ldr	r3, .L63
 451 0002 1868     		ldr	r0, [r3]
 452 0004 7047     		bx	lr
 453              	.L64:
 454 0006 00BF     		.align	2
 455              	.L63:
 456 0008 B4F7FF1F 		.word	536868788
 458              		.section	.text.HAL_DBGMCU_EnableDBGSleepMode,"ax",%progbits
 459              		.align	1
 460              		.global	HAL_DBGMCU_EnableDBGSleepMode
 461              		.syntax unified
 462              		.thumb
 463              		.thumb_func
 464              		.fpu fpv4-sp-d16
 466              	HAL_DBGMCU_EnableDBGSleepMode:
 467              		@ args = 0, pretend = 0, frame = 0
 468              		@ frame_needed = 0, uses_anonymous_args = 0
 469              		@ link register save eliminated.
 470 0000 024A     		ldr	r2, .L66
 471 0002 5368     		ldr	r3, [r2, #4]
 472 0004 43F00103 		orr	r3, r3, #1
 473 0008 5360     		str	r3, [r2, #4]
 474 000a 7047     		bx	lr
 475              	.L67:
 476              		.align	2
 477              	.L66:
 478 000c 002004E0 		.word	-536600576
 480              		.section	.text.HAL_DBGMCU_DisableDBGSleepMode,"ax",%progbits
 481              		.align	1
 482              		.global	HAL_DBGMCU_DisableDBGSleepMode
 483              		.syntax unified
 484              		.thumb
 485              		.thumb_func
 486              		.fpu fpv4-sp-d16
 488              	HAL_DBGMCU_DisableDBGSleepMode:
 489              		@ args = 0, pretend = 0, frame = 0
 490              		@ frame_needed = 0, uses_anonymous_args = 0
 491              		@ link register save eliminated.
 492 0000 024A     		ldr	r2, .L69
 493 0002 5368     		ldr	r3, [r2, #4]
 494 0004 23F00103 		bic	r3, r3, #1
 495 0008 5360     		str	r3, [r2, #4]
 496 000a 7047     		bx	lr
 497              	.L70:
ARM GAS  C:\Users\q-bir\AppData\Local\Temp\cchB5I2a.s 			page 9


 498              		.align	2
 499              	.L69:
 500 000c 002004E0 		.word	-536600576
 502              		.section	.text.HAL_DBGMCU_EnableDBGStopMode,"ax",%progbits
 503              		.align	1
 504              		.global	HAL_DBGMCU_EnableDBGStopMode
 505              		.syntax unified
 506              		.thumb
 507              		.thumb_func
 508              		.fpu fpv4-sp-d16
 510              	HAL_DBGMCU_EnableDBGStopMode:
 511              		@ args = 0, pretend = 0, frame = 0
 512              		@ frame_needed = 0, uses_anonymous_args = 0
 513              		@ link register save eliminated.
 514 0000 024A     		ldr	r2, .L72
 515 0002 5368     		ldr	r3, [r2, #4]
 516 0004 43F00203 		orr	r3, r3, #2
 517 0008 5360     		str	r3, [r2, #4]
 518 000a 7047     		bx	lr
 519              	.L73:
 520              		.align	2
 521              	.L72:
 522 000c 002004E0 		.word	-536600576
 524              		.section	.text.HAL_DBGMCU_DisableDBGStopMode,"ax",%progbits
 525              		.align	1
 526              		.global	HAL_DBGMCU_DisableDBGStopMode
 527              		.syntax unified
 528              		.thumb
 529              		.thumb_func
 530              		.fpu fpv4-sp-d16
 532              	HAL_DBGMCU_DisableDBGStopMode:
 533              		@ args = 0, pretend = 0, frame = 0
 534              		@ frame_needed = 0, uses_anonymous_args = 0
 535              		@ link register save eliminated.
 536 0000 024A     		ldr	r2, .L75
 537 0002 5368     		ldr	r3, [r2, #4]
 538 0004 23F00203 		bic	r3, r3, #2
 539 0008 5360     		str	r3, [r2, #4]
 540 000a 7047     		bx	lr
 541              	.L76:
 542              		.align	2
 543              	.L75:
 544 000c 002004E0 		.word	-536600576
 546              		.section	.text.HAL_DBGMCU_EnableDBGStandbyMode,"ax",%progbits
 547              		.align	1
 548              		.global	HAL_DBGMCU_EnableDBGStandbyMode
 549              		.syntax unified
 550              		.thumb
 551              		.thumb_func
 552              		.fpu fpv4-sp-d16
 554              	HAL_DBGMCU_EnableDBGStandbyMode:
 555              		@ args = 0, pretend = 0, frame = 0
 556              		@ frame_needed = 0, uses_anonymous_args = 0
 557              		@ link register save eliminated.
 558 0000 024A     		ldr	r2, .L78
 559 0002 5368     		ldr	r3, [r2, #4]
 560 0004 43F00403 		orr	r3, r3, #4
ARM GAS  C:\Users\q-bir\AppData\Local\Temp\cchB5I2a.s 			page 10


 561 0008 5360     		str	r3, [r2, #4]
 562 000a 7047     		bx	lr
 563              	.L79:
 564              		.align	2
 565              	.L78:
 566 000c 002004E0 		.word	-536600576
 568              		.section	.text.HAL_DBGMCU_DisableDBGStandbyMode,"ax",%progbits
 569              		.align	1
 570              		.global	HAL_DBGMCU_DisableDBGStandbyMode
 571              		.syntax unified
 572              		.thumb
 573              		.thumb_func
 574              		.fpu fpv4-sp-d16
 576              	HAL_DBGMCU_DisableDBGStandbyMode:
 577              		@ args = 0, pretend = 0, frame = 0
 578              		@ frame_needed = 0, uses_anonymous_args = 0
 579              		@ link register save eliminated.
 580 0000 024A     		ldr	r2, .L81
 581 0002 5368     		ldr	r3, [r2, #4]
 582 0004 23F00403 		bic	r3, r3, #4
 583 0008 5360     		str	r3, [r2, #4]
 584 000a 7047     		bx	lr
 585              	.L82:
 586              		.align	2
 587              	.L81:
 588 000c 002004E0 		.word	-536600576
 590              		.global	uwTickFreq
 591              		.global	uwTickPrio
 592              		.comm	uwTick,4,4
 593              		.section	.data.uwTickFreq,"aw"
 594              		.set	.LANCHOR0,. + 0
 597              	uwTickFreq:
 598 0000 01       		.byte	1
 599              		.section	.data.uwTickPrio,"aw"
 600              		.align	2
 601              		.set	.LANCHOR1,. + 0
 604              	uwTickPrio:
 605 0000 10000000 		.word	16
 606              		.ident	"GCC: (GNU Arm Embedded Toolchain 9-2020-q2-update) 9.3.1 20200408 (release)"
ARM GAS  C:\Users\q-bir\AppData\Local\Temp\cchB5I2a.s 			page 11


DEFINED SYMBOLS
                            *ABS*:00000000 stm32f3xx_hal.c
C:\Users\q-bir\AppData\Local\Temp\cchB5I2a.s:16     .text.HAL_MspInit:00000000 $t
C:\Users\q-bir\AppData\Local\Temp\cchB5I2a.s:24     .text.HAL_MspInit:00000000 HAL_MspInit
C:\Users\q-bir\AppData\Local\Temp\cchB5I2a.s:31     .text.HAL_MspDeInit:00000000 $t
C:\Users\q-bir\AppData\Local\Temp\cchB5I2a.s:38     .text.HAL_MspDeInit:00000000 HAL_MspDeInit
C:\Users\q-bir\AppData\Local\Temp\cchB5I2a.s:45     .text.HAL_DeInit:00000000 $t
C:\Users\q-bir\AppData\Local\Temp\cchB5I2a.s:52     .text.HAL_DeInit:00000000 HAL_DeInit
C:\Users\q-bir\AppData\Local\Temp\cchB5I2a.s:71     .text.HAL_DeInit:00000020 $d
C:\Users\q-bir\AppData\Local\Temp\cchB5I2a.s:74     .text.HAL_InitTick:00000000 $t
C:\Users\q-bir\AppData\Local\Temp\cchB5I2a.s:81     .text.HAL_InitTick:00000000 HAL_InitTick
C:\Users\q-bir\AppData\Local\Temp\cchB5I2a.s:113    .text.HAL_InitTick:0000003c $d
C:\Users\q-bir\AppData\Local\Temp\cchB5I2a.s:118    .text.HAL_Init:00000000 $t
C:\Users\q-bir\AppData\Local\Temp\cchB5I2a.s:125    .text.HAL_Init:00000000 HAL_Init
C:\Users\q-bir\AppData\Local\Temp\cchB5I2a.s:143    .text.HAL_Init:00000020 $d
C:\Users\q-bir\AppData\Local\Temp\cchB5I2a.s:146    .text.HAL_IncTick:00000000 $t
C:\Users\q-bir\AppData\Local\Temp\cchB5I2a.s:153    .text.HAL_IncTick:00000000 HAL_IncTick
C:\Users\q-bir\AppData\Local\Temp\cchB5I2a.s:167    .text.HAL_IncTick:00000010 $d
                            *COM*:00000004 uwTick
C:\Users\q-bir\AppData\Local\Temp\cchB5I2a.s:171    .text.HAL_GetTick:00000000 $t
C:\Users\q-bir\AppData\Local\Temp\cchB5I2a.s:178    .text.HAL_GetTick:00000000 HAL_GetTick
C:\Users\q-bir\AppData\Local\Temp\cchB5I2a.s:188    .text.HAL_GetTick:00000008 $d
C:\Users\q-bir\AppData\Local\Temp\cchB5I2a.s:191    .text.HAL_GetTickPrio:00000000 $t
C:\Users\q-bir\AppData\Local\Temp\cchB5I2a.s:198    .text.HAL_GetTickPrio:00000000 HAL_GetTickPrio
C:\Users\q-bir\AppData\Local\Temp\cchB5I2a.s:208    .text.HAL_GetTickPrio:00000008 $d
C:\Users\q-bir\AppData\Local\Temp\cchB5I2a.s:211    .text.HAL_SetTickFreq:00000000 $t
C:\Users\q-bir\AppData\Local\Temp\cchB5I2a.s:218    .text.HAL_SetTickFreq:00000000 HAL_SetTickFreq
C:\Users\q-bir\AppData\Local\Temp\cchB5I2a.s:238    .text.HAL_SetTickFreq:0000001c $d
C:\Users\q-bir\AppData\Local\Temp\cchB5I2a.s:242    .text.HAL_GetTickFreq:00000000 $t
C:\Users\q-bir\AppData\Local\Temp\cchB5I2a.s:249    .text.HAL_GetTickFreq:00000000 HAL_GetTickFreq
C:\Users\q-bir\AppData\Local\Temp\cchB5I2a.s:259    .text.HAL_GetTickFreq:00000008 $d
C:\Users\q-bir\AppData\Local\Temp\cchB5I2a.s:262    .text.HAL_Delay:00000000 $t
C:\Users\q-bir\AppData\Local\Temp\cchB5I2a.s:269    .text.HAL_Delay:00000000 HAL_Delay
C:\Users\q-bir\AppData\Local\Temp\cchB5I2a.s:291    .text.HAL_Delay:00000024 $d
C:\Users\q-bir\AppData\Local\Temp\cchB5I2a.s:294    .text.HAL_SuspendTick:00000000 $t
C:\Users\q-bir\AppData\Local\Temp\cchB5I2a.s:301    .text.HAL_SuspendTick:00000000 HAL_SuspendTick
C:\Users\q-bir\AppData\Local\Temp\cchB5I2a.s:313    .text.HAL_SuspendTick:0000000c $d
C:\Users\q-bir\AppData\Local\Temp\cchB5I2a.s:316    .text.HAL_ResumeTick:00000000 $t
C:\Users\q-bir\AppData\Local\Temp\cchB5I2a.s:323    .text.HAL_ResumeTick:00000000 HAL_ResumeTick
C:\Users\q-bir\AppData\Local\Temp\cchB5I2a.s:335    .text.HAL_ResumeTick:0000000c $d
C:\Users\q-bir\AppData\Local\Temp\cchB5I2a.s:338    .text.HAL_GetHalVersion:00000000 $t
C:\Users\q-bir\AppData\Local\Temp\cchB5I2a.s:345    .text.HAL_GetHalVersion:00000000 HAL_GetHalVersion
C:\Users\q-bir\AppData\Local\Temp\cchB5I2a.s:354    .text.HAL_GetHalVersion:00000004 $d
C:\Users\q-bir\AppData\Local\Temp\cchB5I2a.s:357    .text.HAL_GetREVID:00000000 $t
C:\Users\q-bir\AppData\Local\Temp\cchB5I2a.s:364    .text.HAL_GetREVID:00000000 HAL_GetREVID
C:\Users\q-bir\AppData\Local\Temp\cchB5I2a.s:375    .text.HAL_GetREVID:00000008 $d
C:\Users\q-bir\AppData\Local\Temp\cchB5I2a.s:378    .text.HAL_GetDEVID:00000000 $t
C:\Users\q-bir\AppData\Local\Temp\cchB5I2a.s:385    .text.HAL_GetDEVID:00000000 HAL_GetDEVID
C:\Users\q-bir\AppData\Local\Temp\cchB5I2a.s:396    .text.HAL_GetDEVID:0000000c $d
C:\Users\q-bir\AppData\Local\Temp\cchB5I2a.s:399    .text.HAL_GetUIDw0:00000000 $t
C:\Users\q-bir\AppData\Local\Temp\cchB5I2a.s:406    .text.HAL_GetUIDw0:00000000 HAL_GetUIDw0
C:\Users\q-bir\AppData\Local\Temp\cchB5I2a.s:416    .text.HAL_GetUIDw0:00000008 $d
C:\Users\q-bir\AppData\Local\Temp\cchB5I2a.s:419    .text.HAL_GetUIDw1:00000000 $t
C:\Users\q-bir\AppData\Local\Temp\cchB5I2a.s:426    .text.HAL_GetUIDw1:00000000 HAL_GetUIDw1
C:\Users\q-bir\AppData\Local\Temp\cchB5I2a.s:436    .text.HAL_GetUIDw1:00000008 $d
C:\Users\q-bir\AppData\Local\Temp\cchB5I2a.s:439    .text.HAL_GetUIDw2:00000000 $t
C:\Users\q-bir\AppData\Local\Temp\cchB5I2a.s:446    .text.HAL_GetUIDw2:00000000 HAL_GetUIDw2
ARM GAS  C:\Users\q-bir\AppData\Local\Temp\cchB5I2a.s 			page 12


C:\Users\q-bir\AppData\Local\Temp\cchB5I2a.s:456    .text.HAL_GetUIDw2:00000008 $d
C:\Users\q-bir\AppData\Local\Temp\cchB5I2a.s:459    .text.HAL_DBGMCU_EnableDBGSleepMode:00000000 $t
C:\Users\q-bir\AppData\Local\Temp\cchB5I2a.s:466    .text.HAL_DBGMCU_EnableDBGSleepMode:00000000 HAL_DBGMCU_EnableDBGSleepMode
C:\Users\q-bir\AppData\Local\Temp\cchB5I2a.s:478    .text.HAL_DBGMCU_EnableDBGSleepMode:0000000c $d
C:\Users\q-bir\AppData\Local\Temp\cchB5I2a.s:481    .text.HAL_DBGMCU_DisableDBGSleepMode:00000000 $t
C:\Users\q-bir\AppData\Local\Temp\cchB5I2a.s:488    .text.HAL_DBGMCU_DisableDBGSleepMode:00000000 HAL_DBGMCU_DisableDBGSleepMode
C:\Users\q-bir\AppData\Local\Temp\cchB5I2a.s:500    .text.HAL_DBGMCU_DisableDBGSleepMode:0000000c $d
C:\Users\q-bir\AppData\Local\Temp\cchB5I2a.s:503    .text.HAL_DBGMCU_EnableDBGStopMode:00000000 $t
C:\Users\q-bir\AppData\Local\Temp\cchB5I2a.s:510    .text.HAL_DBGMCU_EnableDBGStopMode:00000000 HAL_DBGMCU_EnableDBGStopMode
C:\Users\q-bir\AppData\Local\Temp\cchB5I2a.s:522    .text.HAL_DBGMCU_EnableDBGStopMode:0000000c $d
C:\Users\q-bir\AppData\Local\Temp\cchB5I2a.s:525    .text.HAL_DBGMCU_DisableDBGStopMode:00000000 $t
C:\Users\q-bir\AppData\Local\Temp\cchB5I2a.s:532    .text.HAL_DBGMCU_DisableDBGStopMode:00000000 HAL_DBGMCU_DisableDBGStopMode
C:\Users\q-bir\AppData\Local\Temp\cchB5I2a.s:544    .text.HAL_DBGMCU_DisableDBGStopMode:0000000c $d
C:\Users\q-bir\AppData\Local\Temp\cchB5I2a.s:547    .text.HAL_DBGMCU_EnableDBGStandbyMode:00000000 $t
C:\Users\q-bir\AppData\Local\Temp\cchB5I2a.s:554    .text.HAL_DBGMCU_EnableDBGStandbyMode:00000000 HAL_DBGMCU_EnableDBGStandbyMode
C:\Users\q-bir\AppData\Local\Temp\cchB5I2a.s:566    .text.HAL_DBGMCU_EnableDBGStandbyMode:0000000c $d
C:\Users\q-bir\AppData\Local\Temp\cchB5I2a.s:569    .text.HAL_DBGMCU_DisableDBGStandbyMode:00000000 $t
C:\Users\q-bir\AppData\Local\Temp\cchB5I2a.s:576    .text.HAL_DBGMCU_DisableDBGStandbyMode:00000000 HAL_DBGMCU_DisableDBGStandbyMode
C:\Users\q-bir\AppData\Local\Temp\cchB5I2a.s:588    .text.HAL_DBGMCU_DisableDBGStandbyMode:0000000c $d
C:\Users\q-bir\AppData\Local\Temp\cchB5I2a.s:597    .data.uwTickFreq:00000000 uwTickFreq
C:\Users\q-bir\AppData\Local\Temp\cchB5I2a.s:604    .data.uwTickPrio:00000000 uwTickPrio
C:\Users\q-bir\AppData\Local\Temp\cchB5I2a.s:600    .data.uwTickPrio:00000000 $d

UNDEFINED SYMBOLS
HAL_SYSTICK_Config
HAL_NVIC_SetPriority
SystemCoreClock
HAL_NVIC_SetPriorityGrouping
