ARM GAS  C:\Users\gyoku\AppData\Local\Temp\ccZPai6o.s 			page 1


   1              		.cpu cortex-m4
   2              		.eabi_attribute 27, 1
   3              		.eabi_attribute 28, 1
   4              		.eabi_attribute 20, 1
   5              		.eabi_attribute 21, 1
   6              		.eabi_attribute 23, 3
   7              		.eabi_attribute 24, 1
   8              		.eabi_attribute 25, 1
   9              		.eabi_attribute 26, 1
  10              		.eabi_attribute 30, 4
  11              		.eabi_attribute 34, 1
  12              		.eabi_attribute 18, 4
  13              		.file	"stm32f3xx_hal_gpio.c"
  14              		.text
  15              		.section	.text.HAL_GPIO_Init,"ax",%progbits
  16              		.align	1
  17              		.global	HAL_GPIO_Init
  18              		.arch armv7e-m
  19              		.syntax unified
  20              		.thumb
  21              		.thumb_func
  22              		.fpu fpv4-sp-d16
  24              	HAL_GPIO_Init:
  25              		@ args = 0, pretend = 0, frame = 16
  26              		@ frame_needed = 0, uses_anonymous_args = 0
  27 0000 2DE9F04F 		push	{r4, r5, r6, r7, r8, r9, r10, fp, lr}
  28 0004 85B0     		sub	sp, sp, #20
  29 0006 0B68     		ldr	r3, [r1]
  30 0008 DFF86481 		ldr	r8, .L25+8
  31 000c 564A     		ldr	r2, .L25
  32 000e 0193     		str	r3, [sp, #4]
  33 0010 4FF00F09 		mov	r9, #15
  34 0014 0023     		movs	r3, #0
  35              	.L2:
  36 0016 019C     		ldr	r4, [sp, #4]
  37 0018 DC40     		lsrs	r4, r4, r3
  38 001a 02D1     		bne	.L17
  39 001c 05B0     		add	sp, sp, #20
  40              		@ sp needed
  41 001e BDE8F08F 		pop	{r4, r5, r6, r7, r8, r9, r10, fp, pc}
  42              	.L17:
  43 0022 0124     		movs	r4, #1
  44 0024 04FA03FA 		lsl	r10, r4, r3
  45 0028 019C     		ldr	r4, [sp, #4]
  46 002a 1AEA0405 		ands	r5, r10, r4
  47 002e 00F09380 		beq	.L4
  48 0032 4C68     		ldr	r4, [r1, #4]
  49 0034 24F0100B 		bic	fp, r4, #16
  50 0038 BBF1020F 		cmp	fp, #2
  51 003c 11D1     		bne	.L5
  52 003e DF08     		lsrs	r7, r3, #3
  53 0040 00EB8707 		add	r7, r0, r7, lsl #2
  54 0044 03F0070C 		and	ip, r3, #7
  55 0048 3E6A     		ldr	r6, [r7, #32]
  56 004a 4FEA8C0C 		lsl	ip, ip, #2
  57 004e 09FA0CFE 		lsl	lr, r9, ip
  58 0052 26EA0E0E 		bic	lr, r6, lr
ARM GAS  C:\Users\gyoku\AppData\Local\Temp\ccZPai6o.s 			page 2


  59 0056 0E69     		ldr	r6, [r1, #16]
  60 0058 06FA0CF6 		lsl	r6, r6, ip
  61 005c 46EA0E06 		orr	r6, r6, lr
  62 0060 3E62     		str	r6, [r7, #32]
  63              	.L5:
  64 0062 4FEA430E 		lsl	lr, r3, #1
  65 0066 0327     		movs	r7, #3
  66 0068 0668     		ldr	r6, [r0]
  67 006a 07FA0EF7 		lsl	r7, r7, lr
  68 006e FF43     		mvns	r7, r7
  69 0070 04F0030C 		and	ip, r4, #3
  70 0074 3E40     		ands	r6, r6, r7
  71 0076 0CFA0EFC 		lsl	ip, ip, lr
  72 007a 0BF1FF3B 		add	fp, fp, #-1
  73 007e 4CEA0606 		orr	r6, ip, r6
  74 0082 BBF1010F 		cmp	fp, #1
  75 0086 0660     		str	r6, [r0]
  76 0088 11D8     		bhi	.L6
  77 008a 8668     		ldr	r6, [r0, #8]
  78 008c 06EA070B 		and	fp, r6, r7
  79 0090 CE68     		ldr	r6, [r1, #12]
  80 0092 06FA0EFC 		lsl	ip, r6, lr
  81 0096 4CEA0B06 		orr	r6, ip, fp
  82 009a 8660     		str	r6, [r0, #8]
  83 009c 4668     		ldr	r6, [r0, #4]
  84 009e 26EA0A0A 		bic	r10, r6, r10
  85 00a2 C4F30016 		ubfx	r6, r4, #4, #1
  86 00a6 9E40     		lsls	r6, r6, r3
  87 00a8 46EA0A06 		orr	r6, r6, r10
  88 00ac 4660     		str	r6, [r0, #4]
  89              	.L6:
  90 00ae C668     		ldr	r6, [r0, #12]
  91 00b0 3740     		ands	r7, r7, r6
  92 00b2 8E68     		ldr	r6, [r1, #8]
  93 00b4 06FA0EF6 		lsl	r6, r6, lr
  94 00b8 3743     		orrs	r7, r7, r6
  95 00ba E600     		lsls	r6, r4, #3
  96 00bc C760     		str	r7, [r0, #12]
  97 00be 4BD5     		bpl	.L4
  98 00c0 D8F81860 		ldr	r6, [r8, #24]
  99 00c4 46F00106 		orr	r6, r6, #1
 100 00c8 C8F81860 		str	r6, [r8, #24]
 101 00cc D8F81860 		ldr	r6, [r8, #24]
 102 00d0 23F00307 		bic	r7, r3, #3
 103 00d4 07F18047 		add	r7, r7, #1073741824
 104 00d8 06F00106 		and	r6, r6, #1
 105 00dc 07F58037 		add	r7, r7, #65536
 106 00e0 0396     		str	r6, [sp, #12]
 107 00e2 03F0030C 		and	ip, r3, #3
 108 00e6 039E     		ldr	r6, [sp, #12]
 109 00e8 BE68     		ldr	r6, [r7, #8]
 110 00ea 4FEA8C0C 		lsl	ip, ip, #2
 111 00ee 09FA0CFE 		lsl	lr, r9, ip
 112 00f2 B0F1904F 		cmp	r0, #1207959552
 113 00f6 26EA0E0E 		bic	lr, r6, lr
 114 00fa 2FD0     		beq	.L18
 115 00fc 1B4E     		ldr	r6, .L25+4
ARM GAS  C:\Users\gyoku\AppData\Local\Temp\ccZPai6o.s 			page 3


 116 00fe B042     		cmp	r0, r6
 117 0100 2ED0     		beq	.L19
 118 0102 06F58066 		add	r6, r6, #1024
 119 0106 B042     		cmp	r0, r6
 120 0108 2CD0     		beq	.L20
 121 010a 06F58066 		add	r6, r6, #1024
 122 010e B042     		cmp	r0, r6
 123 0110 0CBF     		ite	eq
 124 0112 0326     		moveq	r6, #3
 125 0114 0526     		movne	r6, #5
 126              	.L8:
 127 0116 06FA0CF6 		lsl	r6, r6, ip
 128 011a 46EA0E06 		orr	r6, r6, lr
 129 011e BE60     		str	r6, [r7, #8]
 130 0120 1668     		ldr	r6, [r2]
 131 0122 EF43     		mvns	r7, r5
 132 0124 14F4803F 		tst	r4, #65536
 133 0128 0CBF     		ite	eq
 134 012a 3E40     		andeq	r6, r6, r7
 135 012c 2E43     		orrne	r6, r6, r5
 136 012e 1660     		str	r6, [r2]
 137 0130 5668     		ldr	r6, [r2, #4]
 138 0132 14F4003F 		tst	r4, #131072
 139 0136 0CBF     		ite	eq
 140 0138 3E40     		andeq	r6, r6, r7
 141 013a 2E43     		orrne	r6, r6, r5
 142 013c 5660     		str	r6, [r2, #4]
 143 013e 9668     		ldr	r6, [r2, #8]
 144 0140 14F4801F 		tst	r4, #1048576
 145 0144 0CBF     		ite	eq
 146 0146 3E40     		andeq	r6, r6, r7
 147 0148 2E43     		orrne	r6, r6, r5
 148 014a 9660     		str	r6, [r2, #8]
 149 014c D668     		ldr	r6, [r2, #12]
 150 014e A402     		lsls	r4, r4, #10
 151 0150 54BF     		ite	pl
 152 0152 3E40     		andpl	r6, r6, r7
 153 0154 2E43     		orrmi	r6, r6, r5
 154 0156 D660     		str	r6, [r2, #12]
 155              	.L4:
 156 0158 0133     		adds	r3, r3, #1
 157 015a 5CE7     		b	.L2
 158              	.L18:
 159 015c 0026     		movs	r6, #0
 160 015e DAE7     		b	.L8
 161              	.L19:
 162 0160 0126     		movs	r6, #1
 163 0162 D8E7     		b	.L8
 164              	.L20:
 165 0164 0226     		movs	r6, #2
 166 0166 D6E7     		b	.L8
 167              	.L26:
 168              		.align	2
 169              	.L25:
 170 0168 00040140 		.word	1073808384
 171 016c 00040048 		.word	1207960576
 172 0170 00100240 		.word	1073876992
ARM GAS  C:\Users\gyoku\AppData\Local\Temp\ccZPai6o.s 			page 4


 174              		.section	.text.HAL_GPIO_DeInit,"ax",%progbits
 175              		.align	1
 176              		.global	HAL_GPIO_DeInit
 177              		.syntax unified
 178              		.thumb
 179              		.thumb_func
 180              		.fpu fpv4-sp-d16
 182              	HAL_GPIO_DeInit:
 183              		@ args = 0, pretend = 0, frame = 0
 184              		@ frame_needed = 0, uses_anonymous_args = 0
 185 0000 2DE9F04F 		push	{r4, r5, r6, r7, r8, r9, r10, fp, lr}
 186 0004 344C     		ldr	r4, .L38
 187 0006 DFF8D890 		ldr	r9, .L38+8
 188 000a 0023     		movs	r3, #0
 189 000c 4FF0010E 		mov	lr, #1
 190 0010 4FF00308 		mov	r8, #3
 191 0014 4FF00F0C 		mov	ip, #15
 192              	.L28:
 193 0018 31FA03F2 		lsrs	r2, r1, r3
 194 001c 01D1     		bne	.L33
 195 001e BDE8F08F 		pop	{r4, r5, r6, r7, r8, r9, r10, fp, pc}
 196              	.L33:
 197 0022 0EFA03FA 		lsl	r10, lr, r3
 198 0026 1AEA0105 		ands	r5, r10, r1
 199 002a 4DD0     		beq	.L30
 200 002c 5A00     		lsls	r2, r3, #1
 201 002e 0668     		ldr	r6, [r0]
 202 0030 08FA02F2 		lsl	r2, r8, r2
 203 0034 D243     		mvns	r2, r2
 204 0036 DF08     		lsrs	r7, r3, #3
 205 0038 1640     		ands	r6, r6, r2
 206 003a 00EB8707 		add	r7, r0, r7, lsl #2
 207 003e 0660     		str	r6, [r0]
 208 0040 03F00706 		and	r6, r3, #7
 209 0044 D7F820B0 		ldr	fp, [r7, #32]
 210 0048 B600     		lsls	r6, r6, #2
 211 004a 0CFA06F6 		lsl	r6, ip, r6
 212 004e 2BEA0606 		bic	r6, fp, r6
 213 0052 3E62     		str	r6, [r7, #32]
 214 0054 8668     		ldr	r6, [r0, #8]
 215 0056 1640     		ands	r6, r6, r2
 216 0058 8660     		str	r6, [r0, #8]
 217 005a 4668     		ldr	r6, [r0, #4]
 218 005c 26EA0A06 		bic	r6, r6, r10
 219 0060 4660     		str	r6, [r0, #4]
 220 0062 C668     		ldr	r6, [r0, #12]
 221 0064 3240     		ands	r2, r2, r6
 222 0066 C260     		str	r2, [r0, #12]
 223 0068 23F00302 		bic	r2, r3, #3
 224 006c 02F18042 		add	r2, r2, #1073741824
 225 0070 02F58032 		add	r2, r2, #65536
 226 0074 03F00307 		and	r7, r3, #3
 227 0078 9668     		ldr	r6, [r2, #8]
 228 007a BF00     		lsls	r7, r7, #2
 229 007c 0CFA07FB 		lsl	fp, ip, r7
 230 0080 B0F1904F 		cmp	r0, #1207959552
 231 0084 0BEA060A 		and	r10, fp, r6
ARM GAS  C:\Users\gyoku\AppData\Local\Temp\ccZPai6o.s 			page 5


 232 0088 20D0     		beq	.L34
 233 008a 144E     		ldr	r6, .L38+4
 234 008c B042     		cmp	r0, r6
 235 008e 1FD0     		beq	.L35
 236 0090 06F58066 		add	r6, r6, #1024
 237 0094 B042     		cmp	r0, r6
 238 0096 1DD0     		beq	.L36
 239 0098 4845     		cmp	r0, r9
 240 009a 0CBF     		ite	eq
 241 009c 0326     		moveq	r6, #3
 242 009e 0526     		movne	r6, #5
 243              	.L31:
 244 00a0 BE40     		lsls	r6, r6, r7
 245 00a2 5645     		cmp	r6, r10
 246 00a4 10D1     		bne	.L30
 247 00a6 9668     		ldr	r6, [r2, #8]
 248 00a8 26EA0B06 		bic	r6, r6, fp
 249 00ac 9660     		str	r6, [r2, #8]
 250 00ae 2268     		ldr	r2, [r4]
 251 00b0 ED43     		mvns	r5, r5
 252 00b2 2A40     		ands	r2, r2, r5
 253 00b4 2260     		str	r2, [r4]
 254 00b6 6268     		ldr	r2, [r4, #4]
 255 00b8 2A40     		ands	r2, r2, r5
 256 00ba 6260     		str	r2, [r4, #4]
 257 00bc A268     		ldr	r2, [r4, #8]
 258 00be 2A40     		ands	r2, r2, r5
 259 00c0 A260     		str	r2, [r4, #8]
 260 00c2 E268     		ldr	r2, [r4, #12]
 261 00c4 1540     		ands	r5, r5, r2
 262 00c6 E560     		str	r5, [r4, #12]
 263              	.L30:
 264 00c8 0133     		adds	r3, r3, #1
 265 00ca A5E7     		b	.L28
 266              	.L34:
 267 00cc 0026     		movs	r6, #0
 268 00ce E7E7     		b	.L31
 269              	.L35:
 270 00d0 0126     		movs	r6, #1
 271 00d2 E5E7     		b	.L31
 272              	.L36:
 273 00d4 0226     		movs	r6, #2
 274 00d6 E3E7     		b	.L31
 275              	.L39:
 276              		.align	2
 277              	.L38:
 278 00d8 00040140 		.word	1073808384
 279 00dc 00040048 		.word	1207960576
 280 00e0 000C0048 		.word	1207962624
 282              		.section	.text.HAL_GPIO_ReadPin,"ax",%progbits
 283              		.align	1
 284              		.global	HAL_GPIO_ReadPin
 285              		.syntax unified
 286              		.thumb
 287              		.thumb_func
 288              		.fpu fpv4-sp-d16
 290              	HAL_GPIO_ReadPin:
ARM GAS  C:\Users\gyoku\AppData\Local\Temp\ccZPai6o.s 			page 6


 291              		@ args = 0, pretend = 0, frame = 0
 292              		@ frame_needed = 0, uses_anonymous_args = 0
 293              		@ link register save eliminated.
 294 0000 0369     		ldr	r3, [r0, #16]
 295 0002 1942     		tst	r1, r3
 296 0004 14BF     		ite	ne
 297 0006 0120     		movne	r0, #1
 298 0008 0020     		moveq	r0, #0
 299 000a 7047     		bx	lr
 301              		.section	.text.HAL_GPIO_WritePin,"ax",%progbits
 302              		.align	1
 303              		.global	HAL_GPIO_WritePin
 304              		.syntax unified
 305              		.thumb
 306              		.thumb_func
 307              		.fpu fpv4-sp-d16
 309              	HAL_GPIO_WritePin:
 310              		@ args = 0, pretend = 0, frame = 0
 311              		@ frame_needed = 0, uses_anonymous_args = 0
 312              		@ link register save eliminated.
 313 0000 0AB1     		cbz	r2, .L42
 314 0002 8161     		str	r1, [r0, #24]
 315 0004 7047     		bx	lr
 316              	.L42:
 317 0006 8162     		str	r1, [r0, #40]
 318 0008 7047     		bx	lr
 320              		.section	.text.HAL_GPIO_TogglePin,"ax",%progbits
 321              		.align	1
 322              		.global	HAL_GPIO_TogglePin
 323              		.syntax unified
 324              		.thumb
 325              		.thumb_func
 326              		.fpu fpv4-sp-d16
 328              	HAL_GPIO_TogglePin:
 329              		@ args = 0, pretend = 0, frame = 0
 330              		@ frame_needed = 0, uses_anonymous_args = 0
 331              		@ link register save eliminated.
 332 0000 4369     		ldr	r3, [r0, #20]
 333 0002 5940     		eors	r1, r1, r3
 334 0004 4161     		str	r1, [r0, #20]
 335 0006 7047     		bx	lr
 337              		.section	.text.HAL_GPIO_LockPin,"ax",%progbits
 338              		.align	1
 339              		.global	HAL_GPIO_LockPin
 340              		.syntax unified
 341              		.thumb
 342              		.thumb_func
 343              		.fpu fpv4-sp-d16
 345              	HAL_GPIO_LockPin:
 346              		@ args = 0, pretend = 0, frame = 8
 347              		@ frame_needed = 0, uses_anonymous_args = 0
 348              		@ link register save eliminated.
 349 0000 82B0     		sub	sp, sp, #8
 350 0002 4FF48033 		mov	r3, #65536
 351 0006 0193     		str	r3, [sp, #4]
 352 0008 019B     		ldr	r3, [sp, #4]
 353 000a 0B43     		orrs	r3, r3, r1
ARM GAS  C:\Users\gyoku\AppData\Local\Temp\ccZPai6o.s 			page 7


 354 000c 0193     		str	r3, [sp, #4]
 355 000e 019B     		ldr	r3, [sp, #4]
 356 0010 C361     		str	r3, [r0, #28]
 357 0012 C161     		str	r1, [r0, #28]
 358 0014 019B     		ldr	r3, [sp, #4]
 359 0016 C361     		str	r3, [r0, #28]
 360 0018 C369     		ldr	r3, [r0, #28]
 361 001a 0193     		str	r3, [sp, #4]
 362 001c C069     		ldr	r0, [r0, #28]
 363 001e 80F48030 		eor	r0, r0, #65536
 364 0022 C0F30040 		ubfx	r0, r0, #16, #1
 365 0026 02B0     		add	sp, sp, #8
 366              		@ sp needed
 367 0028 7047     		bx	lr
 369              		.section	.text.HAL_GPIO_EXTI_Callback,"ax",%progbits
 370              		.align	1
 371              		.weak	HAL_GPIO_EXTI_Callback
 372              		.syntax unified
 373              		.thumb
 374              		.thumb_func
 375              		.fpu fpv4-sp-d16
 377              	HAL_GPIO_EXTI_Callback:
 378              		@ args = 0, pretend = 0, frame = 0
 379              		@ frame_needed = 0, uses_anonymous_args = 0
 380              		@ link register save eliminated.
 381 0000 7047     		bx	lr
 383              		.section	.text.HAL_GPIO_EXTI_IRQHandler,"ax",%progbits
 384              		.align	1
 385              		.global	HAL_GPIO_EXTI_IRQHandler
 386              		.syntax unified
 387              		.thumb
 388              		.thumb_func
 389              		.fpu fpv4-sp-d16
 391              	HAL_GPIO_EXTI_IRQHandler:
 392              		@ args = 0, pretend = 0, frame = 0
 393              		@ frame_needed = 0, uses_anonymous_args = 0
 394 0000 08B5     		push	{r3, lr}
 395 0002 044B     		ldr	r3, .L52
 396 0004 5969     		ldr	r1, [r3, #20]
 397 0006 0142     		tst	r1, r0
 398 0008 02D0     		beq	.L47
 399 000a 5861     		str	r0, [r3, #20]
 400 000c FFF7FEFF 		bl	HAL_GPIO_EXTI_Callback
 401              	.L47:
 402 0010 08BD     		pop	{r3, pc}
 403              	.L53:
 404 0012 00BF     		.align	2
 405              	.L52:
 406 0014 00040140 		.word	1073808384
 408              		.ident	"GCC: (GNU MCU Eclipse ARM Embedded GCC, 64-bit) 8.2.1 20181213 (release) [gcc-8-branch rev
ARM GAS  C:\Users\gyoku\AppData\Local\Temp\ccZPai6o.s 			page 8


DEFINED SYMBOLS
                            *ABS*:0000000000000000 stm32f3xx_hal_gpio.c
C:\Users\gyoku\AppData\Local\Temp\ccZPai6o.s:16     .text.HAL_GPIO_Init:0000000000000000 $t
C:\Users\gyoku\AppData\Local\Temp\ccZPai6o.s:24     .text.HAL_GPIO_Init:0000000000000000 HAL_GPIO_Init
C:\Users\gyoku\AppData\Local\Temp\ccZPai6o.s:170    .text.HAL_GPIO_Init:0000000000000168 $d
C:\Users\gyoku\AppData\Local\Temp\ccZPai6o.s:175    .text.HAL_GPIO_DeInit:0000000000000000 $t
C:\Users\gyoku\AppData\Local\Temp\ccZPai6o.s:182    .text.HAL_GPIO_DeInit:0000000000000000 HAL_GPIO_DeInit
C:\Users\gyoku\AppData\Local\Temp\ccZPai6o.s:278    .text.HAL_GPIO_DeInit:00000000000000d8 $d
C:\Users\gyoku\AppData\Local\Temp\ccZPai6o.s:283    .text.HAL_GPIO_ReadPin:0000000000000000 $t
C:\Users\gyoku\AppData\Local\Temp\ccZPai6o.s:290    .text.HAL_GPIO_ReadPin:0000000000000000 HAL_GPIO_ReadPin
C:\Users\gyoku\AppData\Local\Temp\ccZPai6o.s:302    .text.HAL_GPIO_WritePin:0000000000000000 $t
C:\Users\gyoku\AppData\Local\Temp\ccZPai6o.s:309    .text.HAL_GPIO_WritePin:0000000000000000 HAL_GPIO_WritePin
C:\Users\gyoku\AppData\Local\Temp\ccZPai6o.s:321    .text.HAL_GPIO_TogglePin:0000000000000000 $t
C:\Users\gyoku\AppData\Local\Temp\ccZPai6o.s:328    .text.HAL_GPIO_TogglePin:0000000000000000 HAL_GPIO_TogglePin
C:\Users\gyoku\AppData\Local\Temp\ccZPai6o.s:338    .text.HAL_GPIO_LockPin:0000000000000000 $t
C:\Users\gyoku\AppData\Local\Temp\ccZPai6o.s:345    .text.HAL_GPIO_LockPin:0000000000000000 HAL_GPIO_LockPin
C:\Users\gyoku\AppData\Local\Temp\ccZPai6o.s:370    .text.HAL_GPIO_EXTI_Callback:0000000000000000 $t
C:\Users\gyoku\AppData\Local\Temp\ccZPai6o.s:377    .text.HAL_GPIO_EXTI_Callback:0000000000000000 HAL_GPIO_EXTI_Callback
C:\Users\gyoku\AppData\Local\Temp\ccZPai6o.s:384    .text.HAL_GPIO_EXTI_IRQHandler:0000000000000000 $t
C:\Users\gyoku\AppData\Local\Temp\ccZPai6o.s:391    .text.HAL_GPIO_EXTI_IRQHandler:0000000000000000 HAL_GPIO_EXTI_IRQHandler
C:\Users\gyoku\AppData\Local\Temp\ccZPai6o.s:406    .text.HAL_GPIO_EXTI_IRQHandler:0000000000000014 $d

NO UNDEFINED SYMBOLS
