ARM GAS  C:\Users\gyoku\AppData\Local\Temp\cc6seQzW.s 			page 1


   1              		.cpu cortex-m4
   2              		.eabi_attribute 27, 1
   3              		.eabi_attribute 28, 1
   4              		.eabi_attribute 20, 1
   5              		.eabi_attribute 21, 1
   6              		.eabi_attribute 23, 3
   7              		.eabi_attribute 24, 1
   8              		.eabi_attribute 25, 1
   9              		.eabi_attribute 26, 1
  10              		.eabi_attribute 30, 4
  11              		.eabi_attribute 34, 1
  12              		.eabi_attribute 18, 4
  13              		.file	"stm32f3xx_hal_tim_ex.c"
  14              		.text
  15              		.section	.text.TIM_CCxNChannelCmd,"ax",%progbits
  16              		.align	1
  17              		.arch armv7e-m
  18              		.syntax unified
  19              		.thumb
  20              		.thumb_func
  21              		.fpu fpv4-sp-d16
  23              	TIM_CCxNChannelCmd:
  24              		@ args = 0, pretend = 0, frame = 0
  25              		@ frame_needed = 0, uses_anonymous_args = 0
  26 0000 036A     		ldr	r3, [r0, #32]
  27 0002 10B5     		push	{r4, lr}
  28 0004 0424     		movs	r4, #4
  29 0006 8C40     		lsls	r4, r4, r1
  30 0008 23EA0403 		bic	r3, r3, r4
  31 000c 0362     		str	r3, [r0, #32]
  32 000e 036A     		ldr	r3, [r0, #32]
  33 0010 8A40     		lsls	r2, r2, r1
  34 0012 1A43     		orrs	r2, r2, r3
  35 0014 0262     		str	r2, [r0, #32]
  36 0016 10BD     		pop	{r4, pc}
  38              		.section	.text.TIM_OC5_SetConfig,"ax",%progbits
  39              		.align	1
  40              		.syntax unified
  41              		.thumb
  42              		.thumb_func
  43              		.fpu fpv4-sp-d16
  45              	TIM_OC5_SetConfig:
  46              		@ args = 0, pretend = 0, frame = 0
  47              		@ frame_needed = 0, uses_anonymous_args = 0
  48 0000 036A     		ldr	r3, [r0, #32]
  49 0002 23F48033 		bic	r3, r3, #65536
  50 0006 0362     		str	r3, [r0, #32]
  51 0008 026A     		ldr	r2, [r0, #32]
  52 000a 30B5     		push	{r4, r5, lr}
  53 000c 4468     		ldr	r4, [r0, #4]
  54 000e 436D     		ldr	r3, [r0, #84]
  55 0010 0D68     		ldr	r5, [r1]
  56 0012 23F48033 		bic	r3, r3, #65536
  57 0016 23F07003 		bic	r3, r3, #112
  58 001a 2B43     		orrs	r3, r3, r5
  59 001c 8D68     		ldr	r5, [r1, #8]
  60 001e 22F40032 		bic	r2, r2, #131072
ARM GAS  C:\Users\gyoku\AppData\Local\Temp\cc6seQzW.s 			page 2


  61 0022 42EA0542 		orr	r2, r2, r5, lsl #16
  62 0026 0D4D     		ldr	r5, .L5
  63 0028 A842     		cmp	r0, r5
  64 002a 0BD0     		beq	.L3
  65 002c 05F5A055 		add	r5, r5, #5120
  66 0030 A842     		cmp	r0, r5
  67 0032 07D0     		beq	.L3
  68 0034 05F58065 		add	r5, r5, #1024
  69 0038 A842     		cmp	r0, r5
  70 003a 03D0     		beq	.L3
  71 003c 05F58065 		add	r5, r5, #1024
  72 0040 A842     		cmp	r0, r5
  73 0042 04D1     		bne	.L4
  74              	.L3:
  75 0044 4D69     		ldr	r5, [r1, #20]
  76 0046 24F48034 		bic	r4, r4, #65536
  77 004a 44EA0524 		orr	r4, r4, r5, lsl #8
  78              	.L4:
  79 004e 4460     		str	r4, [r0, #4]
  80 0050 4365     		str	r3, [r0, #84]
  81 0052 4B68     		ldr	r3, [r1, #4]
  82 0054 8365     		str	r3, [r0, #88]
  83 0056 0262     		str	r2, [r0, #32]
  84 0058 30BD     		pop	{r4, r5, pc}
  85              	.L6:
  86 005a 00BF     		.align	2
  87              	.L5:
  88 005c 002C0140 		.word	1073818624
  90              		.section	.text.TIM_OC6_SetConfig,"ax",%progbits
  91              		.align	1
  92              		.syntax unified
  93              		.thumb
  94              		.thumb_func
  95              		.fpu fpv4-sp-d16
  97              	TIM_OC6_SetConfig:
  98              		@ args = 0, pretend = 0, frame = 0
  99              		@ frame_needed = 0, uses_anonymous_args = 0
 100 0000 036A     		ldr	r3, [r0, #32]
 101 0002 23F48013 		bic	r3, r3, #1048576
 102 0006 0362     		str	r3, [r0, #32]
 103 0008 026A     		ldr	r2, [r0, #32]
 104 000a 30B5     		push	{r4, r5, lr}
 105 000c 4468     		ldr	r4, [r0, #4]
 106 000e 436D     		ldr	r3, [r0, #84]
 107 0010 0D68     		ldr	r5, [r1]
 108 0012 23F08073 		bic	r3, r3, #16777216
 109 0016 23F4E043 		bic	r3, r3, #28672
 110 001a 43EA0523 		orr	r3, r3, r5, lsl #8
 111 001e 8D68     		ldr	r5, [r1, #8]
 112 0020 22F40012 		bic	r2, r2, #2097152
 113 0024 42EA0552 		orr	r2, r2, r5, lsl #20
 114 0028 0C4D     		ldr	r5, .L10
 115 002a A842     		cmp	r0, r5
 116 002c 0BD0     		beq	.L8
 117 002e 05F5A055 		add	r5, r5, #5120
 118 0032 A842     		cmp	r0, r5
 119 0034 07D0     		beq	.L8
ARM GAS  C:\Users\gyoku\AppData\Local\Temp\cc6seQzW.s 			page 3


 120 0036 05F58065 		add	r5, r5, #1024
 121 003a A842     		cmp	r0, r5
 122 003c 03D0     		beq	.L8
 123 003e 05F58065 		add	r5, r5, #1024
 124 0042 A842     		cmp	r0, r5
 125 0044 04D1     		bne	.L9
 126              	.L8:
 127 0046 4D69     		ldr	r5, [r1, #20]
 128 0048 24F48024 		bic	r4, r4, #262144
 129 004c 44EA8524 		orr	r4, r4, r5, lsl #10
 130              	.L9:
 131 0050 4460     		str	r4, [r0, #4]
 132 0052 4365     		str	r3, [r0, #84]
 133 0054 4B68     		ldr	r3, [r1, #4]
 134 0056 C365     		str	r3, [r0, #92]
 135 0058 0262     		str	r2, [r0, #32]
 136 005a 30BD     		pop	{r4, r5, pc}
 137              	.L11:
 138              		.align	2
 139              	.L10:
 140 005c 002C0140 		.word	1073818624
 142              		.section	.text.HAL_TIMEx_HallSensor_MspInit,"ax",%progbits
 143              		.align	1
 144              		.weak	HAL_TIMEx_HallSensor_MspInit
 145              		.syntax unified
 146              		.thumb
 147              		.thumb_func
 148              		.fpu fpv4-sp-d16
 150              	HAL_TIMEx_HallSensor_MspInit:
 151              		@ args = 0, pretend = 0, frame = 0
 152              		@ frame_needed = 0, uses_anonymous_args = 0
 153              		@ link register save eliminated.
 154 0000 7047     		bx	lr
 156              		.section	.text.HAL_TIMEx_HallSensor_Init,"ax",%progbits
 157              		.align	1
 158              		.global	HAL_TIMEx_HallSensor_Init
 159              		.syntax unified
 160              		.thumb
 161              		.thumb_func
 162              		.fpu fpv4-sp-d16
 164              	HAL_TIMEx_HallSensor_Init:
 165              		@ args = 0, pretend = 0, frame = 32
 166              		@ frame_needed = 0, uses_anonymous_args = 0
 167 0000 70B5     		push	{r4, r5, r6, lr}
 168 0002 0E46     		mov	r6, r1
 169 0004 88B0     		sub	sp, sp, #32
 170 0006 0546     		mov	r5, r0
 171 0008 0028     		cmp	r0, #0
 172 000a 50D0     		beq	.L16
 173 000c 90F83D30 		ldrb	r3, [r0, #61]	@ zero_extendqisi2
 174 0010 03F0FF02 		and	r2, r3, #255
 175 0014 1BB9     		cbnz	r3, .L15
 176 0016 80F83C20 		strb	r2, [r0, #60]
 177 001a FFF7FEFF 		bl	HAL_TIMEx_HallSensor_MspInit
 178              	.L15:
 179 001e 0223     		movs	r3, #2
 180 0020 85F83D30 		strb	r3, [r5, #61]
ARM GAS  C:\Users\gyoku\AppData\Local\Temp\cc6seQzW.s 			page 4


 181 0024 291D     		adds	r1, r5, #4
 182 0026 2868     		ldr	r0, [r5]
 183 0028 FFF7FEFF 		bl	TIM_Base_SetConfig
 184 002c B368     		ldr	r3, [r6, #8]
 185 002e 3168     		ldr	r1, [r6]
 186 0030 2868     		ldr	r0, [r5]
 187 0032 0322     		movs	r2, #3
 188 0034 FFF7FEFF 		bl	TIM_TI1_SetConfig
 189 0038 2868     		ldr	r0, [r5]
 190 003a 7268     		ldr	r2, [r6, #4]
 191 003c 8369     		ldr	r3, [r0, #24]
 192 003e 23F00C03 		bic	r3, r3, #12
 193 0042 8361     		str	r3, [r0, #24]
 194 0044 8369     		ldr	r3, [r0, #24]
 195 0046 1343     		orrs	r3, r3, r2
 196 0048 8361     		str	r3, [r0, #24]
 197 004a 4368     		ldr	r3, [r0, #4]
 198 004c 43F08003 		orr	r3, r3, #128
 199 0050 4360     		str	r3, [r0, #4]
 200 0052 8368     		ldr	r3, [r0, #8]
 201 0054 23F07003 		bic	r3, r3, #112
 202 0058 8360     		str	r3, [r0, #8]
 203 005a 8368     		ldr	r3, [r0, #8]
 204 005c 43F04003 		orr	r3, r3, #64
 205 0060 8360     		str	r3, [r0, #8]
 206 0062 8368     		ldr	r3, [r0, #8]
 207 0064 23F48033 		bic	r3, r3, #65536
 208 0068 23F00703 		bic	r3, r3, #7
 209 006c 8360     		str	r3, [r0, #8]
 210 006e 8368     		ldr	r3, [r0, #8]
 211 0070 43F00403 		orr	r3, r3, #4
 212 0074 8360     		str	r3, [r0, #8]
 213 0076 7023     		movs	r3, #112
 214 0078 0024     		movs	r4, #0
 215 007a 0193     		str	r3, [sp, #4]
 216 007c 01A9     		add	r1, sp, #4
 217 007e F368     		ldr	r3, [r6, #12]
 218 0080 0293     		str	r3, [sp, #8]
 219 0082 CDE90544 		strd	r4, r4, [sp, #20]
 220 0086 0794     		str	r4, [sp, #28]
 221 0088 CDE90344 		strd	r4, r4, [sp, #12]
 222 008c FFF7FEFF 		bl	TIM_OC2_SetConfig
 223 0090 2B68     		ldr	r3, [r5]
 224 0092 5A68     		ldr	r2, [r3, #4]
 225 0094 22F07002 		bic	r2, r2, #112
 226 0098 5A60     		str	r2, [r3, #4]
 227 009a 5A68     		ldr	r2, [r3, #4]
 228 009c 42F05002 		orr	r2, r2, #80
 229 00a0 5A60     		str	r2, [r3, #4]
 230 00a2 0123     		movs	r3, #1
 231 00a4 85F83D30 		strb	r3, [r5, #61]
 232 00a8 2046     		mov	r0, r4
 233              	.L14:
 234 00aa 08B0     		add	sp, sp, #32
 235              		@ sp needed
 236 00ac 70BD     		pop	{r4, r5, r6, pc}
 237              	.L16:
ARM GAS  C:\Users\gyoku\AppData\Local\Temp\cc6seQzW.s 			page 5


 238 00ae 0120     		movs	r0, #1
 239 00b0 FBE7     		b	.L14
 241              		.section	.text.HAL_TIMEx_HallSensor_MspDeInit,"ax",%progbits
 242              		.align	1
 243              		.weak	HAL_TIMEx_HallSensor_MspDeInit
 244              		.syntax unified
 245              		.thumb
 246              		.thumb_func
 247              		.fpu fpv4-sp-d16
 249              	HAL_TIMEx_HallSensor_MspDeInit:
 250              		@ args = 0, pretend = 0, frame = 0
 251              		@ frame_needed = 0, uses_anonymous_args = 0
 252              		@ link register save eliminated.
 253 0000 7047     		bx	lr
 255              		.section	.text.HAL_TIMEx_HallSensor_DeInit,"ax",%progbits
 256              		.align	1
 257              		.global	HAL_TIMEx_HallSensor_DeInit
 258              		.syntax unified
 259              		.thumb
 260              		.thumb_func
 261              		.fpu fpv4-sp-d16
 263              	HAL_TIMEx_HallSensor_DeInit:
 264              		@ args = 0, pretend = 0, frame = 0
 265              		@ frame_needed = 0, uses_anonymous_args = 0
 266 0000 0223     		movs	r3, #2
 267 0002 10B5     		push	{r4, lr}
 268 0004 80F83D30 		strb	r3, [r0, #61]
 269 0008 0368     		ldr	r3, [r0]
 270 000a 196A     		ldr	r1, [r3, #32]
 271 000c 41F21112 		movw	r2, #4369
 272 0010 1142     		tst	r1, r2
 273 0012 0446     		mov	r4, r0
 274 0014 08D1     		bne	.L19
 275 0016 196A     		ldr	r1, [r3, #32]
 276 0018 40F24442 		movw	r2, #1092
 277 001c 1142     		tst	r1, r2
 278 001e 02BF     		ittt	eq
 279 0020 1A68     		ldreq	r2, [r3]
 280 0022 22F00102 		biceq	r2, r2, #1
 281 0026 1A60     		streq	r2, [r3]
 282              	.L19:
 283 0028 2046     		mov	r0, r4
 284 002a FFF7FEFF 		bl	HAL_TIMEx_HallSensor_MspDeInit
 285 002e 0020     		movs	r0, #0
 286 0030 84F83D00 		strb	r0, [r4, #61]
 287 0034 84F83C00 		strb	r0, [r4, #60]
 288 0038 10BD     		pop	{r4, pc}
 290              		.section	.text.HAL_TIMEx_HallSensor_Start,"ax",%progbits
 291              		.align	1
 292              		.global	HAL_TIMEx_HallSensor_Start
 293              		.syntax unified
 294              		.thumb
 295              		.thumb_func
 296              		.fpu fpv4-sp-d16
 298              	HAL_TIMEx_HallSensor_Start:
 299              		@ args = 0, pretend = 0, frame = 0
 300              		@ frame_needed = 0, uses_anonymous_args = 0
ARM GAS  C:\Users\gyoku\AppData\Local\Temp\cc6seQzW.s 			page 6


 301 0000 10B5     		push	{r4, lr}
 302 0002 0446     		mov	r4, r0
 303 0004 0122     		movs	r2, #1
 304 0006 0021     		movs	r1, #0
 305 0008 0068     		ldr	r0, [r0]
 306 000a FFF7FEFF 		bl	TIM_CCxChannelCmd
 307 000e 2268     		ldr	r2, [r4]
 308 0010 1368     		ldr	r3, [r2]
 309 0012 43F00103 		orr	r3, r3, #1
 310 0016 1360     		str	r3, [r2]
 311 0018 0020     		movs	r0, #0
 312 001a 10BD     		pop	{r4, pc}
 314              		.section	.text.HAL_TIMEx_HallSensor_Stop,"ax",%progbits
 315              		.align	1
 316              		.global	HAL_TIMEx_HallSensor_Stop
 317              		.syntax unified
 318              		.thumb
 319              		.thumb_func
 320              		.fpu fpv4-sp-d16
 322              	HAL_TIMEx_HallSensor_Stop:
 323              		@ args = 0, pretend = 0, frame = 0
 324              		@ frame_needed = 0, uses_anonymous_args = 0
 325 0000 0022     		movs	r2, #0
 326 0002 10B5     		push	{r4, lr}
 327 0004 0446     		mov	r4, r0
 328 0006 1146     		mov	r1, r2
 329 0008 0068     		ldr	r0, [r0]
 330 000a FFF7FEFF 		bl	TIM_CCxChannelCmd
 331 000e 2368     		ldr	r3, [r4]
 332 0010 196A     		ldr	r1, [r3, #32]
 333 0012 41F21112 		movw	r2, #4369
 334 0016 1142     		tst	r1, r2
 335 0018 08D1     		bne	.L22
 336 001a 196A     		ldr	r1, [r3, #32]
 337 001c 40F24442 		movw	r2, #1092
 338 0020 1142     		tst	r1, r2
 339 0022 02BF     		ittt	eq
 340 0024 1A68     		ldreq	r2, [r3]
 341 0026 22F00102 		biceq	r2, r2, #1
 342 002a 1A60     		streq	r2, [r3]
 343              	.L22:
 344 002c 0020     		movs	r0, #0
 345 002e 10BD     		pop	{r4, pc}
 347              		.section	.text.HAL_TIMEx_HallSensor_Start_IT,"ax",%progbits
 348              		.align	1
 349              		.global	HAL_TIMEx_HallSensor_Start_IT
 350              		.syntax unified
 351              		.thumb
 352              		.thumb_func
 353              		.fpu fpv4-sp-d16
 355              	HAL_TIMEx_HallSensor_Start_IT:
 356              		@ args = 0, pretend = 0, frame = 0
 357              		@ frame_needed = 0, uses_anonymous_args = 0
 358 0000 10B5     		push	{r4, lr}
 359 0002 0446     		mov	r4, r0
 360 0004 0068     		ldr	r0, [r0]
 361 0006 C368     		ldr	r3, [r0, #12]
ARM GAS  C:\Users\gyoku\AppData\Local\Temp\cc6seQzW.s 			page 7


 362 0008 43F00203 		orr	r3, r3, #2
 363 000c C360     		str	r3, [r0, #12]
 364 000e 0122     		movs	r2, #1
 365 0010 0021     		movs	r1, #0
 366 0012 FFF7FEFF 		bl	TIM_CCxChannelCmd
 367 0016 2268     		ldr	r2, [r4]
 368 0018 1368     		ldr	r3, [r2]
 369 001a 43F00103 		orr	r3, r3, #1
 370 001e 1360     		str	r3, [r2]
 371 0020 0020     		movs	r0, #0
 372 0022 10BD     		pop	{r4, pc}
 374              		.section	.text.HAL_TIMEx_HallSensor_Stop_IT,"ax",%progbits
 375              		.align	1
 376              		.global	HAL_TIMEx_HallSensor_Stop_IT
 377              		.syntax unified
 378              		.thumb
 379              		.thumb_func
 380              		.fpu fpv4-sp-d16
 382              	HAL_TIMEx_HallSensor_Stop_IT:
 383              		@ args = 0, pretend = 0, frame = 0
 384              		@ frame_needed = 0, uses_anonymous_args = 0
 385 0000 0022     		movs	r2, #0
 386 0002 10B5     		push	{r4, lr}
 387 0004 0446     		mov	r4, r0
 388 0006 1146     		mov	r1, r2
 389 0008 0068     		ldr	r0, [r0]
 390 000a FFF7FEFF 		bl	TIM_CCxChannelCmd
 391 000e 2368     		ldr	r3, [r4]
 392 0010 DA68     		ldr	r2, [r3, #12]
 393 0012 22F00202 		bic	r2, r2, #2
 394 0016 DA60     		str	r2, [r3, #12]
 395 0018 196A     		ldr	r1, [r3, #32]
 396 001a 41F21112 		movw	r2, #4369
 397 001e 1142     		tst	r1, r2
 398 0020 08D1     		bne	.L25
 399 0022 196A     		ldr	r1, [r3, #32]
 400 0024 40F24442 		movw	r2, #1092
 401 0028 1142     		tst	r1, r2
 402 002a 02BF     		ittt	eq
 403 002c 1A68     		ldreq	r2, [r3]
 404 002e 22F00102 		biceq	r2, r2, #1
 405 0032 1A60     		streq	r2, [r3]
 406              	.L25:
 407 0034 0020     		movs	r0, #0
 408 0036 10BD     		pop	{r4, pc}
 410              		.section	.text.HAL_TIMEx_HallSensor_Start_DMA,"ax",%progbits
 411              		.align	1
 412              		.global	HAL_TIMEx_HallSensor_Start_DMA
 413              		.syntax unified
 414              		.thumb
 415              		.thumb_func
 416              		.fpu fpv4-sp-d16
 418              	HAL_TIMEx_HallSensor_Start_DMA:
 419              		@ args = 0, pretend = 0, frame = 0
 420              		@ frame_needed = 0, uses_anonymous_args = 0
 421 0000 70B5     		push	{r4, r5, r6, lr}
 422 0002 0446     		mov	r4, r0
ARM GAS  C:\Users\gyoku\AppData\Local\Temp\cc6seQzW.s 			page 8


 423 0004 90F83D00 		ldrb	r0, [r0, #61]	@ zero_extendqisi2
 424 0008 C0B2     		uxtb	r0, r0
 425 000a 0228     		cmp	r0, #2
 426 000c 0D46     		mov	r5, r1
 427 000e 1646     		mov	r6, r2
 428 0010 23D0     		beq	.L27
 429 0012 94F83D00 		ldrb	r0, [r4, #61]	@ zero_extendqisi2
 430 0016 C0B2     		uxtb	r0, r0
 431 0018 0128     		cmp	r0, #1
 432 001a 04D1     		bne	.L28
 433 001c 01B9     		cbnz	r1, .L29
 434 001e E2B9     		cbnz	r2, .L27
 435              	.L29:
 436 0020 0223     		movs	r3, #2
 437 0022 84F83D30 		strb	r3, [r4, #61]
 438              	.L28:
 439 0026 0122     		movs	r2, #1
 440 0028 0021     		movs	r1, #0
 441 002a 2068     		ldr	r0, [r4]
 442 002c FFF7FEFF 		bl	TIM_CCxChannelCmd
 443 0030 606A     		ldr	r0, [r4, #36]
 444 0032 0A4B     		ldr	r3, .L32
 445 0034 2168     		ldr	r1, [r4]
 446 0036 8362     		str	r3, [r0, #40]
 447 0038 094B     		ldr	r3, .L32+4
 448 003a 0363     		str	r3, [r0, #48]
 449 003c 2A46     		mov	r2, r5
 450 003e 3346     		mov	r3, r6
 451 0040 3431     		adds	r1, r1, #52
 452 0042 FFF7FEFF 		bl	HAL_DMA_Start_IT
 453 0046 2368     		ldr	r3, [r4]
 454 0048 DA68     		ldr	r2, [r3, #12]
 455 004a 42F40072 		orr	r2, r2, #512
 456 004e DA60     		str	r2, [r3, #12]
 457 0050 1A68     		ldr	r2, [r3]
 458 0052 42F00102 		orr	r2, r2, #1
 459 0056 1A60     		str	r2, [r3]
 460 0058 0020     		movs	r0, #0
 461              	.L27:
 462 005a 70BD     		pop	{r4, r5, r6, pc}
 463              	.L33:
 464              		.align	2
 465              	.L32:
 466 005c 00000000 		.word	TIM_DMACaptureCplt
 467 0060 00000000 		.word	TIM_DMAError
 469              		.section	.text.HAL_TIMEx_HallSensor_Stop_DMA,"ax",%progbits
 470              		.align	1
 471              		.global	HAL_TIMEx_HallSensor_Stop_DMA
 472              		.syntax unified
 473              		.thumb
 474              		.thumb_func
 475              		.fpu fpv4-sp-d16
 477              	HAL_TIMEx_HallSensor_Stop_DMA:
 478              		@ args = 0, pretend = 0, frame = 0
 479              		@ frame_needed = 0, uses_anonymous_args = 0
 480 0000 0022     		movs	r2, #0
 481 0002 10B5     		push	{r4, lr}
ARM GAS  C:\Users\gyoku\AppData\Local\Temp\cc6seQzW.s 			page 9


 482 0004 0446     		mov	r4, r0
 483 0006 1146     		mov	r1, r2
 484 0008 0068     		ldr	r0, [r0]
 485 000a FFF7FEFF 		bl	TIM_CCxChannelCmd
 486 000e 2368     		ldr	r3, [r4]
 487 0010 DA68     		ldr	r2, [r3, #12]
 488 0012 22F40072 		bic	r2, r2, #512
 489 0016 DA60     		str	r2, [r3, #12]
 490 0018 196A     		ldr	r1, [r3, #32]
 491 001a 41F21112 		movw	r2, #4369
 492 001e 1142     		tst	r1, r2
 493 0020 08D1     		bne	.L35
 494 0022 196A     		ldr	r1, [r3, #32]
 495 0024 40F24442 		movw	r2, #1092
 496 0028 1142     		tst	r1, r2
 497 002a 02BF     		ittt	eq
 498 002c 1A68     		ldreq	r2, [r3]
 499 002e 22F00102 		biceq	r2, r2, #1
 500 0032 1A60     		streq	r2, [r3]
 501              	.L35:
 502 0034 0020     		movs	r0, #0
 503 0036 10BD     		pop	{r4, pc}
 505              		.section	.text.HAL_TIMEx_OCN_Start,"ax",%progbits
 506              		.align	1
 507              		.global	HAL_TIMEx_OCN_Start
 508              		.syntax unified
 509              		.thumb
 510              		.thumb_func
 511              		.fpu fpv4-sp-d16
 513              	HAL_TIMEx_OCN_Start:
 514              		@ args = 0, pretend = 0, frame = 0
 515              		@ frame_needed = 0, uses_anonymous_args = 0
 516 0000 10B5     		push	{r4, lr}
 517 0002 0446     		mov	r4, r0
 518 0004 0422     		movs	r2, #4
 519 0006 0068     		ldr	r0, [r0]
 520 0008 FFF7FEFF 		bl	TIM_CCxNChannelCmd
 521 000c 2368     		ldr	r3, [r4]
 522 000e 5A6C     		ldr	r2, [r3, #68]
 523 0010 42F40042 		orr	r2, r2, #32768
 524 0014 5A64     		str	r2, [r3, #68]
 525 0016 1A68     		ldr	r2, [r3]
 526 0018 42F00102 		orr	r2, r2, #1
 527 001c 1A60     		str	r2, [r3]
 528 001e 0020     		movs	r0, #0
 529 0020 10BD     		pop	{r4, pc}
 531              		.section	.text.HAL_TIMEx_OCN_Stop,"ax",%progbits
 532              		.align	1
 533              		.global	HAL_TIMEx_OCN_Stop
 534              		.syntax unified
 535              		.thumb
 536              		.thumb_func
 537              		.fpu fpv4-sp-d16
 539              	HAL_TIMEx_OCN_Stop:
 540              		@ args = 0, pretend = 0, frame = 0
 541              		@ frame_needed = 0, uses_anonymous_args = 0
 542 0000 10B5     		push	{r4, lr}
ARM GAS  C:\Users\gyoku\AppData\Local\Temp\cc6seQzW.s 			page 10


 543 0002 0446     		mov	r4, r0
 544 0004 0022     		movs	r2, #0
 545 0006 0068     		ldr	r0, [r0]
 546 0008 FFF7FEFF 		bl	TIM_CCxNChannelCmd
 547 000c 2368     		ldr	r3, [r4]
 548 000e 196A     		ldr	r1, [r3, #32]
 549 0010 41F21112 		movw	r2, #4369
 550 0014 1142     		tst	r1, r2
 551 0016 08D1     		bne	.L38
 552 0018 196A     		ldr	r1, [r3, #32]
 553 001a 40F24442 		movw	r2, #1092
 554 001e 1142     		tst	r1, r2
 555 0020 02BF     		ittt	eq
 556 0022 5A6C     		ldreq	r2, [r3, #68]
 557 0024 22F40042 		biceq	r2, r2, #32768
 558 0028 5A64     		streq	r2, [r3, #68]
 559              	.L38:
 560 002a 196A     		ldr	r1, [r3, #32]
 561 002c 41F21112 		movw	r2, #4369
 562 0030 1142     		tst	r1, r2
 563 0032 08D1     		bne	.L39
 564 0034 196A     		ldr	r1, [r3, #32]
 565 0036 40F24442 		movw	r2, #1092
 566 003a 1142     		tst	r1, r2
 567 003c 02BF     		ittt	eq
 568 003e 1A68     		ldreq	r2, [r3]
 569 0040 22F00102 		biceq	r2, r2, #1
 570 0044 1A60     		streq	r2, [r3]
 571              	.L39:
 572 0046 0020     		movs	r0, #0
 573 0048 10BD     		pop	{r4, pc}
 575              		.section	.text.HAL_TIMEx_OCN_Start_IT,"ax",%progbits
 576              		.align	1
 577              		.global	HAL_TIMEx_OCN_Start_IT
 578              		.syntax unified
 579              		.thumb
 580              		.thumb_func
 581              		.fpu fpv4-sp-d16
 583              	HAL_TIMEx_OCN_Start_IT:
 584              		@ args = 0, pretend = 0, frame = 0
 585              		@ frame_needed = 0, uses_anonymous_args = 0
 586 0000 0429     		cmp	r1, #4
 587 0002 10B5     		push	{r4, lr}
 588 0004 0446     		mov	r4, r0
 589 0006 0068     		ldr	r0, [r0]
 590 0008 18D0     		beq	.L41
 591 000a 0829     		cmp	r1, #8
 592 000c 1AD0     		beq	.L42
 593 000e 19B9     		cbnz	r1, .L43
 594 0010 C368     		ldr	r3, [r0, #12]
 595 0012 43F00203 		orr	r3, r3, #2
 596              	.L44:
 597 0016 C360     		str	r3, [r0, #12]
 598              	.L43:
 599 0018 C368     		ldr	r3, [r0, #12]
 600 001a 43F08003 		orr	r3, r3, #128
 601 001e C360     		str	r3, [r0, #12]
ARM GAS  C:\Users\gyoku\AppData\Local\Temp\cc6seQzW.s 			page 11


 602 0020 0422     		movs	r2, #4
 603 0022 FFF7FEFF 		bl	TIM_CCxNChannelCmd
 604 0026 2368     		ldr	r3, [r4]
 605 0028 5A6C     		ldr	r2, [r3, #68]
 606 002a 42F40042 		orr	r2, r2, #32768
 607 002e 5A64     		str	r2, [r3, #68]
 608 0030 1A68     		ldr	r2, [r3]
 609 0032 42F00102 		orr	r2, r2, #1
 610 0036 1A60     		str	r2, [r3]
 611 0038 0020     		movs	r0, #0
 612 003a 10BD     		pop	{r4, pc}
 613              	.L41:
 614 003c C368     		ldr	r3, [r0, #12]
 615 003e 43F00403 		orr	r3, r3, #4
 616 0042 E8E7     		b	.L44
 617              	.L42:
 618 0044 C368     		ldr	r3, [r0, #12]
 619 0046 43F00803 		orr	r3, r3, #8
 620 004a E4E7     		b	.L44
 622              		.section	.text.HAL_TIMEx_OCN_Stop_IT,"ax",%progbits
 623              		.align	1
 624              		.global	HAL_TIMEx_OCN_Stop_IT
 625              		.syntax unified
 626              		.thumb
 627              		.thumb_func
 628              		.fpu fpv4-sp-d16
 630              	HAL_TIMEx_OCN_Stop_IT:
 631              		@ args = 0, pretend = 0, frame = 0
 632              		@ frame_needed = 0, uses_anonymous_args = 0
 633 0000 0429     		cmp	r1, #4
 634 0002 10B5     		push	{r4, lr}
 635 0004 0446     		mov	r4, r0
 636 0006 0068     		ldr	r0, [r0]
 637 0008 31D0     		beq	.L46
 638 000a 0829     		cmp	r1, #8
 639 000c 33D0     		beq	.L47
 640 000e 19B9     		cbnz	r1, .L48
 641 0010 C368     		ldr	r3, [r0, #12]
 642 0012 23F00203 		bic	r3, r3, #2
 643              	.L52:
 644 0016 C360     		str	r3, [r0, #12]
 645              	.L48:
 646 0018 0022     		movs	r2, #0
 647 001a FFF7FEFF 		bl	TIM_CCxNChannelCmd
 648 001e 2368     		ldr	r3, [r4]
 649 0020 196A     		ldr	r1, [r3, #32]
 650 0022 40F24442 		movw	r2, #1092
 651 0026 1142     		tst	r1, r2
 652 0028 02BF     		ittt	eq
 653 002a DA68     		ldreq	r2, [r3, #12]
 654 002c 22F08002 		biceq	r2, r2, #128
 655 0030 DA60     		streq	r2, [r3, #12]
 656 0032 196A     		ldr	r1, [r3, #32]
 657 0034 41F21112 		movw	r2, #4369
 658 0038 1142     		tst	r1, r2
 659 003a 08D1     		bne	.L50
 660 003c 196A     		ldr	r1, [r3, #32]
ARM GAS  C:\Users\gyoku\AppData\Local\Temp\cc6seQzW.s 			page 12


 661 003e 40F24442 		movw	r2, #1092
 662 0042 1142     		tst	r1, r2
 663 0044 02BF     		ittt	eq
 664 0046 5A6C     		ldreq	r2, [r3, #68]
 665 0048 22F40042 		biceq	r2, r2, #32768
 666 004c 5A64     		streq	r2, [r3, #68]
 667              	.L50:
 668 004e 196A     		ldr	r1, [r3, #32]
 669 0050 41F21112 		movw	r2, #4369
 670 0054 1142     		tst	r1, r2
 671 0056 08D1     		bne	.L51
 672 0058 196A     		ldr	r1, [r3, #32]
 673 005a 40F24442 		movw	r2, #1092
 674 005e 1142     		tst	r1, r2
 675 0060 02BF     		ittt	eq
 676 0062 1A68     		ldreq	r2, [r3]
 677 0064 22F00102 		biceq	r2, r2, #1
 678 0068 1A60     		streq	r2, [r3]
 679              	.L51:
 680 006a 0020     		movs	r0, #0
 681 006c 10BD     		pop	{r4, pc}
 682              	.L46:
 683 006e C368     		ldr	r3, [r0, #12]
 684 0070 23F00403 		bic	r3, r3, #4
 685 0074 CFE7     		b	.L52
 686              	.L47:
 687 0076 C368     		ldr	r3, [r0, #12]
 688 0078 23F00803 		bic	r3, r3, #8
 689 007c CBE7     		b	.L52
 691              		.section	.text.HAL_TIMEx_OCN_Start_DMA,"ax",%progbits
 692              		.align	1
 693              		.global	HAL_TIMEx_OCN_Start_DMA
 694              		.syntax unified
 695              		.thumb
 696              		.thumb_func
 697              		.fpu fpv4-sp-d16
 699              	HAL_TIMEx_OCN_Start_DMA:
 700              		@ args = 0, pretend = 0, frame = 0
 701              		@ frame_needed = 0, uses_anonymous_args = 0
 702 0000 70B5     		push	{r4, r5, r6, lr}
 703 0002 0446     		mov	r4, r0
 704 0004 90F83D00 		ldrb	r0, [r0, #61]	@ zero_extendqisi2
 705 0008 C0B2     		uxtb	r0, r0
 706 000a 0228     		cmp	r0, #2
 707 000c 0D46     		mov	r5, r1
 708 000e 1146     		mov	r1, r2
 709 0010 2BD0     		beq	.L54
 710 0012 94F83D00 		ldrb	r0, [r4, #61]	@ zero_extendqisi2
 711 0016 C0B2     		uxtb	r0, r0
 712 0018 0128     		cmp	r0, #1
 713 001a 04D1     		bne	.L55
 714 001c 02B9     		cbnz	r2, .L56
 715 001e 23BB     		cbnz	r3, .L54
 716              	.L56:
 717 0020 0222     		movs	r2, #2
 718 0022 84F83D20 		strb	r2, [r4, #61]
 719              	.L55:
ARM GAS  C:\Users\gyoku\AppData\Local\Temp\cc6seQzW.s 			page 13


 720 0026 042D     		cmp	r5, #4
 721 0028 2268     		ldr	r2, [r4]
 722 002a 1FD0     		beq	.L57
 723 002c 082D     		cmp	r5, #8
 724 002e 2AD0     		beq	.L58
 725 0030 65B9     		cbnz	r5, .L59
 726 0032 606A     		ldr	r0, [r4, #36]
 727 0034 1A4E     		ldr	r6, .L63
 728 0036 8662     		str	r6, [r0, #40]
 729 0038 1A4E     		ldr	r6, .L63+4
 730 003a 0663     		str	r6, [r0, #48]
 731 003c 3432     		adds	r2, r2, #52
 732 003e FFF7FEFF 		bl	HAL_DMA_Start_IT
 733 0042 2268     		ldr	r2, [r4]
 734 0044 D368     		ldr	r3, [r2, #12]
 735 0046 43F40073 		orr	r3, r3, #512
 736              	.L62:
 737 004a D360     		str	r3, [r2, #12]
 738              	.L59:
 739 004c 0422     		movs	r2, #4
 740 004e 2068     		ldr	r0, [r4]
 741 0050 2946     		mov	r1, r5
 742 0052 FFF7FEFF 		bl	TIM_CCxNChannelCmd
 743 0056 2368     		ldr	r3, [r4]
 744 0058 5A6C     		ldr	r2, [r3, #68]
 745 005a 42F40042 		orr	r2, r2, #32768
 746 005e 5A64     		str	r2, [r3, #68]
 747 0060 1A68     		ldr	r2, [r3]
 748 0062 42F00102 		orr	r2, r2, #1
 749 0066 1A60     		str	r2, [r3]
 750 0068 0020     		movs	r0, #0
 751              	.L54:
 752 006a 70BD     		pop	{r4, r5, r6, pc}
 753              	.L57:
 754 006c A06A     		ldr	r0, [r4, #40]
 755 006e 0C4E     		ldr	r6, .L63
 756 0070 8662     		str	r6, [r0, #40]
 757 0072 0C4E     		ldr	r6, .L63+4
 758 0074 0663     		str	r6, [r0, #48]
 759 0076 3832     		adds	r2, r2, #56
 760 0078 FFF7FEFF 		bl	HAL_DMA_Start_IT
 761 007c 2268     		ldr	r2, [r4]
 762 007e D368     		ldr	r3, [r2, #12]
 763 0080 43F48063 		orr	r3, r3, #1024
 764 0084 E1E7     		b	.L62
 765              	.L58:
 766 0086 E06A     		ldr	r0, [r4, #44]
 767 0088 054E     		ldr	r6, .L63
 768 008a 8662     		str	r6, [r0, #40]
 769 008c 054E     		ldr	r6, .L63+4
 770 008e 0663     		str	r6, [r0, #48]
 771 0090 3C32     		adds	r2, r2, #60
 772 0092 FFF7FEFF 		bl	HAL_DMA_Start_IT
 773 0096 2268     		ldr	r2, [r4]
 774 0098 D368     		ldr	r3, [r2, #12]
 775 009a 43F40063 		orr	r3, r3, #2048
 776 009e D4E7     		b	.L62
ARM GAS  C:\Users\gyoku\AppData\Local\Temp\cc6seQzW.s 			page 14


 777              	.L64:
 778              		.align	2
 779              	.L63:
 780 00a0 00000000 		.word	TIM_DMADelayPulseCplt
 781 00a4 00000000 		.word	TIM_DMAError
 783              		.section	.text.HAL_TIMEx_OCN_Stop_DMA,"ax",%progbits
 784              		.align	1
 785              		.global	HAL_TIMEx_OCN_Stop_DMA
 786              		.syntax unified
 787              		.thumb
 788              		.thumb_func
 789              		.fpu fpv4-sp-d16
 791              	HAL_TIMEx_OCN_Stop_DMA:
 792              		@ args = 0, pretend = 0, frame = 0
 793              		@ frame_needed = 0, uses_anonymous_args = 0
 794 0000 0429     		cmp	r1, #4
 795 0002 10B5     		push	{r4, lr}
 796 0004 0446     		mov	r4, r0
 797 0006 0068     		ldr	r0, [r0]
 798 0008 2BD0     		beq	.L66
 799 000a 0829     		cmp	r1, #8
 800 000c 2DD0     		beq	.L67
 801 000e 19B9     		cbnz	r1, .L68
 802 0010 C368     		ldr	r3, [r0, #12]
 803 0012 23F40073 		bic	r3, r3, #512
 804              	.L71:
 805 0016 C360     		str	r3, [r0, #12]
 806              	.L68:
 807 0018 0022     		movs	r2, #0
 808 001a FFF7FEFF 		bl	TIM_CCxNChannelCmd
 809 001e 2368     		ldr	r3, [r4]
 810 0020 196A     		ldr	r1, [r3, #32]
 811 0022 41F21112 		movw	r2, #4369
 812 0026 1142     		tst	r1, r2
 813 0028 08D1     		bne	.L69
 814 002a 196A     		ldr	r1, [r3, #32]
 815 002c 40F24442 		movw	r2, #1092
 816 0030 1142     		tst	r1, r2
 817 0032 02BF     		ittt	eq
 818 0034 5A6C     		ldreq	r2, [r3, #68]
 819 0036 22F40042 		biceq	r2, r2, #32768
 820 003a 5A64     		streq	r2, [r3, #68]
 821              	.L69:
 822 003c 196A     		ldr	r1, [r3, #32]
 823 003e 41F21112 		movw	r2, #4369
 824 0042 1142     		tst	r1, r2
 825 0044 08D1     		bne	.L70
 826 0046 196A     		ldr	r1, [r3, #32]
 827 0048 40F24442 		movw	r2, #1092
 828 004c 1142     		tst	r1, r2
 829 004e 02BF     		ittt	eq
 830 0050 1A68     		ldreq	r2, [r3]
 831 0052 22F00102 		biceq	r2, r2, #1
 832 0056 1A60     		streq	r2, [r3]
 833              	.L70:
 834 0058 0123     		movs	r3, #1
 835 005a 84F83D30 		strb	r3, [r4, #61]
ARM GAS  C:\Users\gyoku\AppData\Local\Temp\cc6seQzW.s 			page 15


 836 005e 0020     		movs	r0, #0
 837 0060 10BD     		pop	{r4, pc}
 838              	.L66:
 839 0062 C368     		ldr	r3, [r0, #12]
 840 0064 23F48063 		bic	r3, r3, #1024
 841 0068 D5E7     		b	.L71
 842              	.L67:
 843 006a C368     		ldr	r3, [r0, #12]
 844 006c 23F40063 		bic	r3, r3, #2048
 845 0070 D1E7     		b	.L71
 847              		.section	.text.HAL_TIMEx_PWMN_Start,"ax",%progbits
 848              		.align	1
 849              		.global	HAL_TIMEx_PWMN_Start
 850              		.syntax unified
 851              		.thumb
 852              		.thumb_func
 853              		.fpu fpv4-sp-d16
 855              	HAL_TIMEx_PWMN_Start:
 856              		@ args = 0, pretend = 0, frame = 0
 857              		@ frame_needed = 0, uses_anonymous_args = 0
 858              		@ link register save eliminated.
 859 0000 FFF7FEBF 		b	HAL_TIMEx_OCN_Start
 861              		.section	.text.HAL_TIMEx_PWMN_Stop,"ax",%progbits
 862              		.align	1
 863              		.global	HAL_TIMEx_PWMN_Stop
 864              		.syntax unified
 865              		.thumb
 866              		.thumb_func
 867              		.fpu fpv4-sp-d16
 869              	HAL_TIMEx_PWMN_Stop:
 870              		@ args = 0, pretend = 0, frame = 0
 871              		@ frame_needed = 0, uses_anonymous_args = 0
 872              		@ link register save eliminated.
 873 0000 FFF7FEBF 		b	HAL_TIMEx_OCN_Stop
 875              		.section	.text.HAL_TIMEx_PWMN_Start_IT,"ax",%progbits
 876              		.align	1
 877              		.global	HAL_TIMEx_PWMN_Start_IT
 878              		.syntax unified
 879              		.thumb
 880              		.thumb_func
 881              		.fpu fpv4-sp-d16
 883              	HAL_TIMEx_PWMN_Start_IT:
 884              		@ args = 0, pretend = 0, frame = 0
 885              		@ frame_needed = 0, uses_anonymous_args = 0
 886              		@ link register save eliminated.
 887 0000 FFF7FEBF 		b	HAL_TIMEx_OCN_Start_IT
 889              		.section	.text.HAL_TIMEx_PWMN_Stop_IT,"ax",%progbits
 890              		.align	1
 891              		.global	HAL_TIMEx_PWMN_Stop_IT
 892              		.syntax unified
 893              		.thumb
 894              		.thumb_func
 895              		.fpu fpv4-sp-d16
 897              	HAL_TIMEx_PWMN_Stop_IT:
 898              		@ args = 0, pretend = 0, frame = 0
 899              		@ frame_needed = 0, uses_anonymous_args = 0
 900              		@ link register save eliminated.
ARM GAS  C:\Users\gyoku\AppData\Local\Temp\cc6seQzW.s 			page 16


 901 0000 FFF7FEBF 		b	HAL_TIMEx_OCN_Stop_IT
 903              		.section	.text.HAL_TIMEx_PWMN_Start_DMA,"ax",%progbits
 904              		.align	1
 905              		.global	HAL_TIMEx_PWMN_Start_DMA
 906              		.syntax unified
 907              		.thumb
 908              		.thumb_func
 909              		.fpu fpv4-sp-d16
 911              	HAL_TIMEx_PWMN_Start_DMA:
 912              		@ args = 0, pretend = 0, frame = 0
 913              		@ frame_needed = 0, uses_anonymous_args = 0
 914              		@ link register save eliminated.
 915 0000 FFF7FEBF 		b	HAL_TIMEx_OCN_Start_DMA
 917              		.section	.text.HAL_TIMEx_PWMN_Stop_DMA,"ax",%progbits
 918              		.align	1
 919              		.global	HAL_TIMEx_PWMN_Stop_DMA
 920              		.syntax unified
 921              		.thumb
 922              		.thumb_func
 923              		.fpu fpv4-sp-d16
 925              	HAL_TIMEx_PWMN_Stop_DMA:
 926              		@ args = 0, pretend = 0, frame = 0
 927              		@ frame_needed = 0, uses_anonymous_args = 0
 928              		@ link register save eliminated.
 929 0000 FFF7FEBF 		b	HAL_TIMEx_OCN_Stop_DMA
 931              		.section	.text.HAL_TIMEx_OnePulseN_Start,"ax",%progbits
 932              		.align	1
 933              		.global	HAL_TIMEx_OnePulseN_Start
 934              		.syntax unified
 935              		.thumb
 936              		.thumb_func
 937              		.fpu fpv4-sp-d16
 939              	HAL_TIMEx_OnePulseN_Start:
 940              		@ args = 0, pretend = 0, frame = 0
 941              		@ frame_needed = 0, uses_anonymous_args = 0
 942 0000 10B5     		push	{r4, lr}
 943 0002 0446     		mov	r4, r0
 944 0004 0422     		movs	r2, #4
 945 0006 0068     		ldr	r0, [r0]
 946 0008 FFF7FEFF 		bl	TIM_CCxNChannelCmd
 947 000c 2268     		ldr	r2, [r4]
 948 000e 536C     		ldr	r3, [r2, #68]
 949 0010 43F40043 		orr	r3, r3, #32768
 950 0014 5364     		str	r3, [r2, #68]
 951 0016 0020     		movs	r0, #0
 952 0018 10BD     		pop	{r4, pc}
 954              		.section	.text.HAL_TIMEx_OnePulseN_Stop,"ax",%progbits
 955              		.align	1
 956              		.global	HAL_TIMEx_OnePulseN_Stop
 957              		.syntax unified
 958              		.thumb
 959              		.thumb_func
 960              		.fpu fpv4-sp-d16
 962              	HAL_TIMEx_OnePulseN_Stop:
 963              		@ args = 0, pretend = 0, frame = 0
 964              		@ frame_needed = 0, uses_anonymous_args = 0
 965              		@ link register save eliminated.
ARM GAS  C:\Users\gyoku\AppData\Local\Temp\cc6seQzW.s 			page 17


 966 0000 FFF7FEBF 		b	HAL_TIMEx_OCN_Stop
 968              		.section	.text.HAL_TIMEx_OnePulseN_Start_IT,"ax",%progbits
 969              		.align	1
 970              		.global	HAL_TIMEx_OnePulseN_Start_IT
 971              		.syntax unified
 972              		.thumb
 973              		.thumb_func
 974              		.fpu fpv4-sp-d16
 976              	HAL_TIMEx_OnePulseN_Start_IT:
 977              		@ args = 0, pretend = 0, frame = 0
 978              		@ frame_needed = 0, uses_anonymous_args = 0
 979 0000 10B5     		push	{r4, lr}
 980 0002 0446     		mov	r4, r0
 981 0004 0068     		ldr	r0, [r0]
 982 0006 C368     		ldr	r3, [r0, #12]
 983 0008 43F00203 		orr	r3, r3, #2
 984 000c C360     		str	r3, [r0, #12]
 985 000e C368     		ldr	r3, [r0, #12]
 986 0010 43F00403 		orr	r3, r3, #4
 987 0014 C360     		str	r3, [r0, #12]
 988 0016 0422     		movs	r2, #4
 989 0018 FFF7FEFF 		bl	TIM_CCxNChannelCmd
 990 001c 2268     		ldr	r2, [r4]
 991 001e 536C     		ldr	r3, [r2, #68]
 992 0020 43F40043 		orr	r3, r3, #32768
 993 0024 5364     		str	r3, [r2, #68]
 994 0026 0020     		movs	r0, #0
 995 0028 10BD     		pop	{r4, pc}
 997              		.section	.text.HAL_TIMEx_OnePulseN_Stop_IT,"ax",%progbits
 998              		.align	1
 999              		.global	HAL_TIMEx_OnePulseN_Stop_IT
 1000              		.syntax unified
 1001              		.thumb
 1002              		.thumb_func
 1003              		.fpu fpv4-sp-d16
 1005              	HAL_TIMEx_OnePulseN_Stop_IT:
 1006              		@ args = 0, pretend = 0, frame = 0
 1007              		@ frame_needed = 0, uses_anonymous_args = 0
 1008 0000 10B5     		push	{r4, lr}
 1009 0002 0446     		mov	r4, r0
 1010 0004 0068     		ldr	r0, [r0]
 1011 0006 C368     		ldr	r3, [r0, #12]
 1012 0008 23F00203 		bic	r3, r3, #2
 1013 000c C360     		str	r3, [r0, #12]
 1014 000e C368     		ldr	r3, [r0, #12]
 1015 0010 23F00403 		bic	r3, r3, #4
 1016 0014 C360     		str	r3, [r0, #12]
 1017 0016 0022     		movs	r2, #0
 1018 0018 FFF7FEFF 		bl	TIM_CCxNChannelCmd
 1019 001c 2368     		ldr	r3, [r4]
 1020 001e 196A     		ldr	r1, [r3, #32]
 1021 0020 41F21112 		movw	r2, #4369
 1022 0024 1142     		tst	r1, r2
 1023 0026 08D1     		bne	.L82
 1024 0028 196A     		ldr	r1, [r3, #32]
 1025 002a 40F24442 		movw	r2, #1092
 1026 002e 1142     		tst	r1, r2
ARM GAS  C:\Users\gyoku\AppData\Local\Temp\cc6seQzW.s 			page 18


 1027 0030 02BF     		ittt	eq
 1028 0032 5A6C     		ldreq	r2, [r3, #68]
 1029 0034 22F40042 		biceq	r2, r2, #32768
 1030 0038 5A64     		streq	r2, [r3, #68]
 1031              	.L82:
 1032 003a 196A     		ldr	r1, [r3, #32]
 1033 003c 41F21112 		movw	r2, #4369
 1034 0040 1142     		tst	r1, r2
 1035 0042 08D1     		bne	.L83
 1036 0044 196A     		ldr	r1, [r3, #32]
 1037 0046 40F24442 		movw	r2, #1092
 1038 004a 1142     		tst	r1, r2
 1039 004c 02BF     		ittt	eq
 1040 004e 1A68     		ldreq	r2, [r3]
 1041 0050 22F00102 		biceq	r2, r2, #1
 1042 0054 1A60     		streq	r2, [r3]
 1043              	.L83:
 1044 0056 0020     		movs	r0, #0
 1045 0058 10BD     		pop	{r4, pc}
 1047              		.section	.text.HAL_TIMEx_ConfigCommutationEvent,"ax",%progbits
 1048              		.align	1
 1049              		.global	HAL_TIMEx_ConfigCommutationEvent
 1050              		.syntax unified
 1051              		.thumb
 1052              		.thumb_func
 1053              		.fpu fpv4-sp-d16
 1055              	HAL_TIMEx_ConfigCommutationEvent:
 1056              		@ args = 0, pretend = 0, frame = 0
 1057              		@ frame_needed = 0, uses_anonymous_args = 0
 1058 0000 90F83C30 		ldrb	r3, [r0, #60]	@ zero_extendqisi2
 1059 0004 012B     		cmp	r3, #1
 1060 0006 30B5     		push	{r4, r5, lr}
 1061 0008 1DD0     		beq	.L87
 1062 000a 0123     		movs	r3, #1
 1063 000c 80F83C30 		strb	r3, [r0, #60]
 1064 0010 31F03003 		bics	r3, r1, #48
 1065 0014 0368     		ldr	r3, [r0]
 1066 0016 06D1     		bne	.L86
 1067 0018 9D68     		ldr	r5, [r3, #8]
 1068 001a 25F07005 		bic	r5, r5, #112
 1069 001e 9D60     		str	r5, [r3, #8]
 1070 0020 9C68     		ldr	r4, [r3, #8]
 1071 0022 0C43     		orrs	r4, r4, r1
 1072 0024 9C60     		str	r4, [r3, #8]
 1073              	.L86:
 1074 0026 5C68     		ldr	r4, [r3, #4]
 1075 0028 44F00104 		orr	r4, r4, #1
 1076 002c 5C60     		str	r4, [r3, #4]
 1077 002e 5C68     		ldr	r4, [r3, #4]
 1078 0030 24F00404 		bic	r4, r4, #4
 1079 0034 5C60     		str	r4, [r3, #4]
 1080 0036 5968     		ldr	r1, [r3, #4]
 1081 0038 1143     		orrs	r1, r1, r2
 1082 003a 5960     		str	r1, [r3, #4]
 1083 003c 0023     		movs	r3, #0
 1084 003e 80F83C30 		strb	r3, [r0, #60]
 1085 0042 1846     		mov	r0, r3
ARM GAS  C:\Users\gyoku\AppData\Local\Temp\cc6seQzW.s 			page 19


 1086              	.L85:
 1087 0044 30BD     		pop	{r4, r5, pc}
 1088              	.L87:
 1089 0046 0220     		movs	r0, #2
 1090 0048 FCE7     		b	.L85
 1092              		.section	.text.HAL_TIMEx_ConfigCommutationEvent_IT,"ax",%progbits
 1093              		.align	1
 1094              		.global	HAL_TIMEx_ConfigCommutationEvent_IT
 1095              		.syntax unified
 1096              		.thumb
 1097              		.thumb_func
 1098              		.fpu fpv4-sp-d16
 1100              	HAL_TIMEx_ConfigCommutationEvent_IT:
 1101              		@ args = 0, pretend = 0, frame = 0
 1102              		@ frame_needed = 0, uses_anonymous_args = 0
 1103 0000 90F83C30 		ldrb	r3, [r0, #60]	@ zero_extendqisi2
 1104 0004 012B     		cmp	r3, #1
 1105 0006 30B5     		push	{r4, r5, lr}
 1106 0008 21D0     		beq	.L91
 1107 000a 0123     		movs	r3, #1
 1108 000c 80F83C30 		strb	r3, [r0, #60]
 1109 0010 31F03003 		bics	r3, r1, #48
 1110 0014 0368     		ldr	r3, [r0]
 1111 0016 06D1     		bne	.L90
 1112 0018 9D68     		ldr	r5, [r3, #8]
 1113 001a 25F07005 		bic	r5, r5, #112
 1114 001e 9D60     		str	r5, [r3, #8]
 1115 0020 9C68     		ldr	r4, [r3, #8]
 1116 0022 0C43     		orrs	r4, r4, r1
 1117 0024 9C60     		str	r4, [r3, #8]
 1118              	.L90:
 1119 0026 5C68     		ldr	r4, [r3, #4]
 1120 0028 44F00104 		orr	r4, r4, #1
 1121 002c 5C60     		str	r4, [r3, #4]
 1122 002e 5C68     		ldr	r4, [r3, #4]
 1123 0030 24F00404 		bic	r4, r4, #4
 1124 0034 5C60     		str	r4, [r3, #4]
 1125 0036 5968     		ldr	r1, [r3, #4]
 1126 0038 1143     		orrs	r1, r1, r2
 1127 003a 5960     		str	r1, [r3, #4]
 1128 003c DA68     		ldr	r2, [r3, #12]
 1129 003e 42F02002 		orr	r2, r2, #32
 1130 0042 DA60     		str	r2, [r3, #12]
 1131 0044 0023     		movs	r3, #0
 1132 0046 80F83C30 		strb	r3, [r0, #60]
 1133 004a 1846     		mov	r0, r3
 1134              	.L89:
 1135 004c 30BD     		pop	{r4, r5, pc}
 1136              	.L91:
 1137 004e 0220     		movs	r0, #2
 1138 0050 FCE7     		b	.L89
 1140              		.section	.text.HAL_TIMEx_ConfigCommutationEvent_DMA,"ax",%progbits
 1141              		.align	1
 1142              		.global	HAL_TIMEx_ConfigCommutationEvent_DMA
 1143              		.syntax unified
 1144              		.thumb
 1145              		.thumb_func
ARM GAS  C:\Users\gyoku\AppData\Local\Temp\cc6seQzW.s 			page 20


 1146              		.fpu fpv4-sp-d16
 1148              	HAL_TIMEx_ConfigCommutationEvent_DMA:
 1149              		@ args = 0, pretend = 0, frame = 0
 1150              		@ frame_needed = 0, uses_anonymous_args = 0
 1151 0000 90F83C30 		ldrb	r3, [r0, #60]	@ zero_extendqisi2
 1152 0004 012B     		cmp	r3, #1
 1153 0006 30B5     		push	{r4, r5, lr}
 1154 0008 26D0     		beq	.L95
 1155 000a 0123     		movs	r3, #1
 1156 000c 80F83C30 		strb	r3, [r0, #60]
 1157 0010 31F03003 		bics	r3, r1, #48
 1158 0014 0368     		ldr	r3, [r0]
 1159 0016 06D1     		bne	.L94
 1160 0018 9D68     		ldr	r5, [r3, #8]
 1161 001a 25F07005 		bic	r5, r5, #112
 1162 001e 9D60     		str	r5, [r3, #8]
 1163 0020 9C68     		ldr	r4, [r3, #8]
 1164 0022 0C43     		orrs	r4, r4, r1
 1165 0024 9C60     		str	r4, [r3, #8]
 1166              	.L94:
 1167 0026 5C68     		ldr	r4, [r3, #4]
 1168 0028 44F00104 		orr	r4, r4, #1
 1169 002c 5C60     		str	r4, [r3, #4]
 1170 002e 5C68     		ldr	r4, [r3, #4]
 1171 0030 24F00404 		bic	r4, r4, #4
 1172 0034 5C60     		str	r4, [r3, #4]
 1173 0036 5968     		ldr	r1, [r3, #4]
 1174 0038 1143     		orrs	r1, r1, r2
 1175 003a 426B     		ldr	r2, [r0, #52]
 1176 003c 5960     		str	r1, [r3, #4]
 1177 003e 0749     		ldr	r1, .L96
 1178 0040 9162     		str	r1, [r2, #40]
 1179 0042 0749     		ldr	r1, .L96+4
 1180 0044 1163     		str	r1, [r2, #48]
 1181 0046 DA68     		ldr	r2, [r3, #12]
 1182 0048 42F40052 		orr	r2, r2, #8192
 1183 004c DA60     		str	r2, [r3, #12]
 1184 004e 0023     		movs	r3, #0
 1185 0050 80F83C30 		strb	r3, [r0, #60]
 1186 0054 1846     		mov	r0, r3
 1187              	.L93:
 1188 0056 30BD     		pop	{r4, r5, pc}
 1189              	.L95:
 1190 0058 0220     		movs	r0, #2
 1191 005a FCE7     		b	.L93
 1192              	.L97:
 1193              		.align	2
 1194              	.L96:
 1195 005c 00000000 		.word	TIMEx_DMACommutationCplt
 1196 0060 00000000 		.word	TIM_DMAError
 1198              		.section	.text.HAL_TIM_OC_ConfigChannel,"ax",%progbits
 1199              		.align	1
 1200              		.global	HAL_TIM_OC_ConfigChannel
 1201              		.syntax unified
 1202              		.thumb
 1203              		.thumb_func
 1204              		.fpu fpv4-sp-d16
ARM GAS  C:\Users\gyoku\AppData\Local\Temp\cc6seQzW.s 			page 21


 1206              	HAL_TIM_OC_ConfigChannel:
 1207              		@ args = 0, pretend = 0, frame = 0
 1208              		@ frame_needed = 0, uses_anonymous_args = 0
 1209 0000 90F83C30 		ldrb	r3, [r0, #60]	@ zero_extendqisi2
 1210 0004 012B     		cmp	r3, #1
 1211 0006 10B5     		push	{r4, lr}
 1212 0008 0446     		mov	r4, r0
 1213 000a 4FF00200 		mov	r0, #2
 1214 000e 10D0     		beq	.L99
 1215 0010 0123     		movs	r3, #1
 1216 0012 082A     		cmp	r2, #8
 1217 0014 84F83C30 		strb	r3, [r4, #60]
 1218 0018 84F83D00 		strb	r0, [r4, #61]
 1219 001c 1CD0     		beq	.L100
 1220 001e 09D8     		bhi	.L101
 1221 0020 92B1     		cbz	r2, .L102
 1222 0022 042A     		cmp	r2, #4
 1223 0024 14D0     		beq	.L103
 1224              	.L104:
 1225 0026 0123     		movs	r3, #1
 1226 0028 0020     		movs	r0, #0
 1227 002a 84F83D30 		strb	r3, [r4, #61]
 1228 002e 84F83C00 		strb	r0, [r4, #60]
 1229              	.L99:
 1230 0032 10BD     		pop	{r4, pc}
 1231              	.L101:
 1232 0034 102A     		cmp	r2, #16
 1233 0036 13D0     		beq	.L105
 1234 0038 142A     		cmp	r2, #20
 1235 003a 15D0     		beq	.L106
 1236 003c 0C2A     		cmp	r2, #12
 1237 003e F2D1     		bne	.L104
 1238 0040 2068     		ldr	r0, [r4]
 1239 0042 FFF7FEFF 		bl	TIM_OC4_SetConfig
 1240 0046 EEE7     		b	.L104
 1241              	.L102:
 1242 0048 2068     		ldr	r0, [r4]
 1243 004a FFF7FEFF 		bl	TIM_OC1_SetConfig
 1244 004e EAE7     		b	.L104
 1245              	.L103:
 1246 0050 2068     		ldr	r0, [r4]
 1247 0052 FFF7FEFF 		bl	TIM_OC2_SetConfig
 1248 0056 E6E7     		b	.L104
 1249              	.L100:
 1250 0058 2068     		ldr	r0, [r4]
 1251 005a FFF7FEFF 		bl	TIM_OC3_SetConfig
 1252 005e E2E7     		b	.L104
 1253              	.L105:
 1254 0060 2068     		ldr	r0, [r4]
 1255 0062 FFF7FEFF 		bl	TIM_OC5_SetConfig
 1256 0066 DEE7     		b	.L104
 1257              	.L106:
 1258 0068 2068     		ldr	r0, [r4]
 1259 006a FFF7FEFF 		bl	TIM_OC6_SetConfig
 1260 006e DAE7     		b	.L104
 1262              		.section	.text.HAL_TIM_PWM_ConfigChannel,"ax",%progbits
 1263              		.align	1
ARM GAS  C:\Users\gyoku\AppData\Local\Temp\cc6seQzW.s 			page 22


 1264              		.global	HAL_TIM_PWM_ConfigChannel
 1265              		.syntax unified
 1266              		.thumb
 1267              		.thumb_func
 1268              		.fpu fpv4-sp-d16
 1270              	HAL_TIM_PWM_ConfigChannel:
 1271              		@ args = 0, pretend = 0, frame = 0
 1272              		@ frame_needed = 0, uses_anonymous_args = 0
 1273 0000 38B5     		push	{r3, r4, r5, lr}
 1274 0002 90F83C30 		ldrb	r3, [r0, #60]	@ zero_extendqisi2
 1275 0006 012B     		cmp	r3, #1
 1276 0008 0446     		mov	r4, r0
 1277 000a 0D46     		mov	r5, r1
 1278 000c 4FF00200 		mov	r0, #2
 1279 0010 10D0     		beq	.L110
 1280 0012 0123     		movs	r3, #1
 1281 0014 082A     		cmp	r2, #8
 1282 0016 84F83C30 		strb	r3, [r4, #60]
 1283 001a 84F83D00 		strb	r0, [r4, #61]
 1284 001e 43D0     		beq	.L111
 1285 0020 09D8     		bhi	.L112
 1286 0022 FAB1     		cbz	r2, .L113
 1287 0024 042A     		cmp	r2, #4
 1288 0026 2ED0     		beq	.L114
 1289              	.L115:
 1290 0028 0123     		movs	r3, #1
 1291 002a 0020     		movs	r0, #0
 1292 002c 84F83D30 		strb	r3, [r4, #61]
 1293 0030 84F83C00 		strb	r0, [r4, #60]
 1294              	.L110:
 1295 0034 38BD     		pop	{r3, r4, r5, pc}
 1296              	.L112:
 1297 0036 102A     		cmp	r2, #16
 1298 0038 47D0     		beq	.L116
 1299 003a 142A     		cmp	r2, #20
 1300 003c 56D0     		beq	.L117
 1301 003e 0C2A     		cmp	r2, #12
 1302 0040 F2D1     		bne	.L115
 1303 0042 2068     		ldr	r0, [r4]
 1304 0044 FFF7FEFF 		bl	TIM_OC4_SetConfig
 1305 0048 2368     		ldr	r3, [r4]
 1306 004a 2969     		ldr	r1, [r5, #16]
 1307 004c DA69     		ldr	r2, [r3, #28]
 1308 004e 42F40062 		orr	r2, r2, #2048
 1309 0052 DA61     		str	r2, [r3, #28]
 1310 0054 DA69     		ldr	r2, [r3, #28]
 1311 0056 22F48062 		bic	r2, r2, #1024
 1312 005a DA61     		str	r2, [r3, #28]
 1313 005c DA69     		ldr	r2, [r3, #28]
 1314 005e 42EA0122 		orr	r2, r2, r1, lsl #8
 1315 0062 30E0     		b	.L122
 1316              	.L113:
 1317 0064 2068     		ldr	r0, [r4]
 1318 0066 FFF7FEFF 		bl	TIM_OC1_SetConfig
 1319 006a 2368     		ldr	r3, [r4]
 1320 006c 2969     		ldr	r1, [r5, #16]
 1321 006e 9A69     		ldr	r2, [r3, #24]
ARM GAS  C:\Users\gyoku\AppData\Local\Temp\cc6seQzW.s 			page 23


 1322 0070 42F00802 		orr	r2, r2, #8
 1323 0074 9A61     		str	r2, [r3, #24]
 1324 0076 9A69     		ldr	r2, [r3, #24]
 1325 0078 22F00402 		bic	r2, r2, #4
 1326 007c 9A61     		str	r2, [r3, #24]
 1327 007e 9A69     		ldr	r2, [r3, #24]
 1328 0080 0A43     		orrs	r2, r2, r1
 1329              	.L120:
 1330 0082 9A61     		str	r2, [r3, #24]
 1331 0084 D0E7     		b	.L115
 1332              	.L114:
 1333 0086 2068     		ldr	r0, [r4]
 1334 0088 FFF7FEFF 		bl	TIM_OC2_SetConfig
 1335 008c 2368     		ldr	r3, [r4]
 1336 008e 2969     		ldr	r1, [r5, #16]
 1337 0090 9A69     		ldr	r2, [r3, #24]
 1338 0092 42F40062 		orr	r2, r2, #2048
 1339 0096 9A61     		str	r2, [r3, #24]
 1340 0098 9A69     		ldr	r2, [r3, #24]
 1341 009a 22F48062 		bic	r2, r2, #1024
 1342 009e 9A61     		str	r2, [r3, #24]
 1343 00a0 9A69     		ldr	r2, [r3, #24]
 1344 00a2 42EA0122 		orr	r2, r2, r1, lsl #8
 1345 00a6 ECE7     		b	.L120
 1346              	.L111:
 1347 00a8 2068     		ldr	r0, [r4]
 1348 00aa FFF7FEFF 		bl	TIM_OC3_SetConfig
 1349 00ae 2368     		ldr	r3, [r4]
 1350 00b0 2969     		ldr	r1, [r5, #16]
 1351 00b2 DA69     		ldr	r2, [r3, #28]
 1352 00b4 42F00802 		orr	r2, r2, #8
 1353 00b8 DA61     		str	r2, [r3, #28]
 1354 00ba DA69     		ldr	r2, [r3, #28]
 1355 00bc 22F00402 		bic	r2, r2, #4
 1356 00c0 DA61     		str	r2, [r3, #28]
 1357 00c2 DA69     		ldr	r2, [r3, #28]
 1358 00c4 0A43     		orrs	r2, r2, r1
 1359              	.L122:
 1360 00c6 DA61     		str	r2, [r3, #28]
 1361 00c8 AEE7     		b	.L115
 1362              	.L116:
 1363 00ca 2068     		ldr	r0, [r4]
 1364 00cc FFF7FEFF 		bl	TIM_OC5_SetConfig
 1365 00d0 2368     		ldr	r3, [r4]
 1366 00d2 0969     		ldr	r1, [r1, #16]
 1367 00d4 5A6D     		ldr	r2, [r3, #84]
 1368 00d6 42F00802 		orr	r2, r2, #8
 1369 00da 5A65     		str	r2, [r3, #84]
 1370 00dc 5A6D     		ldr	r2, [r3, #84]
 1371 00de 22F00402 		bic	r2, r2, #4
 1372 00e2 5A65     		str	r2, [r3, #84]
 1373 00e4 5A6D     		ldr	r2, [r3, #84]
 1374 00e6 0A43     		orrs	r2, r2, r1
 1375              	.L121:
 1376 00e8 5A65     		str	r2, [r3, #84]
 1377 00ea 9DE7     		b	.L115
 1378              	.L117:
ARM GAS  C:\Users\gyoku\AppData\Local\Temp\cc6seQzW.s 			page 24


 1379 00ec 2068     		ldr	r0, [r4]
 1380 00ee FFF7FEFF 		bl	TIM_OC6_SetConfig
 1381 00f2 2368     		ldr	r3, [r4]
 1382 00f4 0969     		ldr	r1, [r1, #16]
 1383 00f6 5A6D     		ldr	r2, [r3, #84]
 1384 00f8 42F40062 		orr	r2, r2, #2048
 1385 00fc 5A65     		str	r2, [r3, #84]
 1386 00fe 5A6D     		ldr	r2, [r3, #84]
 1387 0100 22F48062 		bic	r2, r2, #1024
 1388 0104 5A65     		str	r2, [r3, #84]
 1389 0106 5A6D     		ldr	r2, [r3, #84]
 1390 0108 42EA0122 		orr	r2, r2, r1, lsl #8
 1391 010c ECE7     		b	.L121
 1393              		.section	.text.HAL_TIMEx_MasterConfigSynchronization,"ax",%progbits
 1394              		.align	1
 1395              		.global	HAL_TIMEx_MasterConfigSynchronization
 1396              		.syntax unified
 1397              		.thumb
 1398              		.thumb_func
 1399              		.fpu fpv4-sp-d16
 1401              	HAL_TIMEx_MasterConfigSynchronization:
 1402              		@ args = 0, pretend = 0, frame = 0
 1403              		@ frame_needed = 0, uses_anonymous_args = 0
 1404 0000 90F83C30 		ldrb	r3, [r0, #60]	@ zero_extendqisi2
 1405 0004 012B     		cmp	r3, #1
 1406 0006 30B5     		push	{r4, r5, lr}
 1407 0008 18D0     		beq	.L126
 1408 000a 0268     		ldr	r2, [r0]
 1409 000c 0C4D     		ldr	r5, .L127
 1410 000e 5368     		ldr	r3, [r2, #4]
 1411 0010 9468     		ldr	r4, [r2, #8]
 1412 0012 AA42     		cmp	r2, r5
 1413 0014 02BF     		ittt	eq
 1414 0016 4D68     		ldreq	r5, [r1, #4]
 1415 0018 23F47003 		biceq	r3, r3, #15728640
 1416 001c 2B43     		orreq	r3, r3, r5
 1417 001e 0D68     		ldr	r5, [r1]
 1418 0020 8968     		ldr	r1, [r1, #8]
 1419 0022 23F07003 		bic	r3, r3, #112
 1420 0026 2B43     		orrs	r3, r3, r5
 1421 0028 24F08004 		bic	r4, r4, #128
 1422 002c 5360     		str	r3, [r2, #4]
 1423 002e 0C43     		orrs	r4, r4, r1
 1424 0030 0023     		movs	r3, #0
 1425 0032 9460     		str	r4, [r2, #8]
 1426 0034 80F83C30 		strb	r3, [r0, #60]
 1427 0038 1846     		mov	r0, r3
 1428              	.L124:
 1429 003a 30BD     		pop	{r4, r5, pc}
 1430              	.L126:
 1431 003c 0220     		movs	r0, #2
 1432 003e FCE7     		b	.L124
 1433              	.L128:
 1434              		.align	2
 1435              	.L127:
 1436 0040 002C0140 		.word	1073818624
 1438              		.section	.text.HAL_TIMEx_ConfigBreakDeadTime,"ax",%progbits
ARM GAS  C:\Users\gyoku\AppData\Local\Temp\cc6seQzW.s 			page 25


 1439              		.align	1
 1440              		.global	HAL_TIMEx_ConfigBreakDeadTime
 1441              		.syntax unified
 1442              		.thumb
 1443              		.thumb_func
 1444              		.fpu fpv4-sp-d16
 1446              	HAL_TIMEx_ConfigBreakDeadTime:
 1447              		@ args = 0, pretend = 0, frame = 0
 1448              		@ frame_needed = 0, uses_anonymous_args = 0
 1449 0000 90F83C30 		ldrb	r3, [r0, #60]	@ zero_extendqisi2
 1450 0004 012B     		cmp	r3, #1
 1451 0006 10B5     		push	{r4, lr}
 1452 0008 34D0     		beq	.L132
 1453 000a CB68     		ldr	r3, [r1, #12]
 1454 000c 8A68     		ldr	r2, [r1, #8]
 1455 000e 1A4C     		ldr	r4, .L133
 1456 0010 23F44073 		bic	r3, r3, #768
 1457 0014 1343     		orrs	r3, r3, r2
 1458 0016 4A68     		ldr	r2, [r1, #4]
 1459 0018 23F48063 		bic	r3, r3, #1024
 1460 001c 1343     		orrs	r3, r3, r2
 1461 001e 0A68     		ldr	r2, [r1]
 1462 0020 23F40063 		bic	r3, r3, #2048
 1463 0024 1343     		orrs	r3, r3, r2
 1464 0026 0A69     		ldr	r2, [r1, #16]
 1465 0028 23F48053 		bic	r3, r3, #4096
 1466 002c 1343     		orrs	r3, r3, r2
 1467 002e 4A69     		ldr	r2, [r1, #20]
 1468 0030 23F40053 		bic	r3, r3, #8192
 1469 0034 1343     		orrs	r3, r3, r2
 1470 0036 8A6A     		ldr	r2, [r1, #40]
 1471 0038 23F44043 		bic	r3, r3, #49152
 1472 003c 1343     		orrs	r3, r3, r2
 1473 003e 8A69     		ldr	r2, [r1, #24]
 1474 0040 23F47023 		bic	r3, r3, #983040
 1475 0044 43EA0243 		orr	r3, r3, r2, lsl #16
 1476 0048 0268     		ldr	r2, [r0]
 1477 004a A242     		cmp	r2, r4
 1478 004c 0CD1     		bne	.L131
 1479 004e 4C6A     		ldr	r4, [r1, #36]
 1480 0050 23F47003 		bic	r3, r3, #15728640
 1481 0054 43EA0453 		orr	r3, r3, r4, lsl #20
 1482 0058 CC69     		ldr	r4, [r1, #28]
 1483 005a 096A     		ldr	r1, [r1, #32]
 1484 005c 23F08073 		bic	r3, r3, #16777216
 1485 0060 2343     		orrs	r3, r3, r4
 1486 0062 23F00073 		bic	r3, r3, #33554432
 1487 0066 0B43     		orrs	r3, r3, r1
 1488              	.L131:
 1489 0068 5364     		str	r3, [r2, #68]
 1490 006a 0023     		movs	r3, #0
 1491 006c 80F83C30 		strb	r3, [r0, #60]
 1492 0070 1846     		mov	r0, r3
 1493              	.L130:
 1494 0072 10BD     		pop	{r4, pc}
 1495              	.L132:
 1496 0074 0220     		movs	r0, #2
ARM GAS  C:\Users\gyoku\AppData\Local\Temp\cc6seQzW.s 			page 26


 1497 0076 FCE7     		b	.L130
 1498              	.L134:
 1499              		.align	2
 1500              	.L133:
 1501 0078 002C0140 		.word	1073818624
 1503              		.section	.text.HAL_TIMEx_RemapConfig,"ax",%progbits
 1504              		.align	1
 1505              		.global	HAL_TIMEx_RemapConfig
 1506              		.syntax unified
 1507              		.thumb
 1508              		.thumb_func
 1509              		.fpu fpv4-sp-d16
 1511              	HAL_TIMEx_RemapConfig:
 1512              		@ args = 0, pretend = 0, frame = 0
 1513              		@ frame_needed = 0, uses_anonymous_args = 0
 1514              		@ link register save eliminated.
 1515 0000 90F83C30 		ldrb	r3, [r0, #60]	@ zero_extendqisi2
 1516 0004 012B     		cmp	r3, #1
 1517 0006 1FBF     		itttt	ne
 1518 0008 0368     		ldrne	r3, [r0]
 1519 000a 1965     		strne	r1, [r3, #80]
 1520 000c 0123     		movne	r3, #1
 1521 000e 80F83D30 		strbne	r3, [r0, #61]
 1522 0012 1DBF     		ittte	ne
 1523 0014 0023     		movne	r3, #0
 1524 0016 80F83C30 		strbne	r3, [r0, #60]
 1525 001a 1846     		movne	r0, r3
 1526 001c 0220     		moveq	r0, #2
 1527 001e 7047     		bx	lr
 1529              		.section	.text.HAL_TIMEx_GroupChannel5,"ax",%progbits
 1530              		.align	1
 1531              		.global	HAL_TIMEx_GroupChannel5
 1532              		.syntax unified
 1533              		.thumb
 1534              		.thumb_func
 1535              		.fpu fpv4-sp-d16
 1537              	HAL_TIMEx_GroupChannel5:
 1538              		@ args = 0, pretend = 0, frame = 0
 1539              		@ frame_needed = 0, uses_anonymous_args = 0
 1540 0000 90F83C30 		ldrb	r3, [r0, #60]	@ zero_extendqisi2
 1541 0004 012B     		cmp	r3, #1
 1542 0006 10B5     		push	{r4, lr}
 1543 0008 4FF00203 		mov	r3, #2
 1544 000c 0FD0     		beq	.L140
 1545 000e 80F83D30 		strb	r3, [r0, #61]
 1546 0012 0368     		ldr	r3, [r0]
 1547 0014 9C6D     		ldr	r4, [r3, #88]
 1548 0016 24F06044 		bic	r4, r4, #-536870912
 1549 001a 9C65     		str	r4, [r3, #88]
 1550 001c 9A6D     		ldr	r2, [r3, #88]
 1551 001e 0A43     		orrs	r2, r2, r1
 1552 0020 9A65     		str	r2, [r3, #88]
 1553 0022 0123     		movs	r3, #1
 1554 0024 80F83D30 		strb	r3, [r0, #61]
 1555 0028 0023     		movs	r3, #0
 1556 002a 80F83C30 		strb	r3, [r0, #60]
 1557              	.L140:
ARM GAS  C:\Users\gyoku\AppData\Local\Temp\cc6seQzW.s 			page 27


 1558 002e 1846     		mov	r0, r3
 1559 0030 10BD     		pop	{r4, pc}
 1561              		.section	.text.HAL_TIM_ConfigOCrefClear,"ax",%progbits
 1562              		.align	1
 1563              		.global	HAL_TIM_ConfigOCrefClear
 1564              		.syntax unified
 1565              		.thumb
 1566              		.thumb_func
 1567              		.fpu fpv4-sp-d16
 1569              	HAL_TIM_ConfigOCrefClear:
 1570              		@ args = 0, pretend = 0, frame = 0
 1571              		@ frame_needed = 0, uses_anonymous_args = 0
 1572 0000 90F83C30 		ldrb	r3, [r0, #60]	@ zero_extendqisi2
 1573 0004 012B     		cmp	r3, #1
 1574 0006 70B5     		push	{r4, r5, r6, lr}
 1575 0008 0446     		mov	r4, r0
 1576 000a 0D46     		mov	r5, r1
 1577 000c 1646     		mov	r6, r2
 1578 000e 4FF00200 		mov	r0, #2
 1579 0012 16D0     		beq	.L142
 1580 0014 0123     		movs	r3, #1
 1581 0016 84F83C30 		strb	r3, [r4, #60]
 1582 001a 4B68     		ldr	r3, [r1, #4]
 1583 001c 84F83D00 		strb	r0, [r4, #61]
 1584 0020 012B     		cmp	r3, #1
 1585 0022 1AD0     		beq	.L143
 1586 0024 73B1     		cbz	r3, .L144
 1587 0026 8342     		cmp	r3, r0
 1588 0028 14D0     		beq	.L145
 1589              	.L146:
 1590 002a 082E     		cmp	r6, #8
 1591 002c 44D0     		beq	.L147
 1592 002e 1FD8     		bhi	.L148
 1593 0030 5EB3     		cbz	r6, .L149
 1594 0032 042E     		cmp	r6, #4
 1595 0034 35D0     		beq	.L150
 1596              	.L151:
 1597 0036 0123     		movs	r3, #1
 1598 0038 0020     		movs	r0, #0
 1599 003a 84F83D30 		strb	r3, [r4, #61]
 1600 003e 84F83C00 		strb	r0, [r4, #60]
 1601              	.L142:
 1602 0042 70BD     		pop	{r4, r5, r6, pc}
 1603              	.L144:
 1604 0044 2268     		ldr	r2, [r4]
 1605 0046 9368     		ldr	r3, [r2, #8]
 1606 0048 23F47F43 		bic	r3, r3, #65280
 1607              	.L166:
 1608 004c 23F00803 		bic	r3, r3, #8
 1609              	.L162:
 1610 0050 9360     		str	r3, [r2, #8]
 1611 0052 EAE7     		b	.L146
 1612              	.L145:
 1613 0054 2268     		ldr	r2, [r4]
 1614 0056 9368     		ldr	r3, [r2, #8]
 1615 0058 F8E7     		b	.L166
 1616              	.L143:
ARM GAS  C:\Users\gyoku\AppData\Local\Temp\cc6seQzW.s 			page 28


 1617 005a 0B69     		ldr	r3, [r1, #16]
 1618 005c 2068     		ldr	r0, [r4]
 1619 005e D1E90221 		ldrd	r2, r1, [r1, #8]
 1620 0062 FFF7FEFF 		bl	TIM_ETR_SetConfig
 1621 0066 2268     		ldr	r2, [r4]
 1622 0068 9368     		ldr	r3, [r2, #8]
 1623 006a 43F00803 		orr	r3, r3, #8
 1624 006e EFE7     		b	.L162
 1625              	.L148:
 1626 0070 102E     		cmp	r6, #16
 1627 0072 31D0     		beq	.L152
 1628 0074 142E     		cmp	r6, #20
 1629 0076 3BD0     		beq	.L153
 1630 0078 0C2E     		cmp	r6, #12
 1631 007a DCD1     		bne	.L151
 1632 007c 2A68     		ldr	r2, [r5]
 1633 007e 2368     		ldr	r3, [r4]
 1634 0080 32B3     		cbz	r2, .L158
 1635 0082 DA69     		ldr	r2, [r3, #28]
 1636 0084 42F40042 		orr	r2, r2, #32768
 1637 0088 1CE0     		b	.L165
 1638              	.L149:
 1639 008a 2A68     		ldr	r2, [r5]
 1640 008c 2368     		ldr	r3, [r4]
 1641 008e 22B1     		cbz	r2, .L155
 1642 0090 9A69     		ldr	r2, [r3, #24]
 1643 0092 42F08002 		orr	r2, r2, #128
 1644              	.L163:
 1645 0096 9A61     		str	r2, [r3, #24]
 1646 0098 CDE7     		b	.L151
 1647              	.L155:
 1648 009a 9A69     		ldr	r2, [r3, #24]
 1649 009c 22F08002 		bic	r2, r2, #128
 1650 00a0 F9E7     		b	.L163
 1651              	.L150:
 1652 00a2 2A68     		ldr	r2, [r5]
 1653 00a4 2368     		ldr	r3, [r4]
 1654 00a6 1AB1     		cbz	r2, .L156
 1655 00a8 9A69     		ldr	r2, [r3, #24]
 1656 00aa 42F40042 		orr	r2, r2, #32768
 1657 00ae F2E7     		b	.L163
 1658              	.L156:
 1659 00b0 9A69     		ldr	r2, [r3, #24]
 1660 00b2 22F40042 		bic	r2, r2, #32768
 1661 00b6 EEE7     		b	.L163
 1662              	.L147:
 1663 00b8 2A68     		ldr	r2, [r5]
 1664 00ba 2368     		ldr	r3, [r4]
 1665 00bc 22B1     		cbz	r2, .L157
 1666 00be DA69     		ldr	r2, [r3, #28]
 1667 00c0 42F08002 		orr	r2, r2, #128
 1668              	.L165:
 1669 00c4 DA61     		str	r2, [r3, #28]
 1670 00c6 B6E7     		b	.L151
 1671              	.L157:
 1672 00c8 DA69     		ldr	r2, [r3, #28]
 1673 00ca 22F08002 		bic	r2, r2, #128
ARM GAS  C:\Users\gyoku\AppData\Local\Temp\cc6seQzW.s 			page 29


 1674 00ce F9E7     		b	.L165
 1675              	.L158:
 1676 00d0 DA69     		ldr	r2, [r3, #28]
 1677 00d2 22F40042 		bic	r2, r2, #32768
 1678 00d6 F5E7     		b	.L165
 1679              	.L152:
 1680 00d8 2A68     		ldr	r2, [r5]
 1681 00da 2368     		ldr	r3, [r4]
 1682 00dc 22B1     		cbz	r2, .L159
 1683 00de 5A6D     		ldr	r2, [r3, #84]
 1684 00e0 42F08002 		orr	r2, r2, #128
 1685              	.L164:
 1686 00e4 5A65     		str	r2, [r3, #84]
 1687 00e6 A6E7     		b	.L151
 1688              	.L159:
 1689 00e8 5A6D     		ldr	r2, [r3, #84]
 1690 00ea 22F08002 		bic	r2, r2, #128
 1691 00ee F9E7     		b	.L164
 1692              	.L153:
 1693 00f0 2A68     		ldr	r2, [r5]
 1694 00f2 2368     		ldr	r3, [r4]
 1695 00f4 1AB1     		cbz	r2, .L160
 1696 00f6 5A6D     		ldr	r2, [r3, #84]
 1697 00f8 42F40042 		orr	r2, r2, #32768
 1698 00fc F2E7     		b	.L164
 1699              	.L160:
 1700 00fe 5A6D     		ldr	r2, [r3, #84]
 1701 0100 22F40042 		bic	r2, r2, #32768
 1702 0104 EEE7     		b	.L164
 1704              		.section	.text.HAL_TIMEx_CommutationCallback,"ax",%progbits
 1705              		.align	1
 1706              		.weak	HAL_TIMEx_CommutationCallback
 1707              		.syntax unified
 1708              		.thumb
 1709              		.thumb_func
 1710              		.fpu fpv4-sp-d16
 1712              	HAL_TIMEx_CommutationCallback:
 1713              		@ args = 0, pretend = 0, frame = 0
 1714              		@ frame_needed = 0, uses_anonymous_args = 0
 1715              		@ link register save eliminated.
 1716 0000 7047     		bx	lr
 1718              		.section	.text.TIMEx_DMACommutationCplt,"ax",%progbits
 1719              		.align	1
 1720              		.global	TIMEx_DMACommutationCplt
 1721              		.syntax unified
 1722              		.thumb
 1723              		.thumb_func
 1724              		.fpu fpv4-sp-d16
 1726              	TIMEx_DMACommutationCplt:
 1727              		@ args = 0, pretend = 0, frame = 0
 1728              		@ frame_needed = 0, uses_anonymous_args = 0
 1729 0000 08B5     		push	{r3, lr}
 1730 0002 406A     		ldr	r0, [r0, #36]
 1731 0004 0123     		movs	r3, #1
 1732 0006 80F83D30 		strb	r3, [r0, #61]
 1733 000a FFF7FEFF 		bl	HAL_TIMEx_CommutationCallback
 1734 000e 08BD     		pop	{r3, pc}
ARM GAS  C:\Users\gyoku\AppData\Local\Temp\cc6seQzW.s 			page 30


 1736              		.section	.text.HAL_TIMEx_BreakCallback,"ax",%progbits
 1737              		.align	1
 1738              		.weak	HAL_TIMEx_BreakCallback
 1739              		.syntax unified
 1740              		.thumb
 1741              		.thumb_func
 1742              		.fpu fpv4-sp-d16
 1744              	HAL_TIMEx_BreakCallback:
 1745              		@ args = 0, pretend = 0, frame = 0
 1746              		@ frame_needed = 0, uses_anonymous_args = 0
 1747              		@ link register save eliminated.
 1748 0000 7047     		bx	lr
 1750              		.section	.text.HAL_TIMEx_Break2Callback,"ax",%progbits
 1751              		.align	1
 1752              		.weak	HAL_TIMEx_Break2Callback
 1753              		.syntax unified
 1754              		.thumb
 1755              		.thumb_func
 1756              		.fpu fpv4-sp-d16
 1758              	HAL_TIMEx_Break2Callback:
 1759              		@ args = 0, pretend = 0, frame = 0
 1760              		@ frame_needed = 0, uses_anonymous_args = 0
 1761              		@ link register save eliminated.
 1762 0000 7047     		bx	lr
 1764              		.section	.text.HAL_TIMEx_HallSensor_GetState,"ax",%progbits
 1765              		.align	1
 1766              		.global	HAL_TIMEx_HallSensor_GetState
 1767              		.syntax unified
 1768              		.thumb
 1769              		.thumb_func
 1770              		.fpu fpv4-sp-d16
 1772              	HAL_TIMEx_HallSensor_GetState:
 1773              		@ args = 0, pretend = 0, frame = 0
 1774              		@ frame_needed = 0, uses_anonymous_args = 0
 1775              		@ link register save eliminated.
 1776 0000 90F83D00 		ldrb	r0, [r0, #61]	@ zero_extendqisi2
 1777 0004 7047     		bx	lr
 1779              		.ident	"GCC: (GNU MCU Eclipse ARM Embedded GCC, 64-bit) 8.2.1 20181213 (release) [gcc-8-branch rev
ARM GAS  C:\Users\gyoku\AppData\Local\Temp\cc6seQzW.s 			page 31


DEFINED SYMBOLS
                            *ABS*:0000000000000000 stm32f3xx_hal_tim_ex.c
C:\Users\gyoku\AppData\Local\Temp\cc6seQzW.s:16     .text.TIM_CCxNChannelCmd:0000000000000000 $t
C:\Users\gyoku\AppData\Local\Temp\cc6seQzW.s:23     .text.TIM_CCxNChannelCmd:0000000000000000 TIM_CCxNChannelCmd
C:\Users\gyoku\AppData\Local\Temp\cc6seQzW.s:39     .text.TIM_OC5_SetConfig:0000000000000000 $t
C:\Users\gyoku\AppData\Local\Temp\cc6seQzW.s:45     .text.TIM_OC5_SetConfig:0000000000000000 TIM_OC5_SetConfig
C:\Users\gyoku\AppData\Local\Temp\cc6seQzW.s:88     .text.TIM_OC5_SetConfig:000000000000005c $d
C:\Users\gyoku\AppData\Local\Temp\cc6seQzW.s:91     .text.TIM_OC6_SetConfig:0000000000000000 $t
C:\Users\gyoku\AppData\Local\Temp\cc6seQzW.s:97     .text.TIM_OC6_SetConfig:0000000000000000 TIM_OC6_SetConfig
C:\Users\gyoku\AppData\Local\Temp\cc6seQzW.s:140    .text.TIM_OC6_SetConfig:000000000000005c $d
C:\Users\gyoku\AppData\Local\Temp\cc6seQzW.s:143    .text.HAL_TIMEx_HallSensor_MspInit:0000000000000000 $t
C:\Users\gyoku\AppData\Local\Temp\cc6seQzW.s:150    .text.HAL_TIMEx_HallSensor_MspInit:0000000000000000 HAL_TIMEx_HallSensor_MspInit
C:\Users\gyoku\AppData\Local\Temp\cc6seQzW.s:157    .text.HAL_TIMEx_HallSensor_Init:0000000000000000 $t
C:\Users\gyoku\AppData\Local\Temp\cc6seQzW.s:164    .text.HAL_TIMEx_HallSensor_Init:0000000000000000 HAL_TIMEx_HallSensor_Init
C:\Users\gyoku\AppData\Local\Temp\cc6seQzW.s:242    .text.HAL_TIMEx_HallSensor_MspDeInit:0000000000000000 $t
C:\Users\gyoku\AppData\Local\Temp\cc6seQzW.s:249    .text.HAL_TIMEx_HallSensor_MspDeInit:0000000000000000 HAL_TIMEx_HallSensor_MspDeInit
C:\Users\gyoku\AppData\Local\Temp\cc6seQzW.s:256    .text.HAL_TIMEx_HallSensor_DeInit:0000000000000000 $t
C:\Users\gyoku\AppData\Local\Temp\cc6seQzW.s:263    .text.HAL_TIMEx_HallSensor_DeInit:0000000000000000 HAL_TIMEx_HallSensor_DeInit
C:\Users\gyoku\AppData\Local\Temp\cc6seQzW.s:291    .text.HAL_TIMEx_HallSensor_Start:0000000000000000 $t
C:\Users\gyoku\AppData\Local\Temp\cc6seQzW.s:298    .text.HAL_TIMEx_HallSensor_Start:0000000000000000 HAL_TIMEx_HallSensor_Start
C:\Users\gyoku\AppData\Local\Temp\cc6seQzW.s:315    .text.HAL_TIMEx_HallSensor_Stop:0000000000000000 $t
C:\Users\gyoku\AppData\Local\Temp\cc6seQzW.s:322    .text.HAL_TIMEx_HallSensor_Stop:0000000000000000 HAL_TIMEx_HallSensor_Stop
C:\Users\gyoku\AppData\Local\Temp\cc6seQzW.s:348    .text.HAL_TIMEx_HallSensor_Start_IT:0000000000000000 $t
C:\Users\gyoku\AppData\Local\Temp\cc6seQzW.s:355    .text.HAL_TIMEx_HallSensor_Start_IT:0000000000000000 HAL_TIMEx_HallSensor_Start_IT
C:\Users\gyoku\AppData\Local\Temp\cc6seQzW.s:375    .text.HAL_TIMEx_HallSensor_Stop_IT:0000000000000000 $t
C:\Users\gyoku\AppData\Local\Temp\cc6seQzW.s:382    .text.HAL_TIMEx_HallSensor_Stop_IT:0000000000000000 HAL_TIMEx_HallSensor_Stop_IT
C:\Users\gyoku\AppData\Local\Temp\cc6seQzW.s:411    .text.HAL_TIMEx_HallSensor_Start_DMA:0000000000000000 $t
C:\Users\gyoku\AppData\Local\Temp\cc6seQzW.s:418    .text.HAL_TIMEx_HallSensor_Start_DMA:0000000000000000 HAL_TIMEx_HallSensor_Start_DMA
C:\Users\gyoku\AppData\Local\Temp\cc6seQzW.s:466    .text.HAL_TIMEx_HallSensor_Start_DMA:000000000000005c $d
C:\Users\gyoku\AppData\Local\Temp\cc6seQzW.s:470    .text.HAL_TIMEx_HallSensor_Stop_DMA:0000000000000000 $t
C:\Users\gyoku\AppData\Local\Temp\cc6seQzW.s:477    .text.HAL_TIMEx_HallSensor_Stop_DMA:0000000000000000 HAL_TIMEx_HallSensor_Stop_DMA
C:\Users\gyoku\AppData\Local\Temp\cc6seQzW.s:506    .text.HAL_TIMEx_OCN_Start:0000000000000000 $t
C:\Users\gyoku\AppData\Local\Temp\cc6seQzW.s:513    .text.HAL_TIMEx_OCN_Start:0000000000000000 HAL_TIMEx_OCN_Start
C:\Users\gyoku\AppData\Local\Temp\cc6seQzW.s:532    .text.HAL_TIMEx_OCN_Stop:0000000000000000 $t
C:\Users\gyoku\AppData\Local\Temp\cc6seQzW.s:539    .text.HAL_TIMEx_OCN_Stop:0000000000000000 HAL_TIMEx_OCN_Stop
C:\Users\gyoku\AppData\Local\Temp\cc6seQzW.s:576    .text.HAL_TIMEx_OCN_Start_IT:0000000000000000 $t
C:\Users\gyoku\AppData\Local\Temp\cc6seQzW.s:583    .text.HAL_TIMEx_OCN_Start_IT:0000000000000000 HAL_TIMEx_OCN_Start_IT
C:\Users\gyoku\AppData\Local\Temp\cc6seQzW.s:623    .text.HAL_TIMEx_OCN_Stop_IT:0000000000000000 $t
C:\Users\gyoku\AppData\Local\Temp\cc6seQzW.s:630    .text.HAL_TIMEx_OCN_Stop_IT:0000000000000000 HAL_TIMEx_OCN_Stop_IT
C:\Users\gyoku\AppData\Local\Temp\cc6seQzW.s:692    .text.HAL_TIMEx_OCN_Start_DMA:0000000000000000 $t
C:\Users\gyoku\AppData\Local\Temp\cc6seQzW.s:699    .text.HAL_TIMEx_OCN_Start_DMA:0000000000000000 HAL_TIMEx_OCN_Start_DMA
C:\Users\gyoku\AppData\Local\Temp\cc6seQzW.s:780    .text.HAL_TIMEx_OCN_Start_DMA:00000000000000a0 $d
C:\Users\gyoku\AppData\Local\Temp\cc6seQzW.s:784    .text.HAL_TIMEx_OCN_Stop_DMA:0000000000000000 $t
C:\Users\gyoku\AppData\Local\Temp\cc6seQzW.s:791    .text.HAL_TIMEx_OCN_Stop_DMA:0000000000000000 HAL_TIMEx_OCN_Stop_DMA
C:\Users\gyoku\AppData\Local\Temp\cc6seQzW.s:848    .text.HAL_TIMEx_PWMN_Start:0000000000000000 $t
C:\Users\gyoku\AppData\Local\Temp\cc6seQzW.s:855    .text.HAL_TIMEx_PWMN_Start:0000000000000000 HAL_TIMEx_PWMN_Start
C:\Users\gyoku\AppData\Local\Temp\cc6seQzW.s:862    .text.HAL_TIMEx_PWMN_Stop:0000000000000000 $t
C:\Users\gyoku\AppData\Local\Temp\cc6seQzW.s:869    .text.HAL_TIMEx_PWMN_Stop:0000000000000000 HAL_TIMEx_PWMN_Stop
C:\Users\gyoku\AppData\Local\Temp\cc6seQzW.s:876    .text.HAL_TIMEx_PWMN_Start_IT:0000000000000000 $t
C:\Users\gyoku\AppData\Local\Temp\cc6seQzW.s:883    .text.HAL_TIMEx_PWMN_Start_IT:0000000000000000 HAL_TIMEx_PWMN_Start_IT
C:\Users\gyoku\AppData\Local\Temp\cc6seQzW.s:890    .text.HAL_TIMEx_PWMN_Stop_IT:0000000000000000 $t
C:\Users\gyoku\AppData\Local\Temp\cc6seQzW.s:897    .text.HAL_TIMEx_PWMN_Stop_IT:0000000000000000 HAL_TIMEx_PWMN_Stop_IT
C:\Users\gyoku\AppData\Local\Temp\cc6seQzW.s:904    .text.HAL_TIMEx_PWMN_Start_DMA:0000000000000000 $t
C:\Users\gyoku\AppData\Local\Temp\cc6seQzW.s:911    .text.HAL_TIMEx_PWMN_Start_DMA:0000000000000000 HAL_TIMEx_PWMN_Start_DMA
C:\Users\gyoku\AppData\Local\Temp\cc6seQzW.s:918    .text.HAL_TIMEx_PWMN_Stop_DMA:0000000000000000 $t
C:\Users\gyoku\AppData\Local\Temp\cc6seQzW.s:925    .text.HAL_TIMEx_PWMN_Stop_DMA:0000000000000000 HAL_TIMEx_PWMN_Stop_DMA
C:\Users\gyoku\AppData\Local\Temp\cc6seQzW.s:932    .text.HAL_TIMEx_OnePulseN_Start:0000000000000000 $t
ARM GAS  C:\Users\gyoku\AppData\Local\Temp\cc6seQzW.s 			page 32


C:\Users\gyoku\AppData\Local\Temp\cc6seQzW.s:939    .text.HAL_TIMEx_OnePulseN_Start:0000000000000000 HAL_TIMEx_OnePulseN_Start
C:\Users\gyoku\AppData\Local\Temp\cc6seQzW.s:955    .text.HAL_TIMEx_OnePulseN_Stop:0000000000000000 $t
C:\Users\gyoku\AppData\Local\Temp\cc6seQzW.s:962    .text.HAL_TIMEx_OnePulseN_Stop:0000000000000000 HAL_TIMEx_OnePulseN_Stop
C:\Users\gyoku\AppData\Local\Temp\cc6seQzW.s:969    .text.HAL_TIMEx_OnePulseN_Start_IT:0000000000000000 $t
C:\Users\gyoku\AppData\Local\Temp\cc6seQzW.s:976    .text.HAL_TIMEx_OnePulseN_Start_IT:0000000000000000 HAL_TIMEx_OnePulseN_Start_IT
C:\Users\gyoku\AppData\Local\Temp\cc6seQzW.s:998    .text.HAL_TIMEx_OnePulseN_Stop_IT:0000000000000000 $t
C:\Users\gyoku\AppData\Local\Temp\cc6seQzW.s:1005   .text.HAL_TIMEx_OnePulseN_Stop_IT:0000000000000000 HAL_TIMEx_OnePulseN_Stop_IT
C:\Users\gyoku\AppData\Local\Temp\cc6seQzW.s:1048   .text.HAL_TIMEx_ConfigCommutationEvent:0000000000000000 $t
C:\Users\gyoku\AppData\Local\Temp\cc6seQzW.s:1055   .text.HAL_TIMEx_ConfigCommutationEvent:0000000000000000 HAL_TIMEx_ConfigCommutationEvent
C:\Users\gyoku\AppData\Local\Temp\cc6seQzW.s:1093   .text.HAL_TIMEx_ConfigCommutationEvent_IT:0000000000000000 $t
C:\Users\gyoku\AppData\Local\Temp\cc6seQzW.s:1100   .text.HAL_TIMEx_ConfigCommutationEvent_IT:0000000000000000 HAL_TIMEx_ConfigCommutationEvent_IT
C:\Users\gyoku\AppData\Local\Temp\cc6seQzW.s:1141   .text.HAL_TIMEx_ConfigCommutationEvent_DMA:0000000000000000 $t
C:\Users\gyoku\AppData\Local\Temp\cc6seQzW.s:1148   .text.HAL_TIMEx_ConfigCommutationEvent_DMA:0000000000000000 HAL_TIMEx_ConfigCommutationEvent_DMA
C:\Users\gyoku\AppData\Local\Temp\cc6seQzW.s:1195   .text.HAL_TIMEx_ConfigCommutationEvent_DMA:000000000000005c $d
C:\Users\gyoku\AppData\Local\Temp\cc6seQzW.s:1726   .text.TIMEx_DMACommutationCplt:0000000000000000 TIMEx_DMACommutationCplt
C:\Users\gyoku\AppData\Local\Temp\cc6seQzW.s:1199   .text.HAL_TIM_OC_ConfigChannel:0000000000000000 $t
C:\Users\gyoku\AppData\Local\Temp\cc6seQzW.s:1206   .text.HAL_TIM_OC_ConfigChannel:0000000000000000 HAL_TIM_OC_ConfigChannel
C:\Users\gyoku\AppData\Local\Temp\cc6seQzW.s:1263   .text.HAL_TIM_PWM_ConfigChannel:0000000000000000 $t
C:\Users\gyoku\AppData\Local\Temp\cc6seQzW.s:1270   .text.HAL_TIM_PWM_ConfigChannel:0000000000000000 HAL_TIM_PWM_ConfigChannel
C:\Users\gyoku\AppData\Local\Temp\cc6seQzW.s:1394   .text.HAL_TIMEx_MasterConfigSynchronization:0000000000000000 $t
C:\Users\gyoku\AppData\Local\Temp\cc6seQzW.s:1401   .text.HAL_TIMEx_MasterConfigSynchronization:0000000000000000 HAL_TIMEx_MasterConfigSynchronization
C:\Users\gyoku\AppData\Local\Temp\cc6seQzW.s:1436   .text.HAL_TIMEx_MasterConfigSynchronization:0000000000000040 $d
C:\Users\gyoku\AppData\Local\Temp\cc6seQzW.s:1439   .text.HAL_TIMEx_ConfigBreakDeadTime:0000000000000000 $t
C:\Users\gyoku\AppData\Local\Temp\cc6seQzW.s:1446   .text.HAL_TIMEx_ConfigBreakDeadTime:0000000000000000 HAL_TIMEx_ConfigBreakDeadTime
C:\Users\gyoku\AppData\Local\Temp\cc6seQzW.s:1501   .text.HAL_TIMEx_ConfigBreakDeadTime:0000000000000078 $d
C:\Users\gyoku\AppData\Local\Temp\cc6seQzW.s:1504   .text.HAL_TIMEx_RemapConfig:0000000000000000 $t
C:\Users\gyoku\AppData\Local\Temp\cc6seQzW.s:1511   .text.HAL_TIMEx_RemapConfig:0000000000000000 HAL_TIMEx_RemapConfig
C:\Users\gyoku\AppData\Local\Temp\cc6seQzW.s:1530   .text.HAL_TIMEx_GroupChannel5:0000000000000000 $t
C:\Users\gyoku\AppData\Local\Temp\cc6seQzW.s:1537   .text.HAL_TIMEx_GroupChannel5:0000000000000000 HAL_TIMEx_GroupChannel5
C:\Users\gyoku\AppData\Local\Temp\cc6seQzW.s:1562   .text.HAL_TIM_ConfigOCrefClear:0000000000000000 $t
C:\Users\gyoku\AppData\Local\Temp\cc6seQzW.s:1569   .text.HAL_TIM_ConfigOCrefClear:0000000000000000 HAL_TIM_ConfigOCrefClear
C:\Users\gyoku\AppData\Local\Temp\cc6seQzW.s:1705   .text.HAL_TIMEx_CommutationCallback:0000000000000000 $t
C:\Users\gyoku\AppData\Local\Temp\cc6seQzW.s:1712   .text.HAL_TIMEx_CommutationCallback:0000000000000000 HAL_TIMEx_CommutationCallback
C:\Users\gyoku\AppData\Local\Temp\cc6seQzW.s:1719   .text.TIMEx_DMACommutationCplt:0000000000000000 $t
C:\Users\gyoku\AppData\Local\Temp\cc6seQzW.s:1737   .text.HAL_TIMEx_BreakCallback:0000000000000000 $t
C:\Users\gyoku\AppData\Local\Temp\cc6seQzW.s:1744   .text.HAL_TIMEx_BreakCallback:0000000000000000 HAL_TIMEx_BreakCallback
C:\Users\gyoku\AppData\Local\Temp\cc6seQzW.s:1751   .text.HAL_TIMEx_Break2Callback:0000000000000000 $t
C:\Users\gyoku\AppData\Local\Temp\cc6seQzW.s:1758   .text.HAL_TIMEx_Break2Callback:0000000000000000 HAL_TIMEx_Break2Callback
C:\Users\gyoku\AppData\Local\Temp\cc6seQzW.s:1765   .text.HAL_TIMEx_HallSensor_GetState:0000000000000000 $t
C:\Users\gyoku\AppData\Local\Temp\cc6seQzW.s:1772   .text.HAL_TIMEx_HallSensor_GetState:0000000000000000 HAL_TIMEx_HallSensor_GetState

UNDEFINED SYMBOLS
TIM_Base_SetConfig
TIM_TI1_SetConfig
TIM_OC2_SetConfig
TIM_CCxChannelCmd
HAL_DMA_Start_IT
TIM_DMACaptureCplt
TIM_DMAError
TIM_DMADelayPulseCplt
TIM_OC4_SetConfig
TIM_OC1_SetConfig
TIM_OC3_SetConfig
TIM_ETR_SetConfig
