ARM GAS  C:\Users\gyoku\AppData\Local\Temp\ccuKJzUy.s 			page 1


   1              		.cpu cortex-m4
   2              		.eabi_attribute 27, 1
   3              		.eabi_attribute 28, 1
   4              		.eabi_attribute 20, 1
   5              		.eabi_attribute 21, 1
   6              		.eabi_attribute 23, 3
   7              		.eabi_attribute 24, 1
   8              		.eabi_attribute 25, 1
   9              		.eabi_attribute 26, 1
  10              		.eabi_attribute 30, 4
  11              		.eabi_attribute 34, 1
  12              		.eabi_attribute 18, 4
  13              		.file	"stm32f3xx_hal_i2c_ex.c"
  14              		.text
  15              		.section	.text.HAL_I2CEx_ConfigAnalogFilter,"ax",%progbits
  16              		.align	1
  17              		.global	HAL_I2CEx_ConfigAnalogFilter
  18              		.arch armv7e-m
  19              		.syntax unified
  20              		.thumb
  21              		.thumb_func
  22              		.fpu fpv4-sp-d16
  24              	HAL_I2CEx_ConfigAnalogFilter:
  25              		@ args = 0, pretend = 0, frame = 0
  26              		@ frame_needed = 0, uses_anonymous_args = 0
  27 0000 90F84120 		ldrb	r2, [r0, #65]	@ zero_extendqisi2
  28 0004 D2B2     		uxtb	r2, r2
  29 0006 202A     		cmp	r2, #32
  30 0008 30B5     		push	{r4, r5, lr}
  31 000a 1DD1     		bne	.L4
  32 000c 90F84030 		ldrb	r3, [r0, #64]	@ zero_extendqisi2
  33 0010 012B     		cmp	r3, #1
  34 0012 19D0     		beq	.L4
  35 0014 2423     		movs	r3, #36
  36 0016 80F84130 		strb	r3, [r0, #65]
  37 001a 0368     		ldr	r3, [r0]
  38 001c 1D68     		ldr	r5, [r3]
  39 001e 25F00105 		bic	r5, r5, #1
  40 0022 1D60     		str	r5, [r3]
  41 0024 1D68     		ldr	r5, [r3]
  42 0026 25F48055 		bic	r5, r5, #4096
  43 002a 1D60     		str	r5, [r3]
  44 002c 1C68     		ldr	r4, [r3]
  45 002e 0C43     		orrs	r4, r4, r1
  46 0030 1C60     		str	r4, [r3]
  47 0032 1968     		ldr	r1, [r3]
  48 0034 41F00101 		orr	r1, r1, #1
  49 0038 1960     		str	r1, [r3]
  50 003a 0023     		movs	r3, #0
  51 003c 80F84120 		strb	r2, [r0, #65]
  52 0040 80F84030 		strb	r3, [r0, #64]
  53 0044 1846     		mov	r0, r3
  54              	.L2:
  55 0046 30BD     		pop	{r4, r5, pc}
  56              	.L4:
  57 0048 0220     		movs	r0, #2
  58 004a FCE7     		b	.L2
ARM GAS  C:\Users\gyoku\AppData\Local\Temp\ccuKJzUy.s 			page 2


  60              		.section	.text.HAL_I2CEx_ConfigDigitalFilter,"ax",%progbits
  61              		.align	1
  62              		.global	HAL_I2CEx_ConfigDigitalFilter
  63              		.syntax unified
  64              		.thumb
  65              		.thumb_func
  66              		.fpu fpv4-sp-d16
  68              	HAL_I2CEx_ConfigDigitalFilter:
  69              		@ args = 0, pretend = 0, frame = 0
  70              		@ frame_needed = 0, uses_anonymous_args = 0
  71 0000 30B5     		push	{r4, r5, lr}
  72 0002 90F84140 		ldrb	r4, [r0, #65]	@ zero_extendqisi2
  73 0006 E4B2     		uxtb	r4, r4
  74 0008 202C     		cmp	r4, #32
  75 000a 1CD1     		bne	.L8
  76 000c 90F84030 		ldrb	r3, [r0, #64]	@ zero_extendqisi2
  77 0010 012B     		cmp	r3, #1
  78 0012 18D0     		beq	.L8
  79 0014 2423     		movs	r3, #36
  80 0016 80F84130 		strb	r3, [r0, #65]
  81 001a 0368     		ldr	r3, [r0]
  82 001c 1D68     		ldr	r5, [r3]
  83 001e 25F00105 		bic	r5, r5, #1
  84 0022 1D60     		str	r5, [r3]
  85 0024 1A68     		ldr	r2, [r3]
  86 0026 22F47062 		bic	r2, r2, #3840
  87 002a 42EA0122 		orr	r2, r2, r1, lsl #8
  88 002e 1A60     		str	r2, [r3]
  89 0030 1A68     		ldr	r2, [r3]
  90 0032 42F00102 		orr	r2, r2, #1
  91 0036 1A60     		str	r2, [r3]
  92 0038 0023     		movs	r3, #0
  93 003a 80F84140 		strb	r4, [r0, #65]
  94 003e 80F84030 		strb	r3, [r0, #64]
  95 0042 1846     		mov	r0, r3
  96              	.L6:
  97 0044 30BD     		pop	{r4, r5, pc}
  98              	.L8:
  99 0046 0220     		movs	r0, #2
 100 0048 FCE7     		b	.L6
 102              		.section	.text.HAL_I2CEx_EnableWakeUp,"ax",%progbits
 103              		.align	1
 104              		.global	HAL_I2CEx_EnableWakeUp
 105              		.syntax unified
 106              		.thumb
 107              		.thumb_func
 108              		.fpu fpv4-sp-d16
 110              	HAL_I2CEx_EnableWakeUp:
 111              		@ args = 0, pretend = 0, frame = 0
 112              		@ frame_needed = 0, uses_anonymous_args = 0
 113              		@ link register save eliminated.
 114 0000 90F84120 		ldrb	r2, [r0, #65]	@ zero_extendqisi2
 115 0004 D2B2     		uxtb	r2, r2
 116 0006 202A     		cmp	r2, #32
 117 0008 1AD1     		bne	.L12
 118 000a 90F84030 		ldrb	r3, [r0, #64]	@ zero_extendqisi2
 119 000e 012B     		cmp	r3, #1
ARM GAS  C:\Users\gyoku\AppData\Local\Temp\ccuKJzUy.s 			page 3


 120 0010 16D0     		beq	.L12
 121 0012 2423     		movs	r3, #36
 122 0014 80F84130 		strb	r3, [r0, #65]
 123 0018 0368     		ldr	r3, [r0]
 124 001a 1968     		ldr	r1, [r3]
 125 001c 21F00101 		bic	r1, r1, #1
 126 0020 1960     		str	r1, [r3]
 127 0022 1968     		ldr	r1, [r3]
 128 0024 41F48021 		orr	r1, r1, #262144
 129 0028 1960     		str	r1, [r3]
 130 002a 1968     		ldr	r1, [r3]
 131 002c 41F00101 		orr	r1, r1, #1
 132 0030 1960     		str	r1, [r3]
 133 0032 0023     		movs	r3, #0
 134 0034 80F84120 		strb	r2, [r0, #65]
 135 0038 80F84030 		strb	r3, [r0, #64]
 136 003c 1846     		mov	r0, r3
 137 003e 7047     		bx	lr
 138              	.L12:
 139 0040 0220     		movs	r0, #2
 140 0042 7047     		bx	lr
 142              		.section	.text.HAL_I2CEx_DisableWakeUp,"ax",%progbits
 143              		.align	1
 144              		.global	HAL_I2CEx_DisableWakeUp
 145              		.syntax unified
 146              		.thumb
 147              		.thumb_func
 148              		.fpu fpv4-sp-d16
 150              	HAL_I2CEx_DisableWakeUp:
 151              		@ args = 0, pretend = 0, frame = 0
 152              		@ frame_needed = 0, uses_anonymous_args = 0
 153              		@ link register save eliminated.
 154 0000 90F84120 		ldrb	r2, [r0, #65]	@ zero_extendqisi2
 155 0004 D2B2     		uxtb	r2, r2
 156 0006 202A     		cmp	r2, #32
 157 0008 1AD1     		bne	.L16
 158 000a 90F84030 		ldrb	r3, [r0, #64]	@ zero_extendqisi2
 159 000e 012B     		cmp	r3, #1
 160 0010 16D0     		beq	.L16
 161 0012 2423     		movs	r3, #36
 162 0014 80F84130 		strb	r3, [r0, #65]
 163 0018 0368     		ldr	r3, [r0]
 164 001a 1968     		ldr	r1, [r3]
 165 001c 21F00101 		bic	r1, r1, #1
 166 0020 1960     		str	r1, [r3]
 167 0022 1968     		ldr	r1, [r3]
 168 0024 21F48021 		bic	r1, r1, #262144
 169 0028 1960     		str	r1, [r3]
 170 002a 1968     		ldr	r1, [r3]
 171 002c 41F00101 		orr	r1, r1, #1
 172 0030 1960     		str	r1, [r3]
 173 0032 0023     		movs	r3, #0
 174 0034 80F84120 		strb	r2, [r0, #65]
 175 0038 80F84030 		strb	r3, [r0, #64]
 176 003c 1846     		mov	r0, r3
 177 003e 7047     		bx	lr
 178              	.L16:
ARM GAS  C:\Users\gyoku\AppData\Local\Temp\ccuKJzUy.s 			page 4


 179 0040 0220     		movs	r0, #2
 180 0042 7047     		bx	lr
 182              		.section	.text.HAL_I2CEx_EnableFastModePlus,"ax",%progbits
 183              		.align	1
 184              		.global	HAL_I2CEx_EnableFastModePlus
 185              		.syntax unified
 186              		.thumb
 187              		.thumb_func
 188              		.fpu fpv4-sp-d16
 190              	HAL_I2CEx_EnableFastModePlus:
 191              		@ args = 0, pretend = 0, frame = 8
 192              		@ frame_needed = 0, uses_anonymous_args = 0
 193              		@ link register save eliminated.
 194 0000 084B     		ldr	r3, .L18
 195 0002 9A69     		ldr	r2, [r3, #24]
 196 0004 42F00102 		orr	r2, r2, #1
 197 0008 9A61     		str	r2, [r3, #24]
 198 000a 9B69     		ldr	r3, [r3, #24]
 199 000c 064A     		ldr	r2, .L18+4
 200 000e 82B0     		sub	sp, sp, #8
 201 0010 03F00103 		and	r3, r3, #1
 202 0014 0193     		str	r3, [sp, #4]
 203 0016 019B     		ldr	r3, [sp, #4]
 204 0018 1368     		ldr	r3, [r2]
 205 001a 1843     		orrs	r0, r0, r3
 206 001c 1060     		str	r0, [r2]
 207 001e 02B0     		add	sp, sp, #8
 208              		@ sp needed
 209 0020 7047     		bx	lr
 210              	.L19:
 211 0022 00BF     		.align	2
 212              	.L18:
 213 0024 00100240 		.word	1073876992
 214 0028 00000140 		.word	1073807360
 216              		.section	.text.HAL_I2CEx_DisableFastModePlus,"ax",%progbits
 217              		.align	1
 218              		.global	HAL_I2CEx_DisableFastModePlus
 219              		.syntax unified
 220              		.thumb
 221              		.thumb_func
 222              		.fpu fpv4-sp-d16
 224              	HAL_I2CEx_DisableFastModePlus:
 225              		@ args = 0, pretend = 0, frame = 8
 226              		@ frame_needed = 0, uses_anonymous_args = 0
 227              		@ link register save eliminated.
 228 0000 084B     		ldr	r3, .L21
 229 0002 9A69     		ldr	r2, [r3, #24]
 230 0004 42F00102 		orr	r2, r2, #1
 231 0008 9A61     		str	r2, [r3, #24]
 232 000a 9B69     		ldr	r3, [r3, #24]
 233 000c 064A     		ldr	r2, .L21+4
 234 000e 82B0     		sub	sp, sp, #8
 235 0010 03F00103 		and	r3, r3, #1
 236 0014 0193     		str	r3, [sp, #4]
 237 0016 019B     		ldr	r3, [sp, #4]
 238 0018 1368     		ldr	r3, [r2]
 239 001a 23EA0000 		bic	r0, r3, r0
ARM GAS  C:\Users\gyoku\AppData\Local\Temp\ccuKJzUy.s 			page 5


 240 001e 1060     		str	r0, [r2]
 241 0020 02B0     		add	sp, sp, #8
 242              		@ sp needed
 243 0022 7047     		bx	lr
 244              	.L22:
 245              		.align	2
 246              	.L21:
 247 0024 00100240 		.word	1073876992
 248 0028 00000140 		.word	1073807360
 250              		.ident	"GCC: (GNU MCU Eclipse ARM Embedded GCC, 64-bit) 8.2.1 20181213 (release) [gcc-8-branch rev
ARM GAS  C:\Users\gyoku\AppData\Local\Temp\ccuKJzUy.s 			page 6


DEFINED SYMBOLS
                            *ABS*:0000000000000000 stm32f3xx_hal_i2c_ex.c
C:\Users\gyoku\AppData\Local\Temp\ccuKJzUy.s:16     .text.HAL_I2CEx_ConfigAnalogFilter:0000000000000000 $t
C:\Users\gyoku\AppData\Local\Temp\ccuKJzUy.s:24     .text.HAL_I2CEx_ConfigAnalogFilter:0000000000000000 HAL_I2CEx_ConfigAnalogFilter
C:\Users\gyoku\AppData\Local\Temp\ccuKJzUy.s:61     .text.HAL_I2CEx_ConfigDigitalFilter:0000000000000000 $t
C:\Users\gyoku\AppData\Local\Temp\ccuKJzUy.s:68     .text.HAL_I2CEx_ConfigDigitalFilter:0000000000000000 HAL_I2CEx_ConfigDigitalFilter
C:\Users\gyoku\AppData\Local\Temp\ccuKJzUy.s:103    .text.HAL_I2CEx_EnableWakeUp:0000000000000000 $t
C:\Users\gyoku\AppData\Local\Temp\ccuKJzUy.s:110    .text.HAL_I2CEx_EnableWakeUp:0000000000000000 HAL_I2CEx_EnableWakeUp
C:\Users\gyoku\AppData\Local\Temp\ccuKJzUy.s:143    .text.HAL_I2CEx_DisableWakeUp:0000000000000000 $t
C:\Users\gyoku\AppData\Local\Temp\ccuKJzUy.s:150    .text.HAL_I2CEx_DisableWakeUp:0000000000000000 HAL_I2CEx_DisableWakeUp
C:\Users\gyoku\AppData\Local\Temp\ccuKJzUy.s:183    .text.HAL_I2CEx_EnableFastModePlus:0000000000000000 $t
C:\Users\gyoku\AppData\Local\Temp\ccuKJzUy.s:190    .text.HAL_I2CEx_EnableFastModePlus:0000000000000000 HAL_I2CEx_EnableFastModePlus
C:\Users\gyoku\AppData\Local\Temp\ccuKJzUy.s:213    .text.HAL_I2CEx_EnableFastModePlus:0000000000000024 $d
C:\Users\gyoku\AppData\Local\Temp\ccuKJzUy.s:217    .text.HAL_I2CEx_DisableFastModePlus:0000000000000000 $t
C:\Users\gyoku\AppData\Local\Temp\ccuKJzUy.s:224    .text.HAL_I2CEx_DisableFastModePlus:0000000000000000 HAL_I2CEx_DisableFastModePlus
C:\Users\gyoku\AppData\Local\Temp\ccuKJzUy.s:247    .text.HAL_I2CEx_DisableFastModePlus:0000000000000024 $d

NO UNDEFINED SYMBOLS
