ARM GAS  C:\Users\q-bir\AppData\Local\Temp\ccBd0rjZ.s 			page 1


   1              		.cpu cortex-m4
   2              		.eabi_attribute 27, 1
   3              		.eabi_attribute 28, 1
   4              		.eabi_attribute 20, 1
   5              		.eabi_attribute 21, 1
   6              		.eabi_attribute 23, 3
   7              		.eabi_attribute 24, 1
   8              		.eabi_attribute 25, 1
   9              		.eabi_attribute 26, 1
  10              		.eabi_attribute 30, 4
  11              		.eabi_attribute 34, 1
  12              		.eabi_attribute 18, 4
  13              		.file	"stm32f3xx_hal_uart_ex.c"
  14              		.text
  15              		.section	.text.HAL_RS485Ex_Init,"ax",%progbits
  16              		.align	1
  17              		.global	HAL_RS485Ex_Init
  18              		.arch armv7e-m
  19              		.syntax unified
  20              		.thumb
  21              		.thumb_func
  22              		.fpu fpv4-sp-d16
  24              	HAL_RS485Ex_Init:
  25              		@ args = 0, pretend = 0, frame = 0
  26              		@ frame_needed = 0, uses_anonymous_args = 0
  27 0000 2DE9F041 		push	{r4, r5, r6, r7, r8, lr}
  28 0004 8846     		mov	r8, r1
  29 0006 1746     		mov	r7, r2
  30 0008 1D46     		mov	r5, r3
  31 000a 0446     		mov	r4, r0
  32 000c 0028     		cmp	r0, #0
  33 000e 38D0     		beq	.L3
  34 0010 90F86930 		ldrb	r3, [r0, #105]	@ zero_extendqisi2
  35 0014 03F0FF02 		and	r2, r3, #255
  36 0018 1BB9     		cbnz	r3, .L4
  37 001a 80F86820 		strb	r2, [r0, #104]
  38 001e FFF7FEFF 		bl	HAL_UART_MspInit
  39              	.L4:
  40 0022 2268     		ldr	r2, [r4]
  41 0024 2423     		movs	r3, #36
  42 0026 84F86930 		strb	r3, [r4, #105]
  43 002a 1368     		ldr	r3, [r2]
  44 002c 23F00103 		bic	r3, r3, #1
  45 0030 1360     		str	r3, [r2]
  46 0032 2046     		mov	r0, r4
  47 0034 FFF7FEFF 		bl	UART_SetConfig
  48 0038 0128     		cmp	r0, #1
  49 003a 22D0     		beq	.L3
  50 003c 636A     		ldr	r3, [r4, #36]
  51 003e 13B1     		cbz	r3, .L6
  52 0040 2046     		mov	r0, r4
  53 0042 FFF7FEFF 		bl	UART_AdvFeatureConfig
  54              	.L6:
  55 0046 2068     		ldr	r0, [r4]
  56 0048 8368     		ldr	r3, [r0, #8]
  57 004a 43F48043 		orr	r3, r3, #16384
  58 004e 8360     		str	r3, [r0, #8]
ARM GAS  C:\Users\q-bir\AppData\Local\Temp\ccBd0rjZ.s 			page 2


  59 0050 8668     		ldr	r6, [r0, #8]
  60 0052 26F40046 		bic	r6, r6, #32768
  61 0056 46EA0806 		orr	r6, r6, r8
  62 005a 8660     		str	r6, [r0, #8]
  63 005c 0168     		ldr	r1, [r0]
  64 005e 2B04     		lsls	r3, r5, #16
  65 0060 21F07F75 		bic	r5, r1, #66846720
  66 0064 43EA4752 		orr	r2, r3, r7, lsl #21
  67 0068 25F44035 		bic	r5, r5, #196608
  68 006c 1543     		orrs	r5, r5, r2
  69 006e 0560     		str	r5, [r0]
  70 0070 0368     		ldr	r3, [r0]
  71 0072 43F00103 		orr	r3, r3, #1
  72 0076 0360     		str	r3, [r0]
  73 0078 2046     		mov	r0, r4
  74 007a BDE8F041 		pop	{r4, r5, r6, r7, r8, lr}
  75 007e FFF7FEBF 		b	UART_CheckIdleState
  76              	.L3:
  77 0082 0120     		movs	r0, #1
  78 0084 BDE8F081 		pop	{r4, r5, r6, r7, r8, pc}
  80              		.section	.text.HAL_UARTEx_WakeupCallback,"ax",%progbits
  81              		.align	1
  82              		.weak	HAL_UARTEx_WakeupCallback
  83              		.syntax unified
  84              		.thumb
  85              		.thumb_func
  86              		.fpu fpv4-sp-d16
  88              	HAL_UARTEx_WakeupCallback:
  89              		@ args = 0, pretend = 0, frame = 0
  90              		@ frame_needed = 0, uses_anonymous_args = 0
  91              		@ link register save eliminated.
  92 0000 7047     		bx	lr
  94              		.section	.text.HAL_UARTEx_StopModeWakeUpSourceConfig,"ax",%progbits
  95              		.align	1
  96              		.global	HAL_UARTEx_StopModeWakeUpSourceConfig
  97              		.syntax unified
  98              		.thumb
  99              		.thumb_func
 100              		.fpu fpv4-sp-d16
 102              	HAL_UARTEx_StopModeWakeUpSourceConfig:
 103              		@ args = 0, pretend = 0, frame = 8
 104              		@ frame_needed = 0, uses_anonymous_args = 0
 105 0000 30B5     		push	{r4, r5, lr}
 106 0002 90F86830 		ldrb	r3, [r0, #104]	@ zero_extendqisi2
 107 0006 85B0     		sub	sp, sp, #20
 108 0008 02AD     		add	r5, sp, #8
 109 000a 012B     		cmp	r3, #1
 110 000c 85E80600 		stm	r5, {r1, r2}
 111 0010 0446     		mov	r4, r0
 112 0012 30D0     		beq	.L18
 113 0014 0123     		movs	r3, #1
 114 0016 80F86830 		strb	r3, [r0, #104]
 115 001a 0268     		ldr	r2, [r0]
 116 001c 2423     		movs	r3, #36
 117 001e 80F86930 		strb	r3, [r0, #105]
 118 0022 1368     		ldr	r3, [r2]
 119 0024 23F00103 		bic	r3, r3, #1
ARM GAS  C:\Users\q-bir\AppData\Local\Temp\ccBd0rjZ.s 			page 3


 120 0028 1360     		str	r3, [r2]
 121 002a 9368     		ldr	r3, [r2, #8]
 122 002c 23F44013 		bic	r3, r3, #3145728
 123 0030 0B43     		orrs	r3, r3, r1
 124 0032 9360     		str	r3, [r2, #8]
 125 0034 19B9     		cbnz	r1, .L16
 126 0036 95E80600 		ldm	r5, {r1, r2}
 127 003a FFF7FEFF 		bl	UART_Wakeup_AddressConfig
 128              	.L16:
 129 003e 2268     		ldr	r2, [r4]
 130 0040 1368     		ldr	r3, [r2]
 131 0042 43F00103 		orr	r3, r3, #1
 132 0046 1360     		str	r3, [r2]
 133 0048 FFF7FEFF 		bl	HAL_GetTick
 134 004c 6FF07E42 		mvn	r2, #-33554432
 135 0050 0346     		mov	r3, r0
 136 0052 0092     		str	r2, [sp]
 137 0054 4FF48001 		mov	r1, #4194304
 138 0058 0022     		movs	r2, #0
 139 005a 2046     		mov	r0, r4
 140 005c FFF7FEFF 		bl	UART_WaitOnFlagUntilTimeout
 141 0060 38B9     		cbnz	r0, .L19
 142 0062 2023     		movs	r3, #32
 143 0064 84F86930 		strb	r3, [r4, #105]
 144              	.L17:
 145 0068 0023     		movs	r3, #0
 146 006a 84F86830 		strb	r3, [r4, #104]
 147              	.L15:
 148 006e 05B0     		add	sp, sp, #20
 149              		@ sp needed
 150 0070 30BD     		pop	{r4, r5, pc}
 151              	.L19:
 152 0072 0320     		movs	r0, #3
 153 0074 F8E7     		b	.L17
 154              	.L18:
 155 0076 0220     		movs	r0, #2
 156 0078 F9E7     		b	.L15
 158              		.section	.text.HAL_UARTEx_EnableStopMode,"ax",%progbits
 159              		.align	1
 160              		.global	HAL_UARTEx_EnableStopMode
 161              		.syntax unified
 162              		.thumb
 163              		.thumb_func
 164              		.fpu fpv4-sp-d16
 166              	HAL_UARTEx_EnableStopMode:
 167              		@ args = 0, pretend = 0, frame = 0
 168              		@ frame_needed = 0, uses_anonymous_args = 0
 169              		@ link register save eliminated.
 170 0000 90F86830 		ldrb	r3, [r0, #104]	@ zero_extendqisi2
 171 0004 012B     		cmp	r3, #1
 172 0006 0FD0     		beq	.L22
 173 0008 0268     		ldr	r2, [r0]
 174 000a 2423     		movs	r3, #36
 175 000c 80F86930 		strb	r3, [r0, #105]
 176 0010 1368     		ldr	r3, [r2]
 177 0012 43F00203 		orr	r3, r3, #2
 178 0016 1360     		str	r3, [r2]
ARM GAS  C:\Users\q-bir\AppData\Local\Temp\ccBd0rjZ.s 			page 4


 179 0018 2023     		movs	r3, #32
 180 001a 80F86930 		strb	r3, [r0, #105]
 181 001e 0023     		movs	r3, #0
 182 0020 80F86830 		strb	r3, [r0, #104]
 183 0024 1846     		mov	r0, r3
 184 0026 7047     		bx	lr
 185              	.L22:
 186 0028 0220     		movs	r0, #2
 187 002a 7047     		bx	lr
 189              		.section	.text.HAL_UARTEx_DisableStopMode,"ax",%progbits
 190              		.align	1
 191              		.global	HAL_UARTEx_DisableStopMode
 192              		.syntax unified
 193              		.thumb
 194              		.thumb_func
 195              		.fpu fpv4-sp-d16
 197              	HAL_UARTEx_DisableStopMode:
 198              		@ args = 0, pretend = 0, frame = 0
 199              		@ frame_needed = 0, uses_anonymous_args = 0
 200              		@ link register save eliminated.
 201 0000 90F86830 		ldrb	r3, [r0, #104]	@ zero_extendqisi2
 202 0004 012B     		cmp	r3, #1
 203 0006 0FD0     		beq	.L25
 204 0008 0268     		ldr	r2, [r0]
 205 000a 2423     		movs	r3, #36
 206 000c 80F86930 		strb	r3, [r0, #105]
 207 0010 1368     		ldr	r3, [r2]
 208 0012 23F00203 		bic	r3, r3, #2
 209 0016 1360     		str	r3, [r2]
 210 0018 2023     		movs	r3, #32
 211 001a 80F86930 		strb	r3, [r0, #105]
 212 001e 0023     		movs	r3, #0
 213 0020 80F86830 		strb	r3, [r0, #104]
 214 0024 1846     		mov	r0, r3
 215 0026 7047     		bx	lr
 216              	.L25:
 217 0028 0220     		movs	r0, #2
 218 002a 7047     		bx	lr
 220              		.section	.text.HAL_MultiProcessorEx_AddressLength_Set,"ax",%progbits
 221              		.align	1
 222              		.global	HAL_MultiProcessorEx_AddressLength_Set
 223              		.syntax unified
 224              		.thumb
 225              		.thumb_func
 226              		.fpu fpv4-sp-d16
 228              	HAL_MultiProcessorEx_AddressLength_Set:
 229              		@ args = 0, pretend = 0, frame = 0
 230              		@ frame_needed = 0, uses_anonymous_args = 0
 231              		@ link register save eliminated.
 232 0000 90B1     		cbz	r0, .L27
 233 0002 0368     		ldr	r3, [r0]
 234 0004 2422     		movs	r2, #36
 235 0006 80F86920 		strb	r2, [r0, #105]
 236 000a 1A68     		ldr	r2, [r3]
 237 000c 22F00102 		bic	r2, r2, #1
 238 0010 1A60     		str	r2, [r3]
 239 0012 5A68     		ldr	r2, [r3, #4]
ARM GAS  C:\Users\q-bir\AppData\Local\Temp\ccBd0rjZ.s 			page 5


 240 0014 22F01002 		bic	r2, r2, #16
 241 0018 1143     		orrs	r1, r1, r2
 242 001a 5960     		str	r1, [r3, #4]
 243 001c 1A68     		ldr	r2, [r3]
 244 001e 42F00102 		orr	r2, r2, #1
 245 0022 1A60     		str	r2, [r3]
 246 0024 FFF7FEBF 		b	UART_CheckIdleState
 247              	.L27:
 248 0028 0120     		movs	r0, #1
 249 002a 7047     		bx	lr
 251              		.ident	"GCC: (GNU Arm Embedded Toolchain 9-2020-q2-update) 9.3.1 20200408 (release)"
ARM GAS  C:\Users\q-bir\AppData\Local\Temp\ccBd0rjZ.s 			page 6


DEFINED SYMBOLS
                            *ABS*:00000000 stm32f3xx_hal_uart_ex.c
C:\Users\q-bir\AppData\Local\Temp\ccBd0rjZ.s:16     .text.HAL_RS485Ex_Init:00000000 $t
C:\Users\q-bir\AppData\Local\Temp\ccBd0rjZ.s:24     .text.HAL_RS485Ex_Init:00000000 HAL_RS485Ex_Init
C:\Users\q-bir\AppData\Local\Temp\ccBd0rjZ.s:81     .text.HAL_UARTEx_WakeupCallback:00000000 $t
C:\Users\q-bir\AppData\Local\Temp\ccBd0rjZ.s:88     .text.HAL_UARTEx_WakeupCallback:00000000 HAL_UARTEx_WakeupCallback
C:\Users\q-bir\AppData\Local\Temp\ccBd0rjZ.s:95     .text.HAL_UARTEx_StopModeWakeUpSourceConfig:00000000 $t
C:\Users\q-bir\AppData\Local\Temp\ccBd0rjZ.s:102    .text.HAL_UARTEx_StopModeWakeUpSourceConfig:00000000 HAL_UARTEx_StopModeWakeUpSourceConfig
C:\Users\q-bir\AppData\Local\Temp\ccBd0rjZ.s:159    .text.HAL_UARTEx_EnableStopMode:00000000 $t
C:\Users\q-bir\AppData\Local\Temp\ccBd0rjZ.s:166    .text.HAL_UARTEx_EnableStopMode:00000000 HAL_UARTEx_EnableStopMode
C:\Users\q-bir\AppData\Local\Temp\ccBd0rjZ.s:190    .text.HAL_UARTEx_DisableStopMode:00000000 $t
C:\Users\q-bir\AppData\Local\Temp\ccBd0rjZ.s:197    .text.HAL_UARTEx_DisableStopMode:00000000 HAL_UARTEx_DisableStopMode
C:\Users\q-bir\AppData\Local\Temp\ccBd0rjZ.s:221    .text.HAL_MultiProcessorEx_AddressLength_Set:00000000 $t
C:\Users\q-bir\AppData\Local\Temp\ccBd0rjZ.s:228    .text.HAL_MultiProcessorEx_AddressLength_Set:00000000 HAL_MultiProcessorEx_AddressLength_Set

UNDEFINED SYMBOLS
HAL_UART_MspInit
UART_SetConfig
UART_AdvFeatureConfig
UART_CheckIdleState
UART_Wakeup_AddressConfig
HAL_GetTick
UART_WaitOnFlagUntilTimeout
