ARM GAS  C:\Users\q-bir\AppData\Local\Temp\ccoA9wMv.s 			page 1


   1              		.cpu cortex-m4
   2              		.eabi_attribute 27, 1
   3              		.eabi_attribute 28, 1
   4              		.eabi_attribute 20, 1
   5              		.eabi_attribute 21, 1
   6              		.eabi_attribute 23, 3
   7              		.eabi_attribute 24, 1
   8              		.eabi_attribute 25, 1
   9              		.eabi_attribute 26, 1
  10              		.eabi_attribute 30, 4
  11              		.eabi_attribute 34, 1
  12              		.eabi_attribute 18, 4
  13              		.file	"stm32f3xx_hal_rcc_ex.c"
  14              		.text
  15              		.section	.text.RCC_GetPLLCLKFreq,"ax",%progbits
  16              		.align	1
  17              		.arch armv7e-m
  18              		.syntax unified
  19              		.thumb
  20              		.thumb_func
  21              		.fpu fpv4-sp-d16
  23              	RCC_GetPLLCLKFreq:
  24              		@ args = 0, pretend = 0, frame = 0
  25              		@ frame_needed = 0, uses_anonymous_args = 0
  26              		@ link register save eliminated.
  27 0000 0A4B     		ldr	r3, .L5
  28 0002 5868     		ldr	r0, [r3, #4]
  29 0004 5A68     		ldr	r2, [r3, #4]
  30 0006 D203     		lsls	r2, r2, #15
  31 0008 49BF     		itett	mi
  32 000a DB6A     		ldrmi	r3, [r3, #44]
  33 000c 084B     		ldrpl	r3, .L5+4
  34 000e 094A     		ldrmi	r2, .L5+8
  35 0010 03F00F03 		andmi	r3, r3, #15
  36 0014 C0F38340 		ubfx	r0, r0, #18, #4
  37 0018 48BF     		it	mi
  38 001a 0133     		addmi	r3, r3, #1
  39 001c 00F10200 		add	r0, r0, #2
  40 0020 48BF     		it	mi
  41 0022 B2FBF3F3 		udivmi	r3, r2, r3
  42 0026 5843     		muls	r0, r3, r0
  43 0028 7047     		bx	lr
  44              	.L6:
  45 002a 00BF     		.align	2
  46              	.L5:
  47 002c 00100240 		.word	1073876992
  48 0030 00093D00 		.word	4000000
  49 0034 00127A00 		.word	8000000
  51              		.section	.text.HAL_RCCEx_PeriphCLKConfig,"ax",%progbits
  52              		.align	1
  53              		.global	HAL_RCCEx_PeriphCLKConfig
  54              		.syntax unified
  55              		.thumb
  56              		.thumb_func
  57              		.fpu fpv4-sp-d16
  59              	HAL_RCCEx_PeriphCLKConfig:
  60              		@ args = 0, pretend = 0, frame = 8
ARM GAS  C:\Users\q-bir\AppData\Local\Temp\ccoA9wMv.s 			page 2


  61              		@ frame_needed = 0, uses_anonymous_args = 0
  62 0000 0368     		ldr	r3, [r0]
  63 0002 2DE9F347 		push	{r0, r1, r4, r5, r6, r7, r8, r9, r10, lr}
  64 0006 DC03     		lsls	r4, r3, #15
  65 0008 0546     		mov	r5, r0
  66 000a 20D5     		bpl	.L9
  67 000c 514C     		ldr	r4, .L43
  68 000e E369     		ldr	r3, [r4, #28]
  69 0010 D800     		lsls	r0, r3, #3
  70 0012 46D4     		bmi	.L28
  71 0014 E369     		ldr	r3, [r4, #28]
  72 0016 43F08053 		orr	r3, r3, #268435456
  73 001a E361     		str	r3, [r4, #28]
  74 001c E369     		ldr	r3, [r4, #28]
  75 001e 03F08053 		and	r3, r3, #268435456
  76 0022 0193     		str	r3, [sp, #4]
  77 0024 019B     		ldr	r3, [sp, #4]
  78 0026 0126     		movs	r6, #1
  79              	.L10:
  80 0028 4B4F     		ldr	r7, .L43+4
  81 002a 3B68     		ldr	r3, [r7]
  82 002c D905     		lsls	r1, r3, #23
  83 002e 3AD5     		bpl	.L11
  84              	.L17:
  85 0030 236A     		ldr	r3, [r4, #32]
  86 0032 13F44073 		ands	r3, r3, #768
  87 0036 4AD1     		bne	.L12
  88              	.L13:
  89 0038 236A     		ldr	r3, [r4, #32]
  90 003a 6A68     		ldr	r2, [r5, #4]
  91 003c 23F44073 		bic	r3, r3, #768
  92 0040 1343     		orrs	r3, r3, r2
  93 0042 2362     		str	r3, [r4, #32]
  94 0044 1EB1     		cbz	r6, .L9
  95 0046 E369     		ldr	r3, [r4, #28]
  96 0048 23F08053 		bic	r3, r3, #268435456
  97 004c E361     		str	r3, [r4, #28]
  98              	.L9:
  99 004e 2B68     		ldr	r3, [r5]
 100 0050 D807     		lsls	r0, r3, #31
 101 0052 06D5     		bpl	.L25
 102 0054 3F49     		ldr	r1, .L43
 103 0056 A868     		ldr	r0, [r5, #8]
 104 0058 0A6B     		ldr	r2, [r1, #48]
 105 005a 22F00302 		bic	r2, r2, #3
 106 005e 0243     		orrs	r2, r2, r0
 107 0060 0A63     		str	r2, [r1, #48]
 108              	.L25:
 109 0062 9906     		lsls	r1, r3, #26
 110 0064 06D5     		bpl	.L26
 111 0066 3B49     		ldr	r1, .L43
 112 0068 E868     		ldr	r0, [r5, #12]
 113 006a 0A6B     		ldr	r2, [r1, #48]
 114 006c 22F01002 		bic	r2, r2, #16
 115 0070 0243     		orrs	r2, r2, r0
 116 0072 0A63     		str	r2, [r1, #48]
 117              	.L26:
ARM GAS  C:\Users\q-bir\AppData\Local\Temp\ccoA9wMv.s 			page 3


 118 0074 1A06     		lsls	r2, r3, #24
 119 0076 06D5     		bpl	.L27
 120 0078 3649     		ldr	r1, .L43
 121 007a 2869     		ldr	r0, [r5, #16]
 122 007c CA6A     		ldr	r2, [r1, #44]
 123 007e 22F4F872 		bic	r2, r2, #496
 124 0082 0243     		orrs	r2, r2, r0
 125 0084 CA62     		str	r2, [r1, #44]
 126              	.L27:
 127 0086 13F48053 		ands	r3, r3, #4096
 128 008a 1FBF     		itttt	ne
 129 008c 314A     		ldrne	r2, .L43
 130 008e 6969     		ldrne	r1, [r5, #20]
 131 0090 136B     		ldrne	r3, [r2, #48]
 132 0092 23F48073 		bicne	r3, r3, #256
 133 0096 1DBF     		ittte	ne
 134 0098 0B43     		orrne	r3, r3, r1
 135 009a 1363     		strne	r3, [r2, #48]
 136 009c 0020     		movne	r0, #0
 137 009e 1846     		moveq	r0, r3
 138 00a0 12E0     		b	.L15
 139              	.L28:
 140 00a2 0026     		movs	r6, #0
 141 00a4 C0E7     		b	.L10
 142              	.L11:
 143 00a6 3B68     		ldr	r3, [r7]
 144 00a8 43F48073 		orr	r3, r3, #256
 145 00ac 3B60     		str	r3, [r7]
 146 00ae FFF7FEFF 		bl	HAL_GetTick
 147 00b2 8046     		mov	r8, r0
 148              	.L14:
 149 00b4 3B68     		ldr	r3, [r7]
 150 00b6 DA05     		lsls	r2, r3, #23
 151 00b8 BAD4     		bmi	.L17
 152 00ba FFF7FEFF 		bl	HAL_GetTick
 153 00be A0EB0800 		sub	r0, r0, r8
 154 00c2 6428     		cmp	r0, #100
 155 00c4 F6D9     		bls	.L14
 156              	.L21:
 157 00c6 0320     		movs	r0, #3
 158              	.L15:
 159 00c8 02B0     		add	sp, sp, #8
 160              		@ sp needed
 161 00ca BDE8F087 		pop	{r4, r5, r6, r7, r8, r9, r10, pc}
 162              	.L12:
 163 00ce 6A68     		ldr	r2, [r5, #4]
 164 00d0 02F44072 		and	r2, r2, #768
 165 00d4 9A42     		cmp	r2, r3
 166 00d6 AFD0     		beq	.L13
 167 00d8 216A     		ldr	r1, [r4, #32]
 168 00da 4FF48033 		mov	r3, #65536
 169 00de 21F44070 		bic	r0, r1, #768
 170              		.syntax unified
 171              	@ 531 "Drivers/CMSIS/Include/cmsis_gcc.h" 1
 172 00e2 93FAA3F2 		rbit r2, r3
 173              	@ 0 "" 2
 174              		.thumb
ARM GAS  C:\Users\q-bir\AppData\Local\Temp\ccoA9wMv.s 			page 4


 175              		.syntax unified
 176 00e6 DFF874C0 		ldr	ip, .L43+8
 177 00ea B2FA82F2 		clz	r2, r2
 178 00ee 6244     		add	r2, r2, ip
 179 00f0 9200     		lsls	r2, r2, #2
 180 00f2 0127     		movs	r7, #1
 181 00f4 1760     		str	r7, [r2]
 182              		.syntax unified
 183              	@ 531 "Drivers/CMSIS/Include/cmsis_gcc.h" 1
 184 00f6 93FAA3F3 		rbit r3, r3
 185              	@ 0 "" 2
 186              		.thumb
 187              		.syntax unified
 188 00fa B3FA83F3 		clz	r3, r3
 189 00fe 6344     		add	r3, r3, ip
 190 0100 9B00     		lsls	r3, r3, #2
 191 0102 0022     		movs	r2, #0
 192 0104 1A60     		str	r2, [r3]
 193 0106 CB07     		lsls	r3, r1, #31
 194 0108 2062     		str	r0, [r4, #32]
 195 010a 95D5     		bpl	.L13
 196 010c FFF7FEFF 		bl	HAL_GetTick
 197 0110 4FF00208 		mov	r8, #2
 198 0114 8146     		mov	r9, r0
 199 0116 C246     		mov	r10, r8
 200              	.L20:
 201              		.syntax unified
 202              	@ 531 "Drivers/CMSIS/Include/cmsis_gcc.h" 1
 203 0118 98FAA8F3 		rbit r3, r8
 204              	@ 0 "" 2
 205              	@ 531 "Drivers/CMSIS/Include/cmsis_gcc.h" 1
 206 011c 98FAA8F3 		rbit r3, r8
 207              	@ 0 "" 2
 208              		.thumb
 209              		.syntax unified
 210 0120 A3B1     		cbz	r3, .L22
 211 0122 226A     		ldr	r2, [r4, #32]
 212              	.L23:
 213              		.syntax unified
 214              	@ 531 "Drivers/CMSIS/Include/cmsis_gcc.h" 1
 215 0124 9AFAAAF3 		rbit r3, r10
 216              	@ 0 "" 2
 217              		.thumb
 218              		.syntax unified
 219 0128 B3FA83F3 		clz	r3, r3
 220 012c 03F01F03 		and	r3, r3, #31
 221 0130 07FA03F3 		lsl	r3, r7, r3
 222 0134 1342     		tst	r3, r2
 223 0136 7FF47FAF 		bne	.L13
 224 013a FFF7FEFF 		bl	HAL_GetTick
 225 013e 41F28833 		movw	r3, #5000
 226 0142 A0EB0900 		sub	r0, r0, r9
 227 0146 9842     		cmp	r0, r3
 228 0148 E6D9     		bls	.L20
 229 014a BCE7     		b	.L21
 230              	.L22:
 231              		.syntax unified
ARM GAS  C:\Users\q-bir\AppData\Local\Temp\ccoA9wMv.s 			page 5


 232              	@ 531 "Drivers/CMSIS/Include/cmsis_gcc.h" 1
 233 014c 98FAA8F3 		rbit r3, r8
 234              	@ 0 "" 2
 235              		.thumb
 236              		.syntax unified
 237 0150 626A     		ldr	r2, [r4, #36]
 238 0152 E7E7     		b	.L23
 239              	.L44:
 240              		.align	2
 241              	.L43:
 242 0154 00100240 		.word	1073876992
 243 0158 00700040 		.word	1073770496
 244 015c 00819010 		.word	277905664
 246              		.section	.text.HAL_RCCEx_GetPeriphCLKConfig,"ax",%progbits
 247              		.align	1
 248              		.global	HAL_RCCEx_GetPeriphCLKConfig
 249              		.syntax unified
 250              		.thumb
 251              		.thumb_func
 252              		.fpu fpv4-sp-d16
 254              	HAL_RCCEx_GetPeriphCLKConfig:
 255              		@ args = 0, pretend = 0, frame = 0
 256              		@ frame_needed = 0, uses_anonymous_args = 0
 257              		@ link register save eliminated.
 258 0000 0B4B     		ldr	r3, .L46
 259 0002 1A6A     		ldr	r2, [r3, #32]
 260 0004 02F44072 		and	r2, r2, #768
 261 0008 4260     		str	r2, [r0, #4]
 262 000a 1A6B     		ldr	r2, [r3, #48]
 263 000c 02F00302 		and	r2, r2, #3
 264 0010 8260     		str	r2, [r0, #8]
 265 0012 1A6B     		ldr	r2, [r3, #48]
 266 0014 02F01002 		and	r2, r2, #16
 267 0018 C260     		str	r2, [r0, #12]
 268 001a DA6A     		ldr	r2, [r3, #44]
 269 001c 02F4F872 		and	r2, r2, #496
 270 0020 0261     		str	r2, [r0, #16]
 271 0022 044A     		ldr	r2, .L46+4
 272 0024 0260     		str	r2, [r0]
 273 0026 1B6B     		ldr	r3, [r3, #48]
 274 0028 03F48073 		and	r3, r3, #256
 275 002c 4361     		str	r3, [r0, #20]
 276 002e 7047     		bx	lr
 277              	.L47:
 278              		.align	2
 279              	.L46:
 280 0030 00100240 		.word	1073876992
 281 0034 A1100100 		.word	69793
 283              		.section	.text.HAL_RCCEx_GetPeriphCLKFreq,"ax",%progbits
 284              		.align	1
 285              		.global	HAL_RCCEx_GetPeriphCLKFreq
 286              		.syntax unified
 287              		.thumb
 288              		.thumb_func
 289              		.fpu fpv4-sp-d16
 291              	HAL_RCCEx_GetPeriphCLKFreq:
 292              		@ args = 0, pretend = 0, frame = 32
ARM GAS  C:\Users\q-bir\AppData\Local\Temp\ccoA9wMv.s 			page 6


 293              		@ frame_needed = 0, uses_anonymous_args = 0
 294 0000 70B5     		push	{r4, r5, r6, lr}
 295 0002 454A     		ldr	r2, .L90
 296 0004 88B0     		sub	sp, sp, #32
 297 0006 0346     		mov	r3, r0
 298 0008 6D46     		mov	r5, sp
 299 000a 02F12006 		add	r6, r2, #32
 300              	.L49:
 301 000e 1068     		ldr	r0, [r2]	@ unaligned
 302 0010 5168     		ldr	r1, [r2, #4]	@ unaligned
 303 0012 2C46     		mov	r4, r5
 304 0014 03C4     		stmia	r4!, {r0, r1}
 305 0016 0832     		adds	r2, r2, #8
 306 0018 B242     		cmp	r2, r6
 307 001a 2546     		mov	r5, r4
 308 001c F7D1     		bne	.L49
 309 001e 802B     		cmp	r3, #128
 310 0020 4CD0     		beq	.L50
 311 0022 05D8     		bhi	.L51
 312 0024 012B     		cmp	r3, #1
 313 0026 2BD0     		beq	.L52
 314 0028 202B     		cmp	r3, #32
 315 002a 41D0     		beq	.L53
 316              	.L65:
 317 002c 0020     		movs	r0, #0
 318 002e 12E0     		b	.L48
 319              	.L51:
 320 0030 B3F5805F 		cmp	r3, #4096
 321 0034 62D0     		beq	.L55
 322 0036 B3F5803F 		cmp	r3, #65536
 323 003a F7D1     		bne	.L65
 324 003c 374A     		ldr	r2, .L90+4
 325 003e 136A     		ldr	r3, [r2, #32]
 326 0040 03F44073 		and	r3, r3, #768
 327 0044 B3F5807F 		cmp	r3, #256
 328 0048 07D1     		bne	.L56
 329              	.L60:
 330 004a 106A     		ldr	r0, [r2, #32]
 331 004c 10F00200 		ands	r0, r0, #2
 332 0050 18BF     		it	ne
 333 0052 4FF40040 		movne	r0, #32768
 334              	.L48:
 335 0056 08B0     		add	sp, sp, #32
 336              		@ sp needed
 337 0058 70BD     		pop	{r4, r5, r6, pc}
 338              	.L56:
 339 005a B3F5007F 		cmp	r3, #512
 340 005e 07D1     		bne	.L57
 341 0060 506A     		ldr	r0, [r2, #36]
 342 0062 49F64043 		movw	r3, #40000
 343 0066 10F00200 		ands	r0, r0, #2
 344              	.L89:
 345 006a 18BF     		it	ne
 346 006c 1846     		movne	r0, r3
 347 006e F2E7     		b	.L48
 348              	.L57:
 349 0070 B3F5407F 		cmp	r3, #768
ARM GAS  C:\Users\q-bir\AppData\Local\Temp\ccoA9wMv.s 			page 7


 350 0074 DAD1     		bne	.L65
 351 0076 1068     		ldr	r0, [r2]
 352 0078 294B     		ldr	r3, .L90+8
 353 007a 10F40030 		ands	r0, r0, #131072
 354 007e F4E7     		b	.L89
 355              	.L52:
 356 0080 264A     		ldr	r2, .L90+4
 357 0082 136B     		ldr	r3, [r2, #48]
 358 0084 13F00303 		ands	r3, r3, #3
 359 0088 04D1     		bne	.L58
 360 008a 08B0     		add	sp, sp, #32
 361              		@ sp needed
 362 008c BDE87040 		pop	{r4, r5, r6, lr}
 363 0090 FFF7FEBF 		b	HAL_RCC_GetPCLK1Freq
 364              	.L58:
 365 0094 032B     		cmp	r3, #3
 366 0096 04D1     		bne	.L59
 367 0098 1068     		ldr	r0, [r2]
 368              	.L88:
 369 009a 224B     		ldr	r3, .L90+12
 370 009c 10F00200 		ands	r0, r0, #2
 371 00a0 E3E7     		b	.L89
 372              	.L59:
 373 00a2 012B     		cmp	r3, #1
 374 00a4 D1D1     		bne	.L60
 375              	.L61:
 376 00a6 08B0     		add	sp, sp, #32
 377              		@ sp needed
 378 00a8 BDE87040 		pop	{r4, r5, r6, lr}
 379 00ac FFF7FEBF 		b	HAL_RCC_GetSysClockFreq
 380              	.L53:
 381 00b0 1A4B     		ldr	r3, .L90+4
 382 00b2 1A6B     		ldr	r2, [r3, #48]
 383 00b4 D106     		lsls	r1, r2, #27
 384 00b6 F6D4     		bmi	.L61
 385 00b8 1868     		ldr	r0, [r3]
 386 00ba EEE7     		b	.L88
 387              	.L50:
 388 00bc 174A     		ldr	r2, .L90+4
 389 00be D16A     		ldr	r1, [r2, #44]
 390 00c0 11F4F871 		ands	r1, r1, #496
 391 00c4 02D1     		bne	.L62
 392              	.L63:
 393 00c6 184B     		ldr	r3, .L90+16
 394 00c8 1868     		ldr	r0, [r3]
 395 00ca C4E7     		b	.L48
 396              	.L62:
 397 00cc 1068     		ldr	r0, [r2]
 398 00ce 10F00070 		ands	r0, r0, #33554432
 399 00d2 C0D0     		beq	.L48
 400 00d4 FFF7FEFF 		bl	RCC_GetPLLCLKFreq
 401 00d8 4FF4F873 		mov	r3, #496
 402              		.syntax unified
 403              	@ 531 "Drivers/CMSIS/Include/cmsis_gcc.h" 1
 404 00dc 93FAA3F3 		rbit r3, r3
 405              	@ 0 "" 2
 406              		.thumb
ARM GAS  C:\Users\q-bir\AppData\Local\Temp\ccoA9wMv.s 			page 8


 407              		.syntax unified
 408 00e0 B3FA83F3 		clz	r3, r3
 409 00e4 21FA03F3 		lsr	r3, r1, r3
 410 00e8 03F00F03 		and	r3, r3, #15
 411 00ec 08AA     		add	r2, sp, #32
 412 00ee 02EB4303 		add	r3, r2, r3, lsl #1
 413 00f2 33F8203C 		ldrh	r3, [r3, #-32]
 414 00f6 B0FBF3F0 		udiv	r0, r0, r3
 415 00fa ACE7     		b	.L48
 416              	.L55:
 417 00fc 074B     		ldr	r3, .L90+4
 418 00fe 1A6B     		ldr	r2, [r3, #48]
 419 0100 D205     		lsls	r2, r2, #23
 420 0102 E0D5     		bpl	.L63
 421 0104 1868     		ldr	r0, [r3]
 422 0106 10F00070 		ands	r0, r0, #33554432
 423 010a A4D0     		beq	.L48
 424 010c 08B0     		add	sp, sp, #32
 425              		@ sp needed
 426 010e BDE87040 		pop	{r4, r5, r6, lr}
 427 0112 FFF7FEBF 		b	RCC_GetPLLCLKFreq
 428              	.L91:
 429 0116 00BF     		.align	2
 430              	.L90:
 431 0118 00000000 		.word	.LANCHOR0
 432 011c 00100240 		.word	1073876992
 433 0120 90D00300 		.word	250000
 434 0124 00127A00 		.word	8000000
 435 0128 00000000 		.word	SystemCoreClock
 437              		.section	.rodata
 438              		.align	1
 439              		.set	.LANCHOR0,. + 0
 440              	.LC0:
 441 0000 0100     		.short	1
 442 0002 0200     		.short	2
 443 0004 0400     		.short	4
 444 0006 0600     		.short	6
 445 0008 0800     		.short	8
 446 000a 0A00     		.short	10
 447 000c 0C00     		.short	12
 448 000e 1000     		.short	16
 449 0010 2000     		.short	32
 450 0012 4000     		.short	64
 451 0014 8000     		.short	128
 452 0016 0001     		.short	256
 453 0018 0001     		.short	256
 454 001a 0001     		.short	256
 455 001c 0001     		.short	256
 456 001e 0001     		.short	256
 457              		.ident	"GCC: (GNU Arm Embedded Toolchain 9-2020-q2-update) 9.3.1 20200408 (release)"
ARM GAS  C:\Users\q-bir\AppData\Local\Temp\ccoA9wMv.s 			page 9


DEFINED SYMBOLS
                            *ABS*:00000000 stm32f3xx_hal_rcc_ex.c
C:\Users\q-bir\AppData\Local\Temp\ccoA9wMv.s:16     .text.RCC_GetPLLCLKFreq:00000000 $t
C:\Users\q-bir\AppData\Local\Temp\ccoA9wMv.s:23     .text.RCC_GetPLLCLKFreq:00000000 RCC_GetPLLCLKFreq
C:\Users\q-bir\AppData\Local\Temp\ccoA9wMv.s:47     .text.RCC_GetPLLCLKFreq:0000002c $d
C:\Users\q-bir\AppData\Local\Temp\ccoA9wMv.s:52     .text.HAL_RCCEx_PeriphCLKConfig:00000000 $t
C:\Users\q-bir\AppData\Local\Temp\ccoA9wMv.s:59     .text.HAL_RCCEx_PeriphCLKConfig:00000000 HAL_RCCEx_PeriphCLKConfig
C:\Users\q-bir\AppData\Local\Temp\ccoA9wMv.s:242    .text.HAL_RCCEx_PeriphCLKConfig:00000154 $d
C:\Users\q-bir\AppData\Local\Temp\ccoA9wMv.s:247    .text.HAL_RCCEx_GetPeriphCLKConfig:00000000 $t
C:\Users\q-bir\AppData\Local\Temp\ccoA9wMv.s:254    .text.HAL_RCCEx_GetPeriphCLKConfig:00000000 HAL_RCCEx_GetPeriphCLKConfig
C:\Users\q-bir\AppData\Local\Temp\ccoA9wMv.s:280    .text.HAL_RCCEx_GetPeriphCLKConfig:00000030 $d
C:\Users\q-bir\AppData\Local\Temp\ccoA9wMv.s:284    .text.HAL_RCCEx_GetPeriphCLKFreq:00000000 $t
C:\Users\q-bir\AppData\Local\Temp\ccoA9wMv.s:291    .text.HAL_RCCEx_GetPeriphCLKFreq:00000000 HAL_RCCEx_GetPeriphCLKFreq
C:\Users\q-bir\AppData\Local\Temp\ccoA9wMv.s:431    .text.HAL_RCCEx_GetPeriphCLKFreq:00000118 $d
C:\Users\q-bir\AppData\Local\Temp\ccoA9wMv.s:438    .rodata:00000000 $d

UNDEFINED SYMBOLS
HAL_GetTick
HAL_RCC_GetPCLK1Freq
HAL_RCC_GetSysClockFreq
SystemCoreClock
