ARM GAS  C:\Users\gyoku\AppData\Local\Temp\ccTJhyHg.s 			page 1


   1              		.cpu cortex-m4
   2              		.eabi_attribute 27, 1
   3              		.eabi_attribute 28, 1
   4              		.eabi_attribute 20, 1
   5              		.eabi_attribute 21, 1
   6              		.eabi_attribute 23, 3
   7              		.eabi_attribute 24, 1
   8              		.eabi_attribute 25, 1
   9              		.eabi_attribute 26, 1
  10              		.eabi_attribute 30, 4
  11              		.eabi_attribute 34, 1
  12              		.eabi_attribute 18, 4
  13              		.file	"stm32f3xx_it.c"
  14              		.text
  15              		.section	.text.NMI_Handler,"ax",%progbits
  16              		.align	1
  17              		.global	NMI_Handler
  18              		.arch armv7e-m
  19              		.syntax unified
  20              		.thumb
  21              		.thumb_func
  22              		.fpu fpv4-sp-d16
  24              	NMI_Handler:
  25              		@ args = 0, pretend = 0, frame = 0
  26              		@ frame_needed = 0, uses_anonymous_args = 0
  27              		@ link register save eliminated.
  28 0000 7047     		bx	lr
  30              		.section	.text.HardFault_Handler,"ax",%progbits
  31              		.align	1
  32              		.global	HardFault_Handler
  33              		.syntax unified
  34              		.thumb
  35              		.thumb_func
  36              		.fpu fpv4-sp-d16
  38              	HardFault_Handler:
  39              		@ Volatile: function does not return.
  40              		@ args = 0, pretend = 0, frame = 0
  41              		@ frame_needed = 0, uses_anonymous_args = 0
  42              		@ link register save eliminated.
  43              	.L3:
  44 0000 FEE7     		b	.L3
  46              		.section	.text.MemManage_Handler,"ax",%progbits
  47              		.align	1
  48              		.global	MemManage_Handler
  49              		.syntax unified
  50              		.thumb
  51              		.thumb_func
  52              		.fpu fpv4-sp-d16
  54              	MemManage_Handler:
  55              		@ Volatile: function does not return.
  56              		@ args = 0, pretend = 0, frame = 0
  57              		@ frame_needed = 0, uses_anonymous_args = 0
  58              		@ link register save eliminated.
  59              	.L5:
  60 0000 FEE7     		b	.L5
  62              		.section	.text.BusFault_Handler,"ax",%progbits
  63              		.align	1
ARM GAS  C:\Users\gyoku\AppData\Local\Temp\ccTJhyHg.s 			page 2


  64              		.global	BusFault_Handler
  65              		.syntax unified
  66              		.thumb
  67              		.thumb_func
  68              		.fpu fpv4-sp-d16
  70              	BusFault_Handler:
  71              		@ Volatile: function does not return.
  72              		@ args = 0, pretend = 0, frame = 0
  73              		@ frame_needed = 0, uses_anonymous_args = 0
  74              		@ link register save eliminated.
  75              	.L7:
  76 0000 FEE7     		b	.L7
  78              		.section	.text.UsageFault_Handler,"ax",%progbits
  79              		.align	1
  80              		.global	UsageFault_Handler
  81              		.syntax unified
  82              		.thumb
  83              		.thumb_func
  84              		.fpu fpv4-sp-d16
  86              	UsageFault_Handler:
  87              		@ Volatile: function does not return.
  88              		@ args = 0, pretend = 0, frame = 0
  89              		@ frame_needed = 0, uses_anonymous_args = 0
  90              		@ link register save eliminated.
  91              	.L9:
  92 0000 FEE7     		b	.L9
  94              		.section	.text.SVC_Handler,"ax",%progbits
  95              		.align	1
  96              		.global	SVC_Handler
  97              		.syntax unified
  98              		.thumb
  99              		.thumb_func
 100              		.fpu fpv4-sp-d16
 102              	SVC_Handler:
 103              		@ args = 0, pretend = 0, frame = 0
 104              		@ frame_needed = 0, uses_anonymous_args = 0
 105              		@ link register save eliminated.
 106 0000 7047     		bx	lr
 108              		.section	.text.DebugMon_Handler,"ax",%progbits
 109              		.align	1
 110              		.global	DebugMon_Handler
 111              		.syntax unified
 112              		.thumb
 113              		.thumb_func
 114              		.fpu fpv4-sp-d16
 116              	DebugMon_Handler:
 117              		@ args = 0, pretend = 0, frame = 0
 118              		@ frame_needed = 0, uses_anonymous_args = 0
 119              		@ link register save eliminated.
 120 0000 7047     		bx	lr
 122              		.section	.text.PendSV_Handler,"ax",%progbits
 123              		.align	1
 124              		.global	PendSV_Handler
 125              		.syntax unified
 126              		.thumb
 127              		.thumb_func
 128              		.fpu fpv4-sp-d16
ARM GAS  C:\Users\gyoku\AppData\Local\Temp\ccTJhyHg.s 			page 3


 130              	PendSV_Handler:
 131              		@ args = 0, pretend = 0, frame = 0
 132              		@ frame_needed = 0, uses_anonymous_args = 0
 133              		@ link register save eliminated.
 134 0000 7047     		bx	lr
 136              		.section	.text.SysTick_Handler,"ax",%progbits
 137              		.align	1
 138              		.global	SysTick_Handler
 139              		.syntax unified
 140              		.thumb
 141              		.thumb_func
 142              		.fpu fpv4-sp-d16
 144              	SysTick_Handler:
 145              		@ args = 0, pretend = 0, frame = 0
 146              		@ frame_needed = 0, uses_anonymous_args = 0
 147 0000 08B5     		push	{r3, lr}
 148 0002 FFF7FEFF 		bl	HAL_GetTick
 149 0006 0A23     		movs	r3, #10
 150 0008 B0FBF3F2 		udiv	r2, r0, r3
 151 000c 02FB1300 		mls	r0, r2, r3, r0
 152 0010 18B9     		cbnz	r0, .L14
 153 0012 FFF7FEFF 		bl	rotateSrv1
 154 0016 FFF7FEFF 		bl	rotateSrv2
 155              	.L14:
 156 001a FFF7FEFF 		bl	HAL_GetTick
 157 001e 4FF4FA73 		mov	r3, #500
 158 0022 B0FBF3F2 		udiv	r2, r0, r3
 159 0026 02FB1300 		mls	r0, r2, r3, r0
 160 002a 28B9     		cbnz	r0, .L15
 161 002c 4FF40041 		mov	r1, #32768
 162 0030 4FF09040 		mov	r0, #1207959552
 163 0034 FFF7FEFF 		bl	HAL_GPIO_TogglePin
 164              	.L15:
 165 0038 BDE80840 		pop	{r3, lr}
 166 003c FFF7FEBF 		b	HAL_IncTick
 168              		.section	.text.EXTI3_IRQHandler,"ax",%progbits
 169              		.align	1
 170              		.global	EXTI3_IRQHandler
 171              		.syntax unified
 172              		.thumb
 173              		.thumb_func
 174              		.fpu fpv4-sp-d16
 176              	EXTI3_IRQHandler:
 177              		@ args = 0, pretend = 0, frame = 0
 178              		@ frame_needed = 0, uses_anonymous_args = 0
 179 0000 08B5     		push	{r3, lr}
 180 0002 0821     		movs	r1, #8
 181 0004 4FF09040 		mov	r0, #1207959552
 182 0008 FFF7FEFF 		bl	HAL_GPIO_ReadPin
 183 000c 044B     		ldr	r3, .L17
 184 000e 5860     		str	r0, [r3, #4]
 185 0010 FFF7FEFF 		bl	rotateSrv1
 186 0014 0820     		movs	r0, #8
 187 0016 BDE80840 		pop	{r3, lr}
 188 001a FFF7FEBF 		b	HAL_GPIO_EXTI_IRQHandler
 189              	.L18:
 190 001e 00BF     		.align	2
ARM GAS  C:\Users\gyoku\AppData\Local\Temp\ccTJhyHg.s 			page 4


 191              	.L17:
 192 0020 00000000 		.word	srv1
 194              		.section	.text.EXTI4_IRQHandler,"ax",%progbits
 195              		.align	1
 196              		.global	EXTI4_IRQHandler
 197              		.syntax unified
 198              		.thumb
 199              		.thumb_func
 200              		.fpu fpv4-sp-d16
 202              	EXTI4_IRQHandler:
 203              		@ args = 0, pretend = 0, frame = 0
 204              		@ frame_needed = 0, uses_anonymous_args = 0
 205 0000 08B5     		push	{r3, lr}
 206 0002 1021     		movs	r1, #16
 207 0004 4FF09040 		mov	r0, #1207959552
 208 0008 FFF7FEFF 		bl	HAL_GPIO_ReadPin
 209 000c 044B     		ldr	r3, .L20
 210 000e 4042     		rsbs	r0, r0, #0
 211 0010 5860     		str	r0, [r3, #4]
 212 0012 FFF7FEFF 		bl	rotateSrv1
 213 0016 1020     		movs	r0, #16
 214 0018 BDE80840 		pop	{r3, lr}
 215 001c FFF7FEBF 		b	HAL_GPIO_EXTI_IRQHandler
 216              	.L21:
 217              		.align	2
 218              	.L20:
 219 0020 00000000 		.word	srv1
 221              		.section	.text.EXTI9_5_IRQHandler,"ax",%progbits
 222              		.align	1
 223              		.global	EXTI9_5_IRQHandler
 224              		.syntax unified
 225              		.thumb
 226              		.thumb_func
 227              		.fpu fpv4-sp-d16
 229              	EXTI9_5_IRQHandler:
 230              		@ args = 0, pretend = 0, frame = 0
 231              		@ frame_needed = 0, uses_anonymous_args = 0
 232 0000 08B5     		push	{r3, lr}
 233 0002 2020     		movs	r0, #32
 234 0004 FFF7FEFF 		bl	HAL_GPIO_EXTI_IRQHandler
 235 0008 4020     		movs	r0, #64
 236 000a BDE80840 		pop	{r3, lr}
 237 000e FFF7FEBF 		b	HAL_GPIO_EXTI_IRQHandler
 239              		.ident	"GCC: (GNU MCU Eclipse ARM Embedded GCC, 64-bit) 8.2.1 20181213 (release) [gcc-8-branch rev
ARM GAS  C:\Users\gyoku\AppData\Local\Temp\ccTJhyHg.s 			page 5


DEFINED SYMBOLS
                            *ABS*:0000000000000000 stm32f3xx_it.c
C:\Users\gyoku\AppData\Local\Temp\ccTJhyHg.s:16     .text.NMI_Handler:0000000000000000 $t
C:\Users\gyoku\AppData\Local\Temp\ccTJhyHg.s:24     .text.NMI_Handler:0000000000000000 NMI_Handler
C:\Users\gyoku\AppData\Local\Temp\ccTJhyHg.s:31     .text.HardFault_Handler:0000000000000000 $t
C:\Users\gyoku\AppData\Local\Temp\ccTJhyHg.s:38     .text.HardFault_Handler:0000000000000000 HardFault_Handler
C:\Users\gyoku\AppData\Local\Temp\ccTJhyHg.s:47     .text.MemManage_Handler:0000000000000000 $t
C:\Users\gyoku\AppData\Local\Temp\ccTJhyHg.s:54     .text.MemManage_Handler:0000000000000000 MemManage_Handler
C:\Users\gyoku\AppData\Local\Temp\ccTJhyHg.s:63     .text.BusFault_Handler:0000000000000000 $t
C:\Users\gyoku\AppData\Local\Temp\ccTJhyHg.s:70     .text.BusFault_Handler:0000000000000000 BusFault_Handler
C:\Users\gyoku\AppData\Local\Temp\ccTJhyHg.s:79     .text.UsageFault_Handler:0000000000000000 $t
C:\Users\gyoku\AppData\Local\Temp\ccTJhyHg.s:86     .text.UsageFault_Handler:0000000000000000 UsageFault_Handler
C:\Users\gyoku\AppData\Local\Temp\ccTJhyHg.s:95     .text.SVC_Handler:0000000000000000 $t
C:\Users\gyoku\AppData\Local\Temp\ccTJhyHg.s:102    .text.SVC_Handler:0000000000000000 SVC_Handler
C:\Users\gyoku\AppData\Local\Temp\ccTJhyHg.s:109    .text.DebugMon_Handler:0000000000000000 $t
C:\Users\gyoku\AppData\Local\Temp\ccTJhyHg.s:116    .text.DebugMon_Handler:0000000000000000 DebugMon_Handler
C:\Users\gyoku\AppData\Local\Temp\ccTJhyHg.s:123    .text.PendSV_Handler:0000000000000000 $t
C:\Users\gyoku\AppData\Local\Temp\ccTJhyHg.s:130    .text.PendSV_Handler:0000000000000000 PendSV_Handler
C:\Users\gyoku\AppData\Local\Temp\ccTJhyHg.s:137    .text.SysTick_Handler:0000000000000000 $t
C:\Users\gyoku\AppData\Local\Temp\ccTJhyHg.s:144    .text.SysTick_Handler:0000000000000000 SysTick_Handler
C:\Users\gyoku\AppData\Local\Temp\ccTJhyHg.s:169    .text.EXTI3_IRQHandler:0000000000000000 $t
C:\Users\gyoku\AppData\Local\Temp\ccTJhyHg.s:176    .text.EXTI3_IRQHandler:0000000000000000 EXTI3_IRQHandler
C:\Users\gyoku\AppData\Local\Temp\ccTJhyHg.s:192    .text.EXTI3_IRQHandler:0000000000000020 $d
C:\Users\gyoku\AppData\Local\Temp\ccTJhyHg.s:195    .text.EXTI4_IRQHandler:0000000000000000 $t
C:\Users\gyoku\AppData\Local\Temp\ccTJhyHg.s:202    .text.EXTI4_IRQHandler:0000000000000000 EXTI4_IRQHandler
C:\Users\gyoku\AppData\Local\Temp\ccTJhyHg.s:219    .text.EXTI4_IRQHandler:0000000000000020 $d
C:\Users\gyoku\AppData\Local\Temp\ccTJhyHg.s:222    .text.EXTI9_5_IRQHandler:0000000000000000 $t
C:\Users\gyoku\AppData\Local\Temp\ccTJhyHg.s:229    .text.EXTI9_5_IRQHandler:0000000000000000 EXTI9_5_IRQHandler

UNDEFINED SYMBOLS
HAL_GetTick
rotateSrv1
rotateSrv2
HAL_GPIO_TogglePin
HAL_IncTick
HAL_GPIO_ReadPin
HAL_GPIO_EXTI_IRQHandler
srv1
