ARM GAS  C:\Users\q-bir\AppData\Local\Temp\cc83p7Hc.s 			page 1


   1              		.cpu cortex-m4
   2              		.eabi_attribute 27, 1
   3              		.eabi_attribute 28, 1
   4              		.eabi_attribute 20, 1
   5              		.eabi_attribute 21, 1
   6              		.eabi_attribute 23, 3
   7              		.eabi_attribute 24, 1
   8              		.eabi_attribute 25, 1
   9              		.eabi_attribute 26, 1
  10              		.eabi_attribute 30, 4
  11              		.eabi_attribute 34, 1
  12              		.eabi_attribute 18, 4
  13              		.file	"stm32f3xx_hal_rcc.c"
  14              		.text
  15              		.section	.text.HAL_RCC_DeInit,"ax",%progbits
  16              		.align	1
  17              		.global	HAL_RCC_DeInit
  18              		.arch armv7e-m
  19              		.syntax unified
  20              		.thumb
  21              		.thumb_func
  22              		.fpu fpv4-sp-d16
  24              	HAL_RCC_DeInit:
  25              		@ args = 0, pretend = 0, frame = 0
  26              		@ frame_needed = 0, uses_anonymous_args = 0
  27 0000 70B5     		push	{r4, r5, r6, lr}
  28 0002 304C     		ldr	r4, .L12
  29 0004 2368     		ldr	r3, [r4]
  30 0006 43F00103 		orr	r3, r3, #1
  31 000a 2360     		str	r3, [r4]
  32 000c FFF7FEFF 		bl	HAL_GetTick
  33 0010 0546     		mov	r5, r0
  34              	.L2:
  35 0012 2368     		ldr	r3, [r4]
  36 0014 9B07     		lsls	r3, r3, #30
  37 0016 3FD5     		bpl	.L4
  38 0018 2368     		ldr	r3, [r4]
  39 001a 23F0F803 		bic	r3, r3, #248
  40 001e 43F08003 		orr	r3, r3, #128
  41 0022 2360     		str	r3, [r4]
  42 0024 6268     		ldr	r2, [r4, #4]
  43 0026 284B     		ldr	r3, .L12+4
  44 0028 1340     		ands	r3, r3, r2
  45 002a 6360     		str	r3, [r4, #4]
  46 002c FFF7FEFF 		bl	HAL_GetTick
  47 0030 41F28836 		movw	r6, #5000
  48 0034 0546     		mov	r5, r0
  49              	.L5:
  50 0036 6068     		ldr	r0, [r4, #4]
  51 0038 10F00C00 		ands	r0, r0, #12
  52 003c 34D1     		bne	.L7
  53 003e 234B     		ldr	r3, .L12+8
  54 0040 234A     		ldr	r2, .L12+12
  55 0042 1A60     		str	r2, [r3]
  56 0044 FFF7FEFF 		bl	HAL_InitTick
  57 0048 0546     		mov	r5, r0
  58 004a 0028     		cmp	r0, #0
ARM GAS  C:\Users\q-bir\AppData\Local\Temp\cc83p7Hc.s 			page 2


  59 004c 38D1     		bne	.L10
  60 004e 2368     		ldr	r3, [r4]
  61 0050 23F08473 		bic	r3, r3, #17301504
  62 0054 23F48033 		bic	r3, r3, #65536
  63 0058 2360     		str	r3, [r4]
  64 005a 2368     		ldr	r3, [r4]
  65 005c 23F48023 		bic	r3, r3, #262144
  66 0060 2360     		str	r3, [r4]
  67 0062 FFF7FEFF 		bl	HAL_GetTick
  68 0066 0646     		mov	r6, r0
  69              	.L8:
  70 0068 2368     		ldr	r3, [r4]
  71 006a 13F00073 		ands	r3, r3, #33554432
  72 006e 21D1     		bne	.L9
  73 0070 6360     		str	r3, [r4, #4]
  74 0072 E362     		str	r3, [r4, #44]
  75 0074 2363     		str	r3, [r4, #48]
  76 0076 A268     		ldr	r2, [r4, #8]
  77 0078 42F41F02 		orr	r2, r2, #10420224
  78 007c A260     		str	r2, [r4, #8]
  79 007e A360     		str	r3, [r4, #8]
  80 0080 4FF08072 		mov	r2, #16777216
  81              		.syntax unified
  82              	@ 531 "Drivers/CMSIS/Include/cmsis_gcc.h" 1
  83 0084 92FAA2F2 		rbit r2, r2
  84              	@ 0 "" 2
  85              		.thumb
  86              		.syntax unified
  87 0088 124B     		ldr	r3, .L12+16
  88 008a B2FA82F2 		clz	r2, r2
  89 008e 1344     		add	r3, r3, r2
  90 0090 9B00     		lsls	r3, r3, #2
  91 0092 0122     		movs	r2, #1
  92 0094 1A60     		str	r2, [r3]
  93 0096 05E0     		b	.L3
  94              	.L4:
  95 0098 FFF7FEFF 		bl	HAL_GetTick
  96 009c 401B     		subs	r0, r0, r5
  97 009e 0228     		cmp	r0, #2
  98 00a0 B7D9     		bls	.L2
  99              	.L6:
 100 00a2 0325     		movs	r5, #3
 101              	.L3:
 102 00a4 2846     		mov	r0, r5
 103 00a6 70BD     		pop	{r4, r5, r6, pc}
 104              	.L7:
 105 00a8 FFF7FEFF 		bl	HAL_GetTick
 106 00ac 401B     		subs	r0, r0, r5
 107 00ae B042     		cmp	r0, r6
 108 00b0 C1D9     		bls	.L5
 109 00b2 F6E7     		b	.L6
 110              	.L9:
 111 00b4 FFF7FEFF 		bl	HAL_GetTick
 112 00b8 801B     		subs	r0, r0, r6
 113 00ba 0228     		cmp	r0, #2
 114 00bc D4D9     		bls	.L8
 115 00be F0E7     		b	.L6
ARM GAS  C:\Users\q-bir\AppData\Local\Temp\cc83p7Hc.s 			page 3


 116              	.L10:
 117 00c0 0125     		movs	r5, #1
 118 00c2 EFE7     		b	.L3
 119              	.L13:
 120              		.align	2
 121              	.L12:
 122 00c4 00100240 		.word	1073876992
 123 00c8 0CC0FFF8 		.word	-117456884
 124 00cc 00000000 		.word	SystemCoreClock
 125 00d0 00127A00 		.word	8000000
 126 00d4 20819010 		.word	277905696
 128              		.section	.text.HAL_RCC_OscConfig,"ax",%progbits
 129              		.align	1
 130              		.global	HAL_RCC_OscConfig
 131              		.syntax unified
 132              		.thumb
 133              		.thumb_func
 134              		.fpu fpv4-sp-d16
 136              	HAL_RCC_OscConfig:
 137              		@ args = 0, pretend = 0, frame = 8
 138              		@ frame_needed = 0, uses_anonymous_args = 0
 139 0000 2DE9F347 		push	{r0, r1, r4, r5, r6, r7, r8, r9, r10, lr}
 140 0004 0546     		mov	r5, r0
 141 0006 18B9     		cbnz	r0, .L15
 142              	.L23:
 143 0008 0120     		movs	r0, #1
 144              	.L16:
 145 000a 02B0     		add	sp, sp, #8
 146              		@ sp needed
 147 000c BDE8F087 		pop	{r4, r5, r6, r7, r8, r9, r10, pc}
 148              	.L15:
 149 0010 0368     		ldr	r3, [r0]
 150 0012 DA07     		lsls	r2, r3, #31
 151 0014 11D4     		bmi	.L17
 152              	.L22:
 153 0016 2B68     		ldr	r3, [r5]
 154 0018 9B07     		lsls	r3, r3, #30
 155 001a 00F18580 		bmi	.L18
 156              	.L34:
 157 001e 2B68     		ldr	r3, [r5]
 158 0020 1C07     		lsls	r4, r3, #28
 159 0022 00F1F680 		bmi	.L43
 160              	.L49:
 161 0026 2B68     		ldr	r3, [r5]
 162 0028 5807     		lsls	r0, r3, #29
 163 002a 00F13F81 		bmi	.L44
 164              	.L52:
 165 002e EA69     		ldr	r2, [r5, #28]
 166 0030 002A     		cmp	r2, #0
 167 0032 40F0D681 		bne	.L74
 168              	.L80:
 169 0036 0020     		movs	r0, #0
 170 0038 E7E7     		b	.L16
 171              	.L17:
 172 003a BA4C     		ldr	r4, .L112
 173 003c 6368     		ldr	r3, [r4, #4]
 174 003e 03F00C03 		and	r3, r3, #12
ARM GAS  C:\Users\q-bir\AppData\Local\Temp\cc83p7Hc.s 			page 4


 175 0042 042B     		cmp	r3, #4
 176 0044 07D0     		beq	.L20
 177 0046 6368     		ldr	r3, [r4, #4]
 178 0048 03F00C03 		and	r3, r3, #12
 179 004c 082B     		cmp	r3, #8
 180 004e 16D1     		bne	.L21
 181 0050 6368     		ldr	r3, [r4, #4]
 182 0052 DF03     		lsls	r7, r3, #15
 183 0054 13D5     		bpl	.L21
 184              	.L20:
 185 0056 4FF40033 		mov	r3, #131072
 186              		.syntax unified
 187              	@ 531 "Drivers/CMSIS/Include/cmsis_gcc.h" 1
 188 005a 93FAA3F2 		rbit r2, r3
 189              	@ 0 "" 2
 190              		.thumb
 191              		.syntax unified
 192 005e 2168     		ldr	r1, [r4]
 193              		.syntax unified
 194              	@ 531 "Drivers/CMSIS/Include/cmsis_gcc.h" 1
 195 0060 93FAA3F3 		rbit r3, r3
 196              	@ 0 "" 2
 197              		.thumb
 198              		.syntax unified
 199 0064 B3FA83F3 		clz	r3, r3
 200 0068 03F01F03 		and	r3, r3, #31
 201 006c 0122     		movs	r2, #1
 202 006e 02FA03F3 		lsl	r3, r2, r3
 203 0072 0B42     		tst	r3, r1
 204 0074 CFD0     		beq	.L22
 205 0076 6B68     		ldr	r3, [r5, #4]
 206 0078 002B     		cmp	r3, #0
 207 007a CCD1     		bne	.L22
 208 007c C4E7     		b	.L23
 209              	.L21:
 210 007e 6A68     		ldr	r2, [r5, #4]
 211 0080 B2F5803F 		cmp	r2, #65536
 212 0084 25D1     		bne	.L24
 213              	.L110:
 214 0086 2368     		ldr	r3, [r4]
 215 0088 43F48033 		orr	r3, r3, #65536
 216              	.L107:
 217 008c 2360     		str	r3, [r4]
 218 008e E36A     		ldr	r3, [r4, #44]
 219 0090 A968     		ldr	r1, [r5, #8]
 220 0092 23F00F03 		bic	r3, r3, #15
 221 0096 0B43     		orrs	r3, r3, r1
 222 0098 E362     		str	r3, [r4, #44]
 223 009a 52B3     		cbz	r2, .L28
 224 009c FFF7FEFF 		bl	HAL_GetTick
 225 00a0 4FF40037 		mov	r7, #131072
 226 00a4 0646     		mov	r6, r0
 227 00a6 4FF00108 		mov	r8, #1
 228              	.L29:
 229              		.syntax unified
 230              	@ 531 "Drivers/CMSIS/Include/cmsis_gcc.h" 1
 231 00aa 97FAA7F3 		rbit r3, r7
ARM GAS  C:\Users\q-bir\AppData\Local\Temp\cc83p7Hc.s 			page 5


 232              	@ 0 "" 2
 233              		.thumb
 234              		.syntax unified
 235 00ae 2268     		ldr	r2, [r4]
 236              		.syntax unified
 237              	@ 531 "Drivers/CMSIS/Include/cmsis_gcc.h" 1
 238 00b0 97FAA7F3 		rbit r3, r7
 239              	@ 0 "" 2
 240              		.thumb
 241              		.syntax unified
 242 00b4 B3FA83F3 		clz	r3, r3
 243 00b8 03F01F03 		and	r3, r3, #31
 244 00bc 08FA03F3 		lsl	r3, r8, r3
 245 00c0 1342     		tst	r3, r2
 246 00c2 A8D1     		bne	.L22
 247 00c4 FFF7FEFF 		bl	HAL_GetTick
 248 00c8 831B     		subs	r3, r0, r6
 249 00ca 642B     		cmp	r3, #100
 250 00cc EDD9     		bls	.L29
 251              	.L32:
 252 00ce 0320     		movs	r0, #3
 253 00d0 9BE7     		b	.L16
 254              	.L24:
 255 00d2 2368     		ldr	r3, [r4]
 256 00d4 32B9     		cbnz	r2, .L26
 257              	.L27:
 258 00d6 23F48033 		bic	r3, r3, #65536
 259 00da 2360     		str	r3, [r4]
 260 00dc 2368     		ldr	r3, [r4]
 261 00de 23F48023 		bic	r3, r3, #262144
 262 00e2 D3E7     		b	.L107
 263              	.L26:
 264 00e4 B2F5A02F 		cmp	r2, #327680
 265 00e8 F5D1     		bne	.L27
 266 00ea 43F48023 		orr	r3, r3, #262144
 267 00ee 2360     		str	r3, [r4]
 268 00f0 C9E7     		b	.L110
 269              	.L28:
 270 00f2 FFF7FEFF 		bl	HAL_GetTick
 271 00f6 4FF40037 		mov	r7, #131072
 272 00fa 0646     		mov	r6, r0
 273 00fc 4FF00108 		mov	r8, #1
 274              	.L31:
 275              		.syntax unified
 276              	@ 531 "Drivers/CMSIS/Include/cmsis_gcc.h" 1
 277 0100 97FAA7F3 		rbit r3, r7
 278              	@ 0 "" 2
 279              		.thumb
 280              		.syntax unified
 281 0104 2268     		ldr	r2, [r4]
 282              		.syntax unified
 283              	@ 531 "Drivers/CMSIS/Include/cmsis_gcc.h" 1
 284 0106 97FAA7F3 		rbit r3, r7
 285              	@ 0 "" 2
 286              		.thumb
 287              		.syntax unified
 288 010a B3FA83F3 		clz	r3, r3
ARM GAS  C:\Users\q-bir\AppData\Local\Temp\cc83p7Hc.s 			page 6


 289 010e 03F01F03 		and	r3, r3, #31
 290 0112 08FA03F3 		lsl	r3, r8, r3
 291 0116 1342     		tst	r3, r2
 292 0118 3FF47DAF 		beq	.L22
 293 011c FFF7FEFF 		bl	HAL_GetTick
 294 0120 831B     		subs	r3, r0, r6
 295 0122 642B     		cmp	r3, #100
 296 0124 ECD9     		bls	.L31
 297 0126 D2E7     		b	.L32
 298              	.L18:
 299 0128 7E4C     		ldr	r4, .L112
 300 012a 6368     		ldr	r3, [r4, #4]
 301 012c 13F00C0F 		tst	r3, #12
 302 0130 07D0     		beq	.L35
 303 0132 6368     		ldr	r3, [r4, #4]
 304 0134 03F00C03 		and	r3, r3, #12
 305 0138 082B     		cmp	r3, #8
 306 013a 22D1     		bne	.L36
 307 013c 6368     		ldr	r3, [r4, #4]
 308 013e DE03     		lsls	r6, r3, #15
 309 0140 1FD4     		bmi	.L36
 310              	.L35:
 311 0142 0223     		movs	r3, #2
 312              		.syntax unified
 313              	@ 531 "Drivers/CMSIS/Include/cmsis_gcc.h" 1
 314 0144 93FAA3F2 		rbit r2, r3
 315              	@ 0 "" 2
 316              		.thumb
 317              		.syntax unified
 318 0148 2168     		ldr	r1, [r4]
 319              		.syntax unified
 320              	@ 531 "Drivers/CMSIS/Include/cmsis_gcc.h" 1
 321 014a 93FAA3F3 		rbit r3, r3
 322              	@ 0 "" 2
 323              		.thumb
 324              		.syntax unified
 325 014e B3FA83F3 		clz	r3, r3
 326 0152 03F01F03 		and	r3, r3, #31
 327 0156 0122     		movs	r2, #1
 328 0158 02FA03F3 		lsl	r3, r2, r3
 329 015c 0B42     		tst	r3, r1
 330 015e 03D0     		beq	.L108
 331 0160 2B69     		ldr	r3, [r5, #16]
 332 0162 9342     		cmp	r3, r2
 333 0164 7FF450AF 		bne	.L23
 334              	.L108:
 335 0168 2168     		ldr	r1, [r4]
 336 016a F823     		movs	r3, #248
 337              		.syntax unified
 338              	@ 531 "Drivers/CMSIS/Include/cmsis_gcc.h" 1
 339 016c 93FAA3F3 		rbit r3, r3
 340              	@ 0 "" 2
 341              		.thumb
 342              		.syntax unified
 343 0170 B3FA83F2 		clz	r2, r3
 344 0174 6B69     		ldr	r3, [r5, #20]
 345 0176 9340     		lsls	r3, r3, r2
ARM GAS  C:\Users\q-bir\AppData\Local\Temp\cc83p7Hc.s 			page 7


 346 0178 21F0F802 		bic	r2, r1, #248
 347 017c 1343     		orrs	r3, r3, r2
 348 017e 2360     		str	r3, [r4]
 349 0180 4DE7     		b	.L34
 350              	.L36:
 351 0182 2A69     		ldr	r2, [r5, #16]
 352 0184 0126     		movs	r6, #1
 353 0186 0AB3     		cbz	r2, .L38
 354              		.syntax unified
 355              	@ 531 "Drivers/CMSIS/Include/cmsis_gcc.h" 1
 356 0188 96FAA6F3 		rbit r3, r6
 357              	@ 0 "" 2
 358              		.thumb
 359              		.syntax unified
 360 018c B3FA83F3 		clz	r3, r3
 361 0190 03F18453 		add	r3, r3, #276824064
 362 0194 03F58413 		add	r3, r3, #1081344
 363 0198 9B00     		lsls	r3, r3, #2
 364 019a 4FF00208 		mov	r8, #2
 365 019e 1E60     		str	r6, [r3]
 366 01a0 FFF7FEFF 		bl	HAL_GetTick
 367 01a4 0746     		mov	r7, r0
 368              	.L39:
 369              		.syntax unified
 370              	@ 531 "Drivers/CMSIS/Include/cmsis_gcc.h" 1
 371 01a6 98FAA8F3 		rbit r3, r8
 372              	@ 0 "" 2
 373              		.thumb
 374              		.syntax unified
 375 01aa 2268     		ldr	r2, [r4]
 376              		.syntax unified
 377              	@ 531 "Drivers/CMSIS/Include/cmsis_gcc.h" 1
 378 01ac 98FAA8F3 		rbit r3, r8
 379              	@ 0 "" 2
 380              		.thumb
 381              		.syntax unified
 382 01b0 B3FA83F3 		clz	r3, r3
 383 01b4 03F01F03 		and	r3, r3, #31
 384 01b8 06FA03F3 		lsl	r3, r6, r3
 385 01bc 1342     		tst	r3, r2
 386 01be D3D1     		bne	.L108
 387 01c0 FFF7FEFF 		bl	HAL_GetTick
 388 01c4 C31B     		subs	r3, r0, r7
 389 01c6 022B     		cmp	r3, #2
 390 01c8 EDD9     		bls	.L39
 391 01ca 80E7     		b	.L32
 392              	.L38:
 393              		.syntax unified
 394              	@ 531 "Drivers/CMSIS/Include/cmsis_gcc.h" 1
 395 01cc 96FAA6F3 		rbit r3, r6
 396              	@ 0 "" 2
 397              		.thumb
 398              		.syntax unified
 399 01d0 B3FA83F3 		clz	r3, r3
 400 01d4 03F18453 		add	r3, r3, #276824064
 401 01d8 03F58413 		add	r3, r3, #1081344
 402 01dc 9B00     		lsls	r3, r3, #2
ARM GAS  C:\Users\q-bir\AppData\Local\Temp\cc83p7Hc.s 			page 8


 403 01de 4FF00208 		mov	r8, #2
 404 01e2 1A60     		str	r2, [r3]
 405 01e4 FFF7FEFF 		bl	HAL_GetTick
 406 01e8 0746     		mov	r7, r0
 407              	.L41:
 408              		.syntax unified
 409              	@ 531 "Drivers/CMSIS/Include/cmsis_gcc.h" 1
 410 01ea 98FAA8F3 		rbit r3, r8
 411              	@ 0 "" 2
 412              		.thumb
 413              		.syntax unified
 414 01ee 2268     		ldr	r2, [r4]
 415              		.syntax unified
 416              	@ 531 "Drivers/CMSIS/Include/cmsis_gcc.h" 1
 417 01f0 98FAA8F3 		rbit r3, r8
 418              	@ 0 "" 2
 419              		.thumb
 420              		.syntax unified
 421 01f4 B3FA83F3 		clz	r3, r3
 422 01f8 03F01F03 		and	r3, r3, #31
 423 01fc 06FA03F3 		lsl	r3, r6, r3
 424 0200 1342     		tst	r3, r2
 425 0202 3FF40CAF 		beq	.L34
 426 0206 FFF7FEFF 		bl	HAL_GetTick
 427 020a C31B     		subs	r3, r0, r7
 428 020c 022B     		cmp	r3, #2
 429 020e ECD9     		bls	.L41
 430 0210 5DE7     		b	.L32
 431              	.L43:
 432 0212 AA69     		ldr	r2, [r5, #24]
 433 0214 434E     		ldr	r6, .L112
 434 0216 4449     		ldr	r1, .L112+4
 435 0218 0124     		movs	r4, #1
 436 021a 1AB3     		cbz	r2, .L46
 437              		.syntax unified
 438              	@ 531 "Drivers/CMSIS/Include/cmsis_gcc.h" 1
 439 021c 94FAA4F3 		rbit r3, r4
 440              	@ 0 "" 2
 441              		.thumb
 442              		.syntax unified
 443 0220 B3FA83F3 		clz	r3, r3
 444 0224 0B44     		add	r3, r3, r1
 445 0226 9B00     		lsls	r3, r3, #2
 446 0228 0227     		movs	r7, #2
 447 022a 1C60     		str	r4, [r3]
 448 022c FFF7FEFF 		bl	HAL_GetTick
 449 0230 8046     		mov	r8, r0
 450              	.L47:
 451              		.syntax unified
 452              	@ 531 "Drivers/CMSIS/Include/cmsis_gcc.h" 1
 453 0232 97FAA7F3 		rbit r3, r7
 454              	@ 0 "" 2
 455              	@ 531 "Drivers/CMSIS/Include/cmsis_gcc.h" 1
 456 0236 97FAA7F3 		rbit r3, r7
 457              	@ 0 "" 2
 458              	@ 531 "Drivers/CMSIS/Include/cmsis_gcc.h" 1
 459 023a 97FAA7F3 		rbit r3, r7
ARM GAS  C:\Users\q-bir\AppData\Local\Temp\cc83p7Hc.s 			page 9


 460              	@ 0 "" 2
 461              		.thumb
 462              		.syntax unified
 463 023e 726A     		ldr	r2, [r6, #36]
 464              		.syntax unified
 465              	@ 531 "Drivers/CMSIS/Include/cmsis_gcc.h" 1
 466 0240 97FAA7F3 		rbit r3, r7
 467              	@ 0 "" 2
 468              		.thumb
 469              		.syntax unified
 470 0244 B3FA83F3 		clz	r3, r3
 471 0248 03F01F03 		and	r3, r3, #31
 472 024c 04FA03F3 		lsl	r3, r4, r3
 473 0250 1342     		tst	r3, r2
 474 0252 7FF4E8AE 		bne	.L49
 475 0256 FFF7FEFF 		bl	HAL_GetTick
 476 025a A0EB0803 		sub	r3, r0, r8
 477 025e 022B     		cmp	r3, #2
 478 0260 E7D9     		bls	.L47
 479 0262 34E7     		b	.L32
 480              	.L46:
 481              		.syntax unified
 482              	@ 531 "Drivers/CMSIS/Include/cmsis_gcc.h" 1
 483 0264 94FAA4F3 		rbit r3, r4
 484              	@ 0 "" 2
 485              		.thumb
 486              		.syntax unified
 487 0268 B3FA83F3 		clz	r3, r3
 488 026c 0B44     		add	r3, r3, r1
 489 026e 9B00     		lsls	r3, r3, #2
 490 0270 0227     		movs	r7, #2
 491 0272 1A60     		str	r2, [r3]
 492 0274 FFF7FEFF 		bl	HAL_GetTick
 493 0278 8046     		mov	r8, r0
 494              	.L50:
 495              		.syntax unified
 496              	@ 531 "Drivers/CMSIS/Include/cmsis_gcc.h" 1
 497 027a 97FAA7F3 		rbit r3, r7
 498              	@ 0 "" 2
 499              	@ 531 "Drivers/CMSIS/Include/cmsis_gcc.h" 1
 500 027e 97FAA7F3 		rbit r3, r7
 501              	@ 0 "" 2
 502              	@ 531 "Drivers/CMSIS/Include/cmsis_gcc.h" 1
 503 0282 97FAA7F3 		rbit r3, r7
 504              	@ 0 "" 2
 505              		.thumb
 506              		.syntax unified
 507 0286 726A     		ldr	r2, [r6, #36]
 508              		.syntax unified
 509              	@ 531 "Drivers/CMSIS/Include/cmsis_gcc.h" 1
 510 0288 97FAA7F3 		rbit r3, r7
 511              	@ 0 "" 2
 512              		.thumb
 513              		.syntax unified
 514 028c B3FA83F3 		clz	r3, r3
 515 0290 03F01F03 		and	r3, r3, #31
 516 0294 04FA03F3 		lsl	r3, r4, r3
ARM GAS  C:\Users\q-bir\AppData\Local\Temp\cc83p7Hc.s 			page 10


 517 0298 1342     		tst	r3, r2
 518 029a 3FF4C4AE 		beq	.L49
 519 029e FFF7FEFF 		bl	HAL_GetTick
 520 02a2 A0EB0803 		sub	r3, r0, r8
 521 02a6 022B     		cmp	r3, #2
 522 02a8 E7D9     		bls	.L50
 523 02aa 10E7     		b	.L32
 524              	.L44:
 525 02ac 1D4C     		ldr	r4, .L112
 526 02ae E369     		ldr	r3, [r4, #28]
 527 02b0 D900     		lsls	r1, r3, #3
 528 02b2 34D4     		bmi	.L83
 529 02b4 E369     		ldr	r3, [r4, #28]
 530 02b6 43F08053 		orr	r3, r3, #268435456
 531 02ba E361     		str	r3, [r4, #28]
 532 02bc E369     		ldr	r3, [r4, #28]
 533 02be 03F08053 		and	r3, r3, #268435456
 534 02c2 0193     		str	r3, [sp, #4]
 535 02c4 019B     		ldr	r3, [sp, #4]
 536 02c6 0126     		movs	r6, #1
 537              	.L53:
 538 02c8 184F     		ldr	r7, .L112+8
 539 02ca 3B68     		ldr	r3, [r7]
 540 02cc DA05     		lsls	r2, r3, #23
 541 02ce 2FD5     		bpl	.L54
 542              	.L59:
 543 02d0 EB68     		ldr	r3, [r5, #12]
 544 02d2 012B     		cmp	r3, #1
 545 02d4 3DD1     		bne	.L106
 546              	.L111:
 547 02d6 236A     		ldr	r3, [r4, #32]
 548 02d8 43F00103 		orr	r3, r3, #1
 549              	.L109:
 550 02dc 2362     		str	r3, [r4, #32]
 551 02de FFF7FEFF 		bl	HAL_GetTick
 552 02e2 0227     		movs	r7, #2
 553 02e4 8046     		mov	r8, r0
 554 02e6 BA46     		mov	r10, r7
 555 02e8 4FF00109 		mov	r9, #1
 556              	.L65:
 557              		.syntax unified
 558              	@ 531 "Drivers/CMSIS/Include/cmsis_gcc.h" 1
 559 02ec 97FAA7F3 		rbit r3, r7
 560              	@ 0 "" 2
 561              	@ 531 "Drivers/CMSIS/Include/cmsis_gcc.h" 1
 562 02f0 97FAA7F3 		rbit r3, r7
 563              	@ 0 "" 2
 564              		.thumb
 565              		.syntax unified
 566 02f4 002B     		cmp	r3, #0
 567 02f6 6CD0     		beq	.L66
 568 02f8 226A     		ldr	r2, [r4, #32]
 569              	.L67:
 570              		.syntax unified
 571              	@ 531 "Drivers/CMSIS/Include/cmsis_gcc.h" 1
 572 02fa 9AFAAAF3 		rbit r3, r10
 573              	@ 0 "" 2
ARM GAS  C:\Users\q-bir\AppData\Local\Temp\cc83p7Hc.s 			page 11


 574              		.thumb
 575              		.syntax unified
 576 02fe B3FA83F3 		clz	r3, r3
 577 0302 03F01F03 		and	r3, r3, #31
 578 0306 09FA03F3 		lsl	r3, r9, r3
 579 030a 1342     		tst	r3, r2
 580 030c 58D0     		beq	.L68
 581              	.L73:
 582 030e 002E     		cmp	r6, #0
 583 0310 3FF48DAE 		beq	.L52
 584 0314 E369     		ldr	r3, [r4, #28]
 585 0316 23F08053 		bic	r3, r3, #268435456
 586 031a E361     		str	r3, [r4, #28]
 587 031c 87E6     		b	.L52
 588              	.L83:
 589 031e 0026     		movs	r6, #0
 590 0320 D2E7     		b	.L53
 591              	.L113:
 592 0322 00BF     		.align	2
 593              	.L112:
 594 0324 00100240 		.word	1073876992
 595 0328 20819010 		.word	277905696
 596 032c 00700040 		.word	1073770496
 597              	.L54:
 598 0330 3B68     		ldr	r3, [r7]
 599 0332 43F48073 		orr	r3, r3, #256
 600 0336 3B60     		str	r3, [r7]
 601 0338 FFF7FEFF 		bl	HAL_GetTick
 602 033c 8046     		mov	r8, r0
 603              	.L57:
 604 033e 3B68     		ldr	r3, [r7]
 605 0340 DB05     		lsls	r3, r3, #23
 606 0342 C5D4     		bmi	.L59
 607 0344 FFF7FEFF 		bl	HAL_GetTick
 608 0348 A0EB0800 		sub	r0, r0, r8
 609 034c 6428     		cmp	r0, #100
 610 034e F6D9     		bls	.L57
 611 0350 BDE6     		b	.L32
 612              	.L106:
 613 0352 3BBB     		cbnz	r3, .L61
 614 0354 236A     		ldr	r3, [r4, #32]
 615 0356 23F00103 		bic	r3, r3, #1
 616 035a 2362     		str	r3, [r4, #32]
 617 035c 236A     		ldr	r3, [r4, #32]
 618 035e 23F00403 		bic	r3, r3, #4
 619 0362 2362     		str	r3, [r4, #32]
 620 0364 FFF7FEFF 		bl	HAL_GetTick
 621 0368 0227     		movs	r7, #2
 622 036a 8046     		mov	r8, r0
 623 036c BA46     		mov	r10, r7
 624 036e 4FF00109 		mov	r9, #1
 625              	.L62:
 626              		.syntax unified
 627              	@ 531 "Drivers/CMSIS/Include/cmsis_gcc.h" 1
 628 0372 97FAA7F3 		rbit r3, r7
 629              	@ 0 "" 2
 630              	@ 531 "Drivers/CMSIS/Include/cmsis_gcc.h" 1
ARM GAS  C:\Users\q-bir\AppData\Local\Temp\cc83p7Hc.s 			page 12


 631 0376 97FAA7F3 		rbit r3, r7
 632              	@ 0 "" 2
 633              		.thumb
 634              		.syntax unified
 635 037a 73B3     		cbz	r3, .L70
 636 037c 226A     		ldr	r2, [r4, #32]
 637              	.L71:
 638              		.syntax unified
 639              	@ 531 "Drivers/CMSIS/Include/cmsis_gcc.h" 1
 640 037e 9AFAAAF3 		rbit r3, r10
 641              	@ 0 "" 2
 642              		.thumb
 643              		.syntax unified
 644 0382 B3FA83F3 		clz	r3, r3
 645 0386 03F01F03 		and	r3, r3, #31
 646 038a 09FA03F3 		lsl	r3, r9, r3
 647 038e 1342     		tst	r3, r2
 648 0390 BDD0     		beq	.L73
 649 0392 FFF7FEFF 		bl	HAL_GetTick
 650 0396 41F28833 		movw	r3, #5000
 651 039a A0EB0800 		sub	r0, r0, r8
 652 039e 9842     		cmp	r0, r3
 653 03a0 E7D9     		bls	.L62
 654 03a2 94E6     		b	.L32
 655              	.L61:
 656 03a4 052B     		cmp	r3, #5
 657 03a6 236A     		ldr	r3, [r4, #32]
 658 03a8 03D1     		bne	.L63
 659 03aa 43F00403 		orr	r3, r3, #4
 660 03ae 2362     		str	r3, [r4, #32]
 661 03b0 91E7     		b	.L111
 662              	.L63:
 663 03b2 23F00103 		bic	r3, r3, #1
 664 03b6 2362     		str	r3, [r4, #32]
 665 03b8 236A     		ldr	r3, [r4, #32]
 666 03ba 23F00403 		bic	r3, r3, #4
 667 03be 8DE7     		b	.L109
 668              	.L68:
 669 03c0 FFF7FEFF 		bl	HAL_GetTick
 670 03c4 41F28833 		movw	r3, #5000
 671 03c8 A0EB0800 		sub	r0, r0, r8
 672 03cc 9842     		cmp	r0, r3
 673 03ce 8DD9     		bls	.L65
 674 03d0 7DE6     		b	.L32
 675              	.L66:
 676              		.syntax unified
 677              	@ 531 "Drivers/CMSIS/Include/cmsis_gcc.h" 1
 678 03d2 97FAA7F3 		rbit r3, r7
 679              	@ 0 "" 2
 680              		.thumb
 681              		.syntax unified
 682 03d6 626A     		ldr	r2, [r4, #36]
 683 03d8 8FE7     		b	.L67
 684              	.L70:
 685              		.syntax unified
 686              	@ 531 "Drivers/CMSIS/Include/cmsis_gcc.h" 1
 687 03da 97FAA7F3 		rbit r3, r7
ARM GAS  C:\Users\q-bir\AppData\Local\Temp\cc83p7Hc.s 			page 13


 688              	@ 0 "" 2
 689              		.thumb
 690              		.syntax unified
 691 03de 626A     		ldr	r2, [r4, #36]
 692 03e0 CDE7     		b	.L71
 693              	.L74:
 694 03e2 414C     		ldr	r4, .L114
 695 03e4 6368     		ldr	r3, [r4, #4]
 696 03e6 03F00C03 		and	r3, r3, #12
 697 03ea 082B     		cmp	r3, #8
 698 03ec 3FF40CAE 		beq	.L23
 699 03f0 022A     		cmp	r2, #2
 700 03f2 4FF08073 		mov	r3, #16777216
 701 03f6 51D1     		bne	.L75
 702              		.syntax unified
 703              	@ 531 "Drivers/CMSIS/Include/cmsis_gcc.h" 1
 704 03f8 93FAA3F3 		rbit r3, r3
 705              	@ 0 "" 2
 706              		.thumb
 707              		.syntax unified
 708 03fc B3FA83F3 		clz	r3, r3
 709 0400 03F18453 		add	r3, r3, #276824064
 710 0404 03F58413 		add	r3, r3, #1081344
 711 0408 9B00     		lsls	r3, r3, #2
 712 040a 0022     		movs	r2, #0
 713 040c 1A60     		str	r2, [r3]
 714 040e FFF7FEFF 		bl	HAL_GetTick
 715 0412 4FF00078 		mov	r8, #33554432
 716 0416 0746     		mov	r7, r0
 717 0418 0126     		movs	r6, #1
 718              	.L76:
 719              		.syntax unified
 720              	@ 531 "Drivers/CMSIS/Include/cmsis_gcc.h" 1
 721 041a 98FAA8F3 		rbit r3, r8
 722              	@ 0 "" 2
 723              		.thumb
 724              		.syntax unified
 725 041e 2268     		ldr	r2, [r4]
 726              		.syntax unified
 727              	@ 531 "Drivers/CMSIS/Include/cmsis_gcc.h" 1
 728 0420 98FAA8F3 		rbit r3, r8
 729              	@ 0 "" 2
 730              		.thumb
 731              		.syntax unified
 732 0424 B3FA83F3 		clz	r3, r3
 733 0428 03F01F03 		and	r3, r3, #31
 734 042c 06FA03F3 		lsl	r3, r6, r3
 735 0430 1342     		tst	r3, r2
 736 0432 2DD1     		bne	.L77
 737 0434 D5E90813 		ldrd	r1, r3, [r5, #32]
 738 0438 6268     		ldr	r2, [r4, #4]
 739 043a 0B43     		orrs	r3, r3, r1
 740 043c 22F47412 		bic	r2, r2, #3997696
 741 0440 1343     		orrs	r3, r3, r2
 742 0442 6360     		str	r3, [r4, #4]
 743 0444 4FF08073 		mov	r3, #16777216
 744              		.syntax unified
ARM GAS  C:\Users\q-bir\AppData\Local\Temp\cc83p7Hc.s 			page 14


 745              	@ 531 "Drivers/CMSIS/Include/cmsis_gcc.h" 1
 746 0448 93FAA3F3 		rbit r3, r3
 747              	@ 0 "" 2
 748              		.thumb
 749              		.syntax unified
 750 044c B3FA83F3 		clz	r3, r3
 751 0450 03F18453 		add	r3, r3, #276824064
 752 0454 03F58413 		add	r3, r3, #1081344
 753 0458 9B00     		lsls	r3, r3, #2
 754 045a 0127     		movs	r7, #1
 755 045c 1E60     		str	r6, [r3]
 756 045e FFF7FEFF 		bl	HAL_GetTick
 757 0462 4FF00076 		mov	r6, #33554432
 758 0466 0546     		mov	r5, r0
 759              	.L78:
 760              		.syntax unified
 761              	@ 531 "Drivers/CMSIS/Include/cmsis_gcc.h" 1
 762 0468 96FAA6F3 		rbit r3, r6
 763              	@ 0 "" 2
 764              		.thumb
 765              		.syntax unified
 766 046c 2268     		ldr	r2, [r4]
 767              		.syntax unified
 768              	@ 531 "Drivers/CMSIS/Include/cmsis_gcc.h" 1
 769 046e 96FAA6F3 		rbit r3, r6
 770              	@ 0 "" 2
 771              		.thumb
 772              		.syntax unified
 773 0472 B3FA83F3 		clz	r3, r3
 774 0476 03F01F03 		and	r3, r3, #31
 775 047a 07FA03F3 		lsl	r3, r7, r3
 776 047e 1342     		tst	r3, r2
 777 0480 7FF4D9AD 		bne	.L80
 778 0484 FFF7FEFF 		bl	HAL_GetTick
 779 0488 401B     		subs	r0, r0, r5
 780 048a 0228     		cmp	r0, #2
 781 048c ECD9     		bls	.L78
 782 048e 1EE6     		b	.L32
 783              	.L77:
 784 0490 FFF7FEFF 		bl	HAL_GetTick
 785 0494 C31B     		subs	r3, r0, r7
 786 0496 022B     		cmp	r3, #2
 787 0498 BFD9     		bls	.L76
 788 049a 18E6     		b	.L32
 789              	.L75:
 790              		.syntax unified
 791              	@ 531 "Drivers/CMSIS/Include/cmsis_gcc.h" 1
 792 049c 93FAA3F3 		rbit r3, r3
 793              	@ 0 "" 2
 794              		.thumb
 795              		.syntax unified
 796 04a0 B3FA83F3 		clz	r3, r3
 797 04a4 03F18453 		add	r3, r3, #276824064
 798 04a8 03F58413 		add	r3, r3, #1081344
 799 04ac 9B00     		lsls	r3, r3, #2
 800 04ae 0022     		movs	r2, #0
 801 04b0 1A60     		str	r2, [r3]
ARM GAS  C:\Users\q-bir\AppData\Local\Temp\cc83p7Hc.s 			page 15


 802 04b2 FFF7FEFF 		bl	HAL_GetTick
 803 04b6 4FF00076 		mov	r6, #33554432
 804 04ba 0546     		mov	r5, r0
 805 04bc 0127     		movs	r7, #1
 806              	.L81:
 807              		.syntax unified
 808              	@ 531 "Drivers/CMSIS/Include/cmsis_gcc.h" 1
 809 04be 96FAA6F3 		rbit r3, r6
 810              	@ 0 "" 2
 811              		.thumb
 812              		.syntax unified
 813 04c2 2268     		ldr	r2, [r4]
 814              		.syntax unified
 815              	@ 531 "Drivers/CMSIS/Include/cmsis_gcc.h" 1
 816 04c4 96FAA6F3 		rbit r3, r6
 817              	@ 0 "" 2
 818              		.thumb
 819              		.syntax unified
 820 04c8 B3FA83F3 		clz	r3, r3
 821 04cc 03F01F03 		and	r3, r3, #31
 822 04d0 07FA03F3 		lsl	r3, r7, r3
 823 04d4 1342     		tst	r3, r2
 824 04d6 3FF4AEAD 		beq	.L80
 825 04da FFF7FEFF 		bl	HAL_GetTick
 826 04de 401B     		subs	r0, r0, r5
 827 04e0 0228     		cmp	r0, #2
 828 04e2 ECD9     		bls	.L81
 829 04e4 F3E5     		b	.L32
 830              	.L115:
 831 04e6 00BF     		.align	2
 832              	.L114:
 833 04e8 00100240 		.word	1073876992
 835              		.section	.text.HAL_RCC_MCOConfig,"ax",%progbits
 836              		.align	1
 837              		.global	HAL_RCC_MCOConfig
 838              		.syntax unified
 839              		.thumb
 840              		.thumb_func
 841              		.fpu fpv4-sp-d16
 843              	HAL_RCC_MCOConfig:
 844              		@ args = 0, pretend = 0, frame = 24
 845              		@ frame_needed = 0, uses_anonymous_args = 0
 846 0000 70B5     		push	{r4, r5, r6, lr}
 847 0002 86B0     		sub	sp, sp, #24
 848 0004 0223     		movs	r3, #2
 849 0006 0293     		str	r3, [sp, #8]
 850 0008 0D46     		mov	r5, r1
 851 000a 0023     		movs	r3, #0
 852 000c 0321     		movs	r1, #3
 853 000e CDE90331 		strd	r3, r1, [sp, #12]
 854 0012 0E4C     		ldr	r4, .L117
 855 0014 0593     		str	r3, [sp, #20]
 856 0016 1646     		mov	r6, r2
 857 0018 4FF48072 		mov	r2, #256
 858 001c 0192     		str	r2, [sp, #4]
 859 001e 6369     		ldr	r3, [r4, #20]
 860 0020 43F40033 		orr	r3, r3, #131072
ARM GAS  C:\Users\q-bir\AppData\Local\Temp\cc83p7Hc.s 			page 16


 861 0024 6361     		str	r3, [r4, #20]
 862 0026 6369     		ldr	r3, [r4, #20]
 863 0028 03F40033 		and	r3, r3, #131072
 864 002c 0093     		str	r3, [sp]
 865 002e 01A9     		add	r1, sp, #4
 866 0030 4FF09040 		mov	r0, #1207959552
 867 0034 009B     		ldr	r3, [sp]
 868 0036 FFF7FEFF 		bl	HAL_GPIO_Init
 869 003a 6368     		ldr	r3, [r4, #4]
 870 003c 23F0EE43 		bic	r3, r3, #1996488704
 871 0040 43EA0602 		orr	r2, r3, r6
 872 0044 2A43     		orrs	r2, r2, r5
 873 0046 6260     		str	r2, [r4, #4]
 874 0048 06B0     		add	sp, sp, #24
 875              		@ sp needed
 876 004a 70BD     		pop	{r4, r5, r6, pc}
 877              	.L118:
 878              		.align	2
 879              	.L117:
 880 004c 00100240 		.word	1073876992
 882              		.section	.text.HAL_RCC_EnableCSS,"ax",%progbits
 883              		.align	1
 884              		.global	HAL_RCC_EnableCSS
 885              		.syntax unified
 886              		.thumb
 887              		.thumb_func
 888              		.fpu fpv4-sp-d16
 890              	HAL_RCC_EnableCSS:
 891              		@ args = 0, pretend = 0, frame = 0
 892              		@ frame_needed = 0, uses_anonymous_args = 0
 893              		@ link register save eliminated.
 894 0000 4FF40023 		mov	r3, #524288
 895              		.syntax unified
 896              	@ 531 "Drivers/CMSIS/Include/cmsis_gcc.h" 1
 897 0004 93FAA3F3 		rbit r3, r3
 898              	@ 0 "" 2
 899              		.thumb
 900              		.syntax unified
 901 0008 B3FA83F3 		clz	r3, r3
 902 000c 03F18453 		add	r3, r3, #276824064
 903 0010 03F58413 		add	r3, r3, #1081344
 904 0014 9B00     		lsls	r3, r3, #2
 905 0016 0122     		movs	r2, #1
 906 0018 1A60     		str	r2, [r3]
 907 001a 7047     		bx	lr
 909              		.section	.text.HAL_RCC_DisableCSS,"ax",%progbits
 910              		.align	1
 911              		.global	HAL_RCC_DisableCSS
 912              		.syntax unified
 913              		.thumb
 914              		.thumb_func
 915              		.fpu fpv4-sp-d16
 917              	HAL_RCC_DisableCSS:
 918              		@ args = 0, pretend = 0, frame = 0
 919              		@ frame_needed = 0, uses_anonymous_args = 0
 920              		@ link register save eliminated.
 921 0000 4FF40023 		mov	r3, #524288
ARM GAS  C:\Users\q-bir\AppData\Local\Temp\cc83p7Hc.s 			page 17


 922              		.syntax unified
 923              	@ 531 "Drivers/CMSIS/Include/cmsis_gcc.h" 1
 924 0004 93FAA3F3 		rbit r3, r3
 925              	@ 0 "" 2
 926              		.thumb
 927              		.syntax unified
 928 0008 B3FA83F3 		clz	r3, r3
 929 000c 03F18453 		add	r3, r3, #276824064
 930 0010 03F58413 		add	r3, r3, #1081344
 931 0014 9B00     		lsls	r3, r3, #2
 932 0016 0022     		movs	r2, #0
 933 0018 1A60     		str	r2, [r3]
 934 001a 7047     		bx	lr
 936              		.section	.text.HAL_RCC_GetSysClockFreq,"ax",%progbits
 937              		.align	1
 938              		.global	HAL_RCC_GetSysClockFreq
 939              		.syntax unified
 940              		.thumb
 941              		.thumb_func
 942              		.fpu fpv4-sp-d16
 944              	HAL_RCC_GetSysClockFreq:
 945              		@ args = 0, pretend = 0, frame = 0
 946              		@ frame_needed = 0, uses_anonymous_args = 0
 947 0000 10B5     		push	{r4, lr}
 948 0002 134C     		ldr	r4, .L126
 949 0004 6168     		ldr	r1, [r4, #4]
 950 0006 01F00C03 		and	r3, r1, #12
 951 000a 082B     		cmp	r3, #8
 952 000c 1ED1     		bne	.L124
 953 000e 4FF47013 		mov	r3, #3932160
 954              		.syntax unified
 955              	@ 531 "Drivers/CMSIS/Include/cmsis_gcc.h" 1
 956 0012 93FAA3F3 		rbit r3, r3
 957              	@ 0 "" 2
 958              		.thumb
 959              		.syntax unified
 960 0016 01F47012 		and	r2, r1, #3932160
 961 001a B3FA83F3 		clz	r3, r3
 962 001e 22FA03F3 		lsr	r3, r2, r3
 963 0022 0C4A     		ldr	r2, .L126+4
 964 0024 D05C     		ldrb	r0, [r2, r3]	@ zero_extendqisi2
 965 0026 E36A     		ldr	r3, [r4, #44]
 966 0028 0F22     		movs	r2, #15
 967              		.syntax unified
 968              	@ 531 "Drivers/CMSIS/Include/cmsis_gcc.h" 1
 969 002a 92FAA2F2 		rbit r2, r2
 970              	@ 0 "" 2
 971              		.thumb
 972              		.syntax unified
 973 002e B2FA82F2 		clz	r2, r2
 974 0032 03F00F03 		and	r3, r3, #15
 975 0036 D340     		lsrs	r3, r3, r2
 976 0038 074A     		ldr	r2, .L126+8
 977 003a D25C     		ldrb	r2, [r2, r3]	@ zero_extendqisi2
 978 003c CB03     		lsls	r3, r1, #15
 979 003e 4ABF     		itet	mi
 980 0040 064B     		ldrmi	r3, .L126+12
ARM GAS  C:\Users\q-bir\AppData\Local\Temp\cc83p7Hc.s 			page 18


 981 0042 074B     		ldrpl	r3, .L126+16
 982 0044 B3FBF2F3 		udivmi	r3, r3, r2
 983 0048 5843     		muls	r0, r3, r0
 984              	.L121:
 985 004a 10BD     		pop	{r4, pc}
 986              	.L124:
 987 004c 0348     		ldr	r0, .L126+12
 988 004e FCE7     		b	.L121
 989              	.L127:
 990              		.align	2
 991              	.L126:
 992 0050 00100240 		.word	1073876992
 993 0054 00000000 		.word	.LANCHOR0
 994 0058 00000000 		.word	.LANCHOR1
 995 005c 00127A00 		.word	8000000
 996 0060 00093D00 		.word	4000000
 998              		.section	.text.HAL_RCC_ClockConfig,"ax",%progbits
 999              		.align	1
 1000              		.global	HAL_RCC_ClockConfig
 1001              		.syntax unified
 1002              		.thumb
 1003              		.thumb_func
 1004              		.fpu fpv4-sp-d16
 1006              	HAL_RCC_ClockConfig:
 1007              		@ args = 0, pretend = 0, frame = 0
 1008              		@ frame_needed = 0, uses_anonymous_args = 0
 1009 0000 2DE9F041 		push	{r4, r5, r6, r7, r8, lr}
 1010 0004 0D46     		mov	r5, r1
 1011 0006 0446     		mov	r4, r0
 1012 0008 10B9     		cbnz	r0, .L129
 1013              	.L134:
 1014 000a 0120     		movs	r0, #1
 1015              	.L130:
 1016 000c BDE8F081 		pop	{r4, r5, r6, r7, r8, pc}
 1017              	.L129:
 1018 0010 4B4A     		ldr	r2, .L165
 1019 0012 1368     		ldr	r3, [r2]
 1020 0014 03F00703 		and	r3, r3, #7
 1021 0018 8B42     		cmp	r3, r1
 1022 001a 2DD3     		bcc	.L131
 1023              	.L135:
 1024 001c 2268     		ldr	r2, [r4]
 1025 001e 9107     		lsls	r1, r2, #30
 1026 0020 35D4     		bmi	.L132
 1027              	.L133:
 1028 0022 D207     		lsls	r2, r2, #31
 1029 0024 3BD4     		bmi	.L136
 1030              	.L144:
 1031 0026 464A     		ldr	r2, .L165
 1032 0028 1368     		ldr	r3, [r2]
 1033 002a 03F00703 		and	r3, r3, #7
 1034 002e AB42     		cmp	r3, r5
 1035 0030 73D8     		bhi	.L137
 1036              	.L138:
 1037 0032 2268     		ldr	r2, [r4]
 1038 0034 434D     		ldr	r5, .L165+4
 1039 0036 12F0040F 		tst	r2, #4
ARM GAS  C:\Users\q-bir\AppData\Local\Temp\cc83p7Hc.s 			page 19


 1040 003a 7AD1     		bne	.L145
 1041              	.L146:
 1042 003c 1307     		lsls	r3, r2, #28
 1043 003e 06D5     		bpl	.L147
 1044 0040 6B68     		ldr	r3, [r5, #4]
 1045 0042 2269     		ldr	r2, [r4, #16]
 1046 0044 23F46053 		bic	r3, r3, #14336
 1047 0048 43EAC203 		orr	r3, r3, r2, lsl #3
 1048 004c 6B60     		str	r3, [r5, #4]
 1049              	.L147:
 1050 004e FFF7FEFF 		bl	HAL_RCC_GetSysClockFreq
 1051 0052 6B68     		ldr	r3, [r5, #4]
 1052 0054 F022     		movs	r2, #240
 1053              		.syntax unified
 1054              	@ 531 "Drivers/CMSIS/Include/cmsis_gcc.h" 1
 1055 0056 92FAA2F2 		rbit r2, r2
 1056              	@ 0 "" 2
 1057              		.thumb
 1058              		.syntax unified
 1059 005a B2FA82F2 		clz	r2, r2
 1060 005e 03F0F003 		and	r3, r3, #240
 1061 0062 D340     		lsrs	r3, r3, r2
 1062 0064 384A     		ldr	r2, .L165+8
 1063 0066 D35C     		ldrb	r3, [r2, r3]	@ zero_extendqisi2
 1064 0068 D840     		lsrs	r0, r0, r3
 1065 006a 384B     		ldr	r3, .L165+12
 1066 006c 1860     		str	r0, [r3]
 1067 006e 0020     		movs	r0, #0
 1068 0070 FFF7FEFF 		bl	HAL_InitTick
 1069 0074 0020     		movs	r0, #0
 1070 0076 C9E7     		b	.L130
 1071              	.L131:
 1072 0078 1368     		ldr	r3, [r2]
 1073 007a 23F00703 		bic	r3, r3, #7
 1074 007e 0B43     		orrs	r3, r3, r1
 1075 0080 1360     		str	r3, [r2]
 1076 0082 1368     		ldr	r3, [r2]
 1077 0084 03F00703 		and	r3, r3, #7
 1078 0088 8B42     		cmp	r3, r1
 1079 008a BED1     		bne	.L134
 1080 008c C6E7     		b	.L135
 1081              	.L132:
 1082 008e 2D49     		ldr	r1, .L165+4
 1083 0090 A068     		ldr	r0, [r4, #8]
 1084 0092 4B68     		ldr	r3, [r1, #4]
 1085 0094 23F0F003 		bic	r3, r3, #240
 1086 0098 0343     		orrs	r3, r3, r0
 1087 009a 4B60     		str	r3, [r1, #4]
 1088 009c C1E7     		b	.L133
 1089              	.L136:
 1090 009e 6268     		ldr	r2, [r4, #4]
 1091 00a0 284E     		ldr	r6, .L165+4
 1092 00a2 012A     		cmp	r2, #1
 1093 00a4 26D1     		bne	.L139
 1094 00a6 4FF40033 		mov	r3, #131072
 1095              		.syntax unified
 1096              	@ 531 "Drivers/CMSIS/Include/cmsis_gcc.h" 1
ARM GAS  C:\Users\q-bir\AppData\Local\Temp\cc83p7Hc.s 			page 20


 1097 00aa 93FAA3F1 		rbit r1, r3
 1098              	@ 0 "" 2
 1099              		.thumb
 1100              		.syntax unified
 1101 00ae 3168     		ldr	r1, [r6]
 1102              		.syntax unified
 1103              	@ 531 "Drivers/CMSIS/Include/cmsis_gcc.h" 1
 1104 00b0 93FAA3F3 		rbit r3, r3
 1105              	@ 0 "" 2
 1106              		.thumb
 1107              		.syntax unified
 1108 00b4 B3FA83F3 		clz	r3, r3
 1109 00b8 03F01F03 		and	r3, r3, #31
 1110 00bc 02FA03F3 		lsl	r3, r2, r3
 1111 00c0 0B42     		tst	r3, r1
 1112              	.L162:
 1113 00c2 A2D0     		beq	.L134
 1114 00c4 7368     		ldr	r3, [r6, #4]
 1115 00c6 23F00303 		bic	r3, r3, #3
 1116 00ca 1A43     		orrs	r2, r2, r3
 1117 00cc 7260     		str	r2, [r6, #4]
 1118 00ce FFF7FEFF 		bl	HAL_GetTick
 1119 00d2 41F28838 		movw	r8, #5000
 1120 00d6 0746     		mov	r7, r0
 1121              	.L142:
 1122 00d8 7368     		ldr	r3, [r6, #4]
 1123 00da 6268     		ldr	r2, [r4, #4]
 1124 00dc 03F00C03 		and	r3, r3, #12
 1125 00e0 B3EB820F 		cmp	r3, r2, lsl #2
 1126 00e4 9FD0     		beq	.L144
 1127 00e6 FFF7FEFF 		bl	HAL_GetTick
 1128 00ea C01B     		subs	r0, r0, r7
 1129 00ec 4045     		cmp	r0, r8
 1130 00ee F3D9     		bls	.L142
 1131 00f0 0320     		movs	r0, #3
 1132 00f2 8BE7     		b	.L130
 1133              	.L139:
 1134 00f4 022A     		cmp	r2, #2
 1135 00f6 0CBF     		ite	eq
 1136 00f8 4FF00073 		moveq	r3, #33554432
 1137 00fc 0223     		movne	r3, #2
 1138              		.syntax unified
 1139              	@ 531 "Drivers/CMSIS/Include/cmsis_gcc.h" 1
 1140 00fe 93FAA3F1 		rbit r1, r3
 1141              	@ 0 "" 2
 1142              		.thumb
 1143              		.syntax unified
 1144 0102 3068     		ldr	r0, [r6]
 1145              		.syntax unified
 1146              	@ 531 "Drivers/CMSIS/Include/cmsis_gcc.h" 1
 1147 0104 93FAA3F3 		rbit r3, r3
 1148              	@ 0 "" 2
 1149              		.thumb
 1150              		.syntax unified
 1151 0108 B3FA83F3 		clz	r3, r3
 1152 010c 03F01F03 		and	r3, r3, #31
 1153 0110 0121     		movs	r1, #1
ARM GAS  C:\Users\q-bir\AppData\Local\Temp\cc83p7Hc.s 			page 21


 1154 0112 01FA03F3 		lsl	r3, r1, r3
 1155 0116 0342     		tst	r3, r0
 1156 0118 D3E7     		b	.L162
 1157              	.L137:
 1158 011a 1368     		ldr	r3, [r2]
 1159 011c 23F00703 		bic	r3, r3, #7
 1160 0120 2B43     		orrs	r3, r3, r5
 1161 0122 1360     		str	r3, [r2]
 1162 0124 1368     		ldr	r3, [r2]
 1163 0126 03F00703 		and	r3, r3, #7
 1164 012a AB42     		cmp	r3, r5
 1165 012c 7FF46DAF 		bne	.L134
 1166 0130 7FE7     		b	.L138
 1167              	.L145:
 1168 0132 6B68     		ldr	r3, [r5, #4]
 1169 0134 E168     		ldr	r1, [r4, #12]
 1170 0136 23F4E063 		bic	r3, r3, #1792
 1171 013a 0B43     		orrs	r3, r3, r1
 1172 013c 6B60     		str	r3, [r5, #4]
 1173 013e 7DE7     		b	.L146
 1174              	.L166:
 1175              		.align	2
 1176              	.L165:
 1177 0140 00200240 		.word	1073881088
 1178 0144 00100240 		.word	1073876992
 1179 0148 00000000 		.word	AHBPrescTable
 1180 014c 00000000 		.word	SystemCoreClock
 1182              		.section	.text.HAL_RCC_GetHCLKFreq,"ax",%progbits
 1183              		.align	1
 1184              		.global	HAL_RCC_GetHCLKFreq
 1185              		.syntax unified
 1186              		.thumb
 1187              		.thumb_func
 1188              		.fpu fpv4-sp-d16
 1190              	HAL_RCC_GetHCLKFreq:
 1191              		@ args = 0, pretend = 0, frame = 0
 1192              		@ frame_needed = 0, uses_anonymous_args = 0
 1193              		@ link register save eliminated.
 1194 0000 014B     		ldr	r3, .L168
 1195 0002 1868     		ldr	r0, [r3]
 1196 0004 7047     		bx	lr
 1197              	.L169:
 1198 0006 00BF     		.align	2
 1199              	.L168:
 1200 0008 00000000 		.word	SystemCoreClock
 1202              		.section	.text.HAL_RCC_GetPCLK1Freq,"ax",%progbits
 1203              		.align	1
 1204              		.global	HAL_RCC_GetPCLK1Freq
 1205              		.syntax unified
 1206              		.thumb
 1207              		.thumb_func
 1208              		.fpu fpv4-sp-d16
 1210              	HAL_RCC_GetPCLK1Freq:
 1211              		@ args = 0, pretend = 0, frame = 0
 1212              		@ frame_needed = 0, uses_anonymous_args = 0
 1213              		@ link register save eliminated.
 1214 0000 084B     		ldr	r3, .L171
ARM GAS  C:\Users\q-bir\AppData\Local\Temp\cc83p7Hc.s 			page 22


 1215 0002 4FF4E062 		mov	r2, #1792
 1216 0006 5B68     		ldr	r3, [r3, #4]
 1217              		.syntax unified
 1218              	@ 531 "Drivers/CMSIS/Include/cmsis_gcc.h" 1
 1219 0008 92FAA2F2 		rbit r2, r2
 1220              	@ 0 "" 2
 1221              		.thumb
 1222              		.syntax unified
 1223 000c B2FA82F2 		clz	r2, r2
 1224 0010 03F4E063 		and	r3, r3, #1792
 1225 0014 D340     		lsrs	r3, r3, r2
 1226 0016 044A     		ldr	r2, .L171+4
 1227 0018 D35C     		ldrb	r3, [r2, r3]	@ zero_extendqisi2
 1228 001a 044A     		ldr	r2, .L171+8
 1229 001c 1068     		ldr	r0, [r2]
 1230 001e D840     		lsrs	r0, r0, r3
 1231 0020 7047     		bx	lr
 1232              	.L172:
 1233 0022 00BF     		.align	2
 1234              	.L171:
 1235 0024 00100240 		.word	1073876992
 1236 0028 00000000 		.word	APBPrescTable
 1237 002c 00000000 		.word	SystemCoreClock
 1239              		.section	.text.HAL_RCC_GetPCLK2Freq,"ax",%progbits
 1240              		.align	1
 1241              		.global	HAL_RCC_GetPCLK2Freq
 1242              		.syntax unified
 1243              		.thumb
 1244              		.thumb_func
 1245              		.fpu fpv4-sp-d16
 1247              	HAL_RCC_GetPCLK2Freq:
 1248              		@ args = 0, pretend = 0, frame = 0
 1249              		@ frame_needed = 0, uses_anonymous_args = 0
 1250              		@ link register save eliminated.
 1251 0000 084B     		ldr	r3, .L174
 1252 0002 4FF46052 		mov	r2, #14336
 1253 0006 5B68     		ldr	r3, [r3, #4]
 1254              		.syntax unified
 1255              	@ 531 "Drivers/CMSIS/Include/cmsis_gcc.h" 1
 1256 0008 92FAA2F2 		rbit r2, r2
 1257              	@ 0 "" 2
 1258              		.thumb
 1259              		.syntax unified
 1260 000c B2FA82F2 		clz	r2, r2
 1261 0010 03F46053 		and	r3, r3, #14336
 1262 0014 D340     		lsrs	r3, r3, r2
 1263 0016 044A     		ldr	r2, .L174+4
 1264 0018 D35C     		ldrb	r3, [r2, r3]	@ zero_extendqisi2
 1265 001a 044A     		ldr	r2, .L174+8
 1266 001c 1068     		ldr	r0, [r2]
 1267 001e D840     		lsrs	r0, r0, r3
 1268 0020 7047     		bx	lr
 1269              	.L175:
 1270 0022 00BF     		.align	2
 1271              	.L174:
 1272 0024 00100240 		.word	1073876992
 1273 0028 00000000 		.word	APBPrescTable
ARM GAS  C:\Users\q-bir\AppData\Local\Temp\cc83p7Hc.s 			page 23


 1274 002c 00000000 		.word	SystemCoreClock
 1276              		.section	.text.HAL_RCC_GetOscConfig,"ax",%progbits
 1277              		.align	1
 1278              		.global	HAL_RCC_GetOscConfig
 1279              		.syntax unified
 1280              		.thumb
 1281              		.thumb_func
 1282              		.fpu fpv4-sp-d16
 1284              	HAL_RCC_GetOscConfig:
 1285              		@ args = 0, pretend = 0, frame = 0
 1286              		@ frame_needed = 0, uses_anonymous_args = 0
 1287              		@ link register save eliminated.
 1288 0000 0F23     		movs	r3, #15
 1289 0002 0360     		str	r3, [r0]
 1290 0004 1F4B     		ldr	r3, .L185
 1291 0006 1A68     		ldr	r2, [r3]
 1292 0008 5103     		lsls	r1, r2, #13
 1293 000a 2DD5     		bpl	.L177
 1294 000c 4FF4A022 		mov	r2, #327680
 1295              	.L179:
 1296 0010 4260     		str	r2, [r0, #4]
 1297 0012 DA6A     		ldr	r2, [r3, #44]
 1298 0014 02F00F02 		and	r2, r2, #15
 1299 0018 8260     		str	r2, [r0, #8]
 1300 001a 1A68     		ldr	r2, [r3]
 1301 001c 02F00102 		and	r2, r2, #1
 1302 0020 0261     		str	r2, [r0, #16]
 1303 0022 1A68     		ldr	r2, [r3]
 1304 0024 F821     		movs	r1, #248
 1305              		.syntax unified
 1306              	@ 531 "Drivers/CMSIS/Include/cmsis_gcc.h" 1
 1307 0026 91FAA1F1 		rbit r1, r1
 1308              	@ 0 "" 2
 1309              		.thumb
 1310              		.syntax unified
 1311 002a B1FA81F1 		clz	r1, r1
 1312 002e 02F0F802 		and	r2, r2, #248
 1313 0032 CA40     		lsrs	r2, r2, r1
 1314 0034 4261     		str	r2, [r0, #20]
 1315 0036 1A6A     		ldr	r2, [r3, #32]
 1316 0038 5207     		lsls	r2, r2, #29
 1317 003a 1CD5     		bpl	.L180
 1318 003c 0522     		movs	r2, #5
 1319              	.L182:
 1320 003e C260     		str	r2, [r0, #12]
 1321 0040 5A6A     		ldr	r2, [r3, #36]
 1322 0042 02F00102 		and	r2, r2, #1
 1323 0046 8261     		str	r2, [r0, #24]
 1324 0048 1A68     		ldr	r2, [r3]
 1325 004a 12F0807F 		tst	r2, #16777216
 1326 004e 14BF     		ite	ne
 1327 0050 0222     		movne	r2, #2
 1328 0052 0122     		moveq	r2, #1
 1329 0054 C261     		str	r2, [r0, #28]
 1330 0056 5A68     		ldr	r2, [r3, #4]
 1331 0058 02F48032 		and	r2, r2, #65536
 1332 005c 0262     		str	r2, [r0, #32]
ARM GAS  C:\Users\q-bir\AppData\Local\Temp\cc83p7Hc.s 			page 24


 1333 005e 5B68     		ldr	r3, [r3, #4]
 1334 0060 03F47013 		and	r3, r3, #3932160
 1335 0064 4362     		str	r3, [r0, #36]
 1336 0066 7047     		bx	lr
 1337              	.L177:
 1338 0068 1A68     		ldr	r2, [r3]
 1339 006a 12F48032 		ands	r2, r2, #65536
 1340 006e 18BF     		it	ne
 1341 0070 4FF48032 		movne	r2, #65536
 1342 0074 CCE7     		b	.L179
 1343              	.L180:
 1344 0076 1A6A     		ldr	r2, [r3, #32]
 1345 0078 12F00102 		ands	r2, r2, #1
 1346 007c 18BF     		it	ne
 1347 007e 0122     		movne	r2, #1
 1348 0080 DDE7     		b	.L182
 1349              	.L186:
 1350 0082 00BF     		.align	2
 1351              	.L185:
 1352 0084 00100240 		.word	1073876992
 1354              		.section	.text.HAL_RCC_GetClockConfig,"ax",%progbits
 1355              		.align	1
 1356              		.global	HAL_RCC_GetClockConfig
 1357              		.syntax unified
 1358              		.thumb
 1359              		.thumb_func
 1360              		.fpu fpv4-sp-d16
 1362              	HAL_RCC_GetClockConfig:
 1363              		@ args = 0, pretend = 0, frame = 0
 1364              		@ frame_needed = 0, uses_anonymous_args = 0
 1365              		@ link register save eliminated.
 1366 0000 0F23     		movs	r3, #15
 1367 0002 0360     		str	r3, [r0]
 1368 0004 0B4B     		ldr	r3, .L188
 1369 0006 5A68     		ldr	r2, [r3, #4]
 1370 0008 02F00302 		and	r2, r2, #3
 1371 000c 4260     		str	r2, [r0, #4]
 1372 000e 5A68     		ldr	r2, [r3, #4]
 1373 0010 02F0F002 		and	r2, r2, #240
 1374 0014 8260     		str	r2, [r0, #8]
 1375 0016 5A68     		ldr	r2, [r3, #4]
 1376 0018 02F4E062 		and	r2, r2, #1792
 1377 001c C260     		str	r2, [r0, #12]
 1378 001e 5B68     		ldr	r3, [r3, #4]
 1379 0020 DB08     		lsrs	r3, r3, #3
 1380 0022 03F4E063 		and	r3, r3, #1792
 1381 0026 0361     		str	r3, [r0, #16]
 1382 0028 034B     		ldr	r3, .L188+4
 1383 002a 1B68     		ldr	r3, [r3]
 1384 002c 03F00703 		and	r3, r3, #7
 1385 0030 0B60     		str	r3, [r1]
 1386 0032 7047     		bx	lr
 1387              	.L189:
 1388              		.align	2
 1389              	.L188:
 1390 0034 00100240 		.word	1073876992
 1391 0038 00200240 		.word	1073881088
ARM GAS  C:\Users\q-bir\AppData\Local\Temp\cc83p7Hc.s 			page 25


 1393              		.section	.text.HAL_RCC_CSSCallback,"ax",%progbits
 1394              		.align	1
 1395              		.weak	HAL_RCC_CSSCallback
 1396              		.syntax unified
 1397              		.thumb
 1398              		.thumb_func
 1399              		.fpu fpv4-sp-d16
 1401              	HAL_RCC_CSSCallback:
 1402              		@ args = 0, pretend = 0, frame = 0
 1403              		@ frame_needed = 0, uses_anonymous_args = 0
 1404              		@ link register save eliminated.
 1405 0000 7047     		bx	lr
 1407              		.section	.text.HAL_RCC_NMI_IRQHandler,"ax",%progbits
 1408              		.align	1
 1409              		.global	HAL_RCC_NMI_IRQHandler
 1410              		.syntax unified
 1411              		.thumb
 1412              		.thumb_func
 1413              		.fpu fpv4-sp-d16
 1415              	HAL_RCC_NMI_IRQHandler:
 1416              		@ args = 0, pretend = 0, frame = 0
 1417              		@ frame_needed = 0, uses_anonymous_args = 0
 1418 0000 08B5     		push	{r3, lr}
 1419 0002 054B     		ldr	r3, .L196
 1420 0004 9B68     		ldr	r3, [r3, #8]
 1421 0006 1B06     		lsls	r3, r3, #24
 1422 0008 04D5     		bpl	.L191
 1423 000a FFF7FEFF 		bl	HAL_RCC_CSSCallback
 1424 000e 034B     		ldr	r3, .L196+4
 1425 0010 8022     		movs	r2, #128
 1426 0012 1A70     		strb	r2, [r3]
 1427              	.L191:
 1428 0014 08BD     		pop	{r3, pc}
 1429              	.L197:
 1430 0016 00BF     		.align	2
 1431              	.L196:
 1432 0018 00100240 		.word	1073876992
 1433 001c 0A100240 		.word	1073877002
 1435              		.global	aPredivFactorTable
 1436              		.global	aPLLMULFactorTable
 1437              		.section	.rodata.aPLLMULFactorTable,"a"
 1438              		.set	.LANCHOR0,. + 0
 1441              	aPLLMULFactorTable:
 1442 0000 02030405 		.ascii	"\002\003\004\005\006\007\010\011\012\013\014\015\016"
 1442      06070809 
 1442      0A0B0C0D 
 1442      0E
 1443 000d 0F1010   		.ascii	"\017\020\020"
 1444              		.section	.rodata.aPredivFactorTable,"a"
 1445              		.set	.LANCHOR1,. + 0
 1448              	aPredivFactorTable:
 1449 0000 01020304 		.ascii	"\001\002\003\004\005\006\007\010\011\012\013\014\015"
 1449      05060708 
 1449      090A0B0C 
 1449      0D
 1450 000d 0E0F10   		.ascii	"\016\017\020"
 1451              		.ident	"GCC: (GNU Arm Embedded Toolchain 9-2020-q2-update) 9.3.1 20200408 (release)"
ARM GAS  C:\Users\q-bir\AppData\Local\Temp\cc83p7Hc.s 			page 26


ARM GAS  C:\Users\q-bir\AppData\Local\Temp\cc83p7Hc.s 			page 27


DEFINED SYMBOLS
                            *ABS*:00000000 stm32f3xx_hal_rcc.c
C:\Users\q-bir\AppData\Local\Temp\cc83p7Hc.s:16     .text.HAL_RCC_DeInit:00000000 $t
C:\Users\q-bir\AppData\Local\Temp\cc83p7Hc.s:24     .text.HAL_RCC_DeInit:00000000 HAL_RCC_DeInit
C:\Users\q-bir\AppData\Local\Temp\cc83p7Hc.s:122    .text.HAL_RCC_DeInit:000000c4 $d
C:\Users\q-bir\AppData\Local\Temp\cc83p7Hc.s:129    .text.HAL_RCC_OscConfig:00000000 $t
C:\Users\q-bir\AppData\Local\Temp\cc83p7Hc.s:136    .text.HAL_RCC_OscConfig:00000000 HAL_RCC_OscConfig
C:\Users\q-bir\AppData\Local\Temp\cc83p7Hc.s:594    .text.HAL_RCC_OscConfig:00000324 $d
C:\Users\q-bir\AppData\Local\Temp\cc83p7Hc.s:598    .text.HAL_RCC_OscConfig:00000330 $t
C:\Users\q-bir\AppData\Local\Temp\cc83p7Hc.s:833    .text.HAL_RCC_OscConfig:000004e8 $d
C:\Users\q-bir\AppData\Local\Temp\cc83p7Hc.s:836    .text.HAL_RCC_MCOConfig:00000000 $t
C:\Users\q-bir\AppData\Local\Temp\cc83p7Hc.s:843    .text.HAL_RCC_MCOConfig:00000000 HAL_RCC_MCOConfig
C:\Users\q-bir\AppData\Local\Temp\cc83p7Hc.s:880    .text.HAL_RCC_MCOConfig:0000004c $d
C:\Users\q-bir\AppData\Local\Temp\cc83p7Hc.s:883    .text.HAL_RCC_EnableCSS:00000000 $t
C:\Users\q-bir\AppData\Local\Temp\cc83p7Hc.s:890    .text.HAL_RCC_EnableCSS:00000000 HAL_RCC_EnableCSS
C:\Users\q-bir\AppData\Local\Temp\cc83p7Hc.s:910    .text.HAL_RCC_DisableCSS:00000000 $t
C:\Users\q-bir\AppData\Local\Temp\cc83p7Hc.s:917    .text.HAL_RCC_DisableCSS:00000000 HAL_RCC_DisableCSS
C:\Users\q-bir\AppData\Local\Temp\cc83p7Hc.s:937    .text.HAL_RCC_GetSysClockFreq:00000000 $t
C:\Users\q-bir\AppData\Local\Temp\cc83p7Hc.s:944    .text.HAL_RCC_GetSysClockFreq:00000000 HAL_RCC_GetSysClockFreq
C:\Users\q-bir\AppData\Local\Temp\cc83p7Hc.s:992    .text.HAL_RCC_GetSysClockFreq:00000050 $d
C:\Users\q-bir\AppData\Local\Temp\cc83p7Hc.s:999    .text.HAL_RCC_ClockConfig:00000000 $t
C:\Users\q-bir\AppData\Local\Temp\cc83p7Hc.s:1006   .text.HAL_RCC_ClockConfig:00000000 HAL_RCC_ClockConfig
C:\Users\q-bir\AppData\Local\Temp\cc83p7Hc.s:1177   .text.HAL_RCC_ClockConfig:00000140 $d
C:\Users\q-bir\AppData\Local\Temp\cc83p7Hc.s:1183   .text.HAL_RCC_GetHCLKFreq:00000000 $t
C:\Users\q-bir\AppData\Local\Temp\cc83p7Hc.s:1190   .text.HAL_RCC_GetHCLKFreq:00000000 HAL_RCC_GetHCLKFreq
C:\Users\q-bir\AppData\Local\Temp\cc83p7Hc.s:1200   .text.HAL_RCC_GetHCLKFreq:00000008 $d
C:\Users\q-bir\AppData\Local\Temp\cc83p7Hc.s:1203   .text.HAL_RCC_GetPCLK1Freq:00000000 $t
C:\Users\q-bir\AppData\Local\Temp\cc83p7Hc.s:1210   .text.HAL_RCC_GetPCLK1Freq:00000000 HAL_RCC_GetPCLK1Freq
C:\Users\q-bir\AppData\Local\Temp\cc83p7Hc.s:1235   .text.HAL_RCC_GetPCLK1Freq:00000024 $d
C:\Users\q-bir\AppData\Local\Temp\cc83p7Hc.s:1240   .text.HAL_RCC_GetPCLK2Freq:00000000 $t
C:\Users\q-bir\AppData\Local\Temp\cc83p7Hc.s:1247   .text.HAL_RCC_GetPCLK2Freq:00000000 HAL_RCC_GetPCLK2Freq
C:\Users\q-bir\AppData\Local\Temp\cc83p7Hc.s:1272   .text.HAL_RCC_GetPCLK2Freq:00000024 $d
C:\Users\q-bir\AppData\Local\Temp\cc83p7Hc.s:1277   .text.HAL_RCC_GetOscConfig:00000000 $t
C:\Users\q-bir\AppData\Local\Temp\cc83p7Hc.s:1284   .text.HAL_RCC_GetOscConfig:00000000 HAL_RCC_GetOscConfig
C:\Users\q-bir\AppData\Local\Temp\cc83p7Hc.s:1352   .text.HAL_RCC_GetOscConfig:00000084 $d
C:\Users\q-bir\AppData\Local\Temp\cc83p7Hc.s:1355   .text.HAL_RCC_GetClockConfig:00000000 $t
C:\Users\q-bir\AppData\Local\Temp\cc83p7Hc.s:1362   .text.HAL_RCC_GetClockConfig:00000000 HAL_RCC_GetClockConfig
C:\Users\q-bir\AppData\Local\Temp\cc83p7Hc.s:1390   .text.HAL_RCC_GetClockConfig:00000034 $d
C:\Users\q-bir\AppData\Local\Temp\cc83p7Hc.s:1394   .text.HAL_RCC_CSSCallback:00000000 $t
C:\Users\q-bir\AppData\Local\Temp\cc83p7Hc.s:1401   .text.HAL_RCC_CSSCallback:00000000 HAL_RCC_CSSCallback
C:\Users\q-bir\AppData\Local\Temp\cc83p7Hc.s:1408   .text.HAL_RCC_NMI_IRQHandler:00000000 $t
C:\Users\q-bir\AppData\Local\Temp\cc83p7Hc.s:1415   .text.HAL_RCC_NMI_IRQHandler:00000000 HAL_RCC_NMI_IRQHandler
C:\Users\q-bir\AppData\Local\Temp\cc83p7Hc.s:1432   .text.HAL_RCC_NMI_IRQHandler:00000018 $d
C:\Users\q-bir\AppData\Local\Temp\cc83p7Hc.s:1448   .rodata.aPredivFactorTable:00000000 aPredivFactorTable
C:\Users\q-bir\AppData\Local\Temp\cc83p7Hc.s:1441   .rodata.aPLLMULFactorTable:00000000 aPLLMULFactorTable

UNDEFINED SYMBOLS
HAL_GetTick
HAL_InitTick
SystemCoreClock
HAL_GPIO_Init
AHBPrescTable
APBPrescTable
