ARM GAS  C:\Users\gyoku\AppData\Local\Temp\ccJjOuAd.s 			page 1


   1              		.cpu cortex-m4
   2              		.eabi_attribute 27, 1
   3              		.eabi_attribute 28, 1
   4              		.eabi_attribute 20, 1
   5              		.eabi_attribute 21, 1
   6              		.eabi_attribute 23, 3
   7              		.eabi_attribute 24, 1
   8              		.eabi_attribute 25, 1
   9              		.eabi_attribute 26, 1
  10              		.eabi_attribute 30, 4
  11              		.eabi_attribute 34, 1
  12              		.eabi_attribute 18, 4
  13              		.file	"stm32f3xx_hal_cortex.c"
  14              		.text
  15              		.section	.text.HAL_NVIC_SetPriorityGrouping,"ax",%progbits
  16              		.align	1
  17              		.global	HAL_NVIC_SetPriorityGrouping
  18              		.arch armv7e-m
  19              		.syntax unified
  20              		.thumb
  21              		.thumb_func
  22              		.fpu fpv4-sp-d16
  24              	HAL_NVIC_SetPriorityGrouping:
  25              		@ args = 0, pretend = 0, frame = 0
  26              		@ frame_needed = 0, uses_anonymous_args = 0
  27              		@ link register save eliminated.
  28 0000 074A     		ldr	r2, .L2
  29 0002 D368     		ldr	r3, [r2, #12]
  30 0004 23F4E063 		bic	r3, r3, #1792
  31 0008 0002     		lsls	r0, r0, #8
  32 000a 1B04     		lsls	r3, r3, #16
  33 000c 00F4E060 		and	r0, r0, #1792
  34 0010 1B0C     		lsrs	r3, r3, #16
  35 0012 1843     		orrs	r0, r0, r3
  36 0014 40F0BF60 		orr	r0, r0, #100139008
  37 0018 40F40030 		orr	r0, r0, #131072
  38 001c D060     		str	r0, [r2, #12]
  39 001e 7047     		bx	lr
  40              	.L3:
  41              		.align	2
  42              	.L2:
  43 0020 00ED00E0 		.word	-536810240
  45              		.section	.text.HAL_NVIC_SetPriority,"ax",%progbits
  46              		.align	1
  47              		.global	HAL_NVIC_SetPriority
  48              		.syntax unified
  49              		.thumb
  50              		.thumb_func
  51              		.fpu fpv4-sp-d16
  53              	HAL_NVIC_SetPriority:
  54              		@ args = 0, pretend = 0, frame = 0
  55              		@ frame_needed = 0, uses_anonymous_args = 0
  56 0000 174B     		ldr	r3, .L9
  57 0002 70B5     		push	{r4, r5, r6, lr}
  58 0004 DC68     		ldr	r4, [r3, #12]
  59 0006 C4F30224 		ubfx	r4, r4, #8, #3
  60 000a C4F10705 		rsb	r5, r4, #7
ARM GAS  C:\Users\gyoku\AppData\Local\Temp\ccJjOuAd.s 			page 2


  61 000e 042D     		cmp	r5, #4
  62 0010 04F10403 		add	r3, r4, #4
  63 0014 28BF     		it	cs
  64 0016 0425     		movcs	r5, #4
  65 0018 4FF0FF36 		mov	r6, #-1
  66 001c 062B     		cmp	r3, #6
  67 001e 06FA05F5 		lsl	r5, r6, r5
  68 0022 8CBF     		ite	hi
  69 0024 033C     		subhi	r4, r4, #3
  70 0026 0024     		movls	r4, #0
  71 0028 21EA0501 		bic	r1, r1, r5
  72 002c A140     		lsls	r1, r1, r4
  73 002e 06FA04F4 		lsl	r4, r6, r4
  74 0032 22EA0403 		bic	r3, r2, r4
  75 0036 0028     		cmp	r0, #0
  76 0038 43EA0103 		orr	r3, r3, r1
  77 003c A8BF     		it	ge
  78 003e 00F16040 		addge	r0, r0, #-536870912
  79 0042 4FEA0313 		lsl	r3, r3, #4
  80 0046 BCBF     		itt	lt
  81 0048 00F00F00 		andlt	r0, r0, #15
  82 004c 054A     		ldrlt	r2, .L9+4
  83 004e DBB2     		uxtb	r3, r3
  84 0050 AABF     		itet	ge
  85 0052 00F56140 		addge	r0, r0, #57600
  86 0056 1354     		strblt	r3, [r2, r0]
  87 0058 80F80033 		strbge	r3, [r0, #768]
  88 005c 70BD     		pop	{r4, r5, r6, pc}
  89              	.L10:
  90 005e 00BF     		.align	2
  91              	.L9:
  92 0060 00ED00E0 		.word	-536810240
  93 0064 14ED00E0 		.word	-536810220
  95              		.section	.text.HAL_NVIC_EnableIRQ,"ax",%progbits
  96              		.align	1
  97              		.global	HAL_NVIC_EnableIRQ
  98              		.syntax unified
  99              		.thumb
 100              		.thumb_func
 101              		.fpu fpv4-sp-d16
 103              	HAL_NVIC_EnableIRQ:
 104              		@ args = 0, pretend = 0, frame = 0
 105              		@ frame_needed = 0, uses_anonymous_args = 0
 106              		@ link register save eliminated.
 107 0000 4209     		lsrs	r2, r0, #5
 108 0002 0123     		movs	r3, #1
 109 0004 00F01F00 		and	r0, r0, #31
 110 0008 03FA00F0 		lsl	r0, r3, r0
 111 000c 014B     		ldr	r3, .L12
 112 000e 43F82200 		str	r0, [r3, r2, lsl #2]
 113 0012 7047     		bx	lr
 114              	.L13:
 115              		.align	2
 116              	.L12:
 117 0014 00E100E0 		.word	-536813312
 119              		.section	.text.HAL_NVIC_DisableIRQ,"ax",%progbits
 120              		.align	1
ARM GAS  C:\Users\gyoku\AppData\Local\Temp\ccJjOuAd.s 			page 3


 121              		.global	HAL_NVIC_DisableIRQ
 122              		.syntax unified
 123              		.thumb
 124              		.thumb_func
 125              		.fpu fpv4-sp-d16
 127              	HAL_NVIC_DisableIRQ:
 128              		@ args = 0, pretend = 0, frame = 0
 129              		@ frame_needed = 0, uses_anonymous_args = 0
 130              		@ link register save eliminated.
 131 0000 4309     		lsrs	r3, r0, #5
 132 0002 0122     		movs	r2, #1
 133 0004 00F01F00 		and	r0, r0, #31
 134 0008 02FA00F0 		lsl	r0, r2, r0
 135 000c 2033     		adds	r3, r3, #32
 136 000e 024A     		ldr	r2, .L15
 137 0010 42F82300 		str	r0, [r2, r3, lsl #2]
 138 0014 7047     		bx	lr
 139              	.L16:
 140 0016 00BF     		.align	2
 141              	.L15:
 142 0018 00E100E0 		.word	-536813312
 144              		.section	.text.HAL_NVIC_SystemReset,"ax",%progbits
 145              		.align	1
 146              		.global	HAL_NVIC_SystemReset
 147              		.syntax unified
 148              		.thumb
 149              		.thumb_func
 150              		.fpu fpv4-sp-d16
 152              	HAL_NVIC_SystemReset:
 153              		@ Volatile: function does not return.
 154              		@ args = 0, pretend = 0, frame = 0
 155              		@ frame_needed = 0, uses_anonymous_args = 0
 156              		@ link register save eliminated.
 157              		.syntax unified
 158              	@ 429 "Drivers/CMSIS/Include/cmsis_gcc.h" 1
 159 0000 BFF34F8F 		dsb 0xF
 160              	@ 0 "" 2
 161              		.thumb
 162              		.syntax unified
 163 0004 0549     		ldr	r1, .L19
 164 0006 064B     		ldr	r3, .L19+4
 165 0008 CA68     		ldr	r2, [r1, #12]
 166 000a 02F4E062 		and	r2, r2, #1792
 167 000e 1343     		orrs	r3, r3, r2
 168 0010 CB60     		str	r3, [r1, #12]
 169              		.syntax unified
 170              	@ 429 "Drivers/CMSIS/Include/cmsis_gcc.h" 1
 171 0012 BFF34F8F 		dsb 0xF
 172              	@ 0 "" 2
 173              		.thumb
 174              		.syntax unified
 175              	.L18:
 176              		.syntax unified
 177              	@ 375 "Drivers/CMSIS/Include/cmsis_gcc.h" 1
 178 0016 00BF     		nop
 179              	@ 0 "" 2
 180              		.thumb
ARM GAS  C:\Users\gyoku\AppData\Local\Temp\ccJjOuAd.s 			page 4


 181              		.syntax unified
 182 0018 FDE7     		b	.L18
 183              	.L20:
 184 001a 00BF     		.align	2
 185              	.L19:
 186 001c 00ED00E0 		.word	-536810240
 187 0020 0400FA05 		.word	100270084
 189              		.section	.text.HAL_SYSTICK_Config,"ax",%progbits
 190              		.align	1
 191              		.global	HAL_SYSTICK_Config
 192              		.syntax unified
 193              		.thumb
 194              		.thumb_func
 195              		.fpu fpv4-sp-d16
 197              	HAL_SYSTICK_Config:
 198              		@ args = 0, pretend = 0, frame = 0
 199              		@ frame_needed = 0, uses_anonymous_args = 0
 200              		@ link register save eliminated.
 201 0000 0138     		subs	r0, r0, #1
 202 0002 B0F1807F 		cmp	r0, #16777216
 203 0006 0AD2     		bcs	.L23
 204 0008 064B     		ldr	r3, .L24
 205 000a 074A     		ldr	r2, .L24+4
 206 000c 5860     		str	r0, [r3, #4]
 207 000e F021     		movs	r1, #240
 208 0010 82F82310 		strb	r1, [r2, #35]
 209 0014 0020     		movs	r0, #0
 210 0016 0722     		movs	r2, #7
 211 0018 9860     		str	r0, [r3, #8]
 212 001a 1A60     		str	r2, [r3]
 213 001c 7047     		bx	lr
 214              	.L23:
 215 001e 0120     		movs	r0, #1
 216 0020 7047     		bx	lr
 217              	.L25:
 218 0022 00BF     		.align	2
 219              	.L24:
 220 0024 10E000E0 		.word	-536813552
 221 0028 00ED00E0 		.word	-536810240
 223              		.section	.text.HAL_NVIC_GetPriorityGrouping,"ax",%progbits
 224              		.align	1
 225              		.global	HAL_NVIC_GetPriorityGrouping
 226              		.syntax unified
 227              		.thumb
 228              		.thumb_func
 229              		.fpu fpv4-sp-d16
 231              	HAL_NVIC_GetPriorityGrouping:
 232              		@ args = 0, pretend = 0, frame = 0
 233              		@ frame_needed = 0, uses_anonymous_args = 0
 234              		@ link register save eliminated.
 235 0000 024B     		ldr	r3, .L27
 236 0002 D868     		ldr	r0, [r3, #12]
 237 0004 C0F30220 		ubfx	r0, r0, #8, #3
 238 0008 7047     		bx	lr
 239              	.L28:
 240 000a 00BF     		.align	2
 241              	.L27:
ARM GAS  C:\Users\gyoku\AppData\Local\Temp\ccJjOuAd.s 			page 5


 242 000c 00ED00E0 		.word	-536810240
 244              		.section	.text.HAL_NVIC_GetPriority,"ax",%progbits
 245              		.align	1
 246              		.global	HAL_NVIC_GetPriority
 247              		.syntax unified
 248              		.thumb
 249              		.thumb_func
 250              		.fpu fpv4-sp-d16
 252              	HAL_NVIC_GetPriority:
 253              		@ args = 0, pretend = 0, frame = 0
 254              		@ frame_needed = 0, uses_anonymous_args = 0
 255 0000 70B5     		push	{r4, r5, r6, lr}
 256 0002 0028     		cmp	r0, #0
 257 0004 AEBF     		itee	ge
 258 0006 00F16040 		addge	r0, r0, #-536870912
 259 000a 00F00F00 		andlt	r0, r0, #15
 260 000e 124C     		ldrlt	r4, .L35
 261 0010 01F00701 		and	r1, r1, #7
 262 0014 AABF     		itet	ge
 263 0016 00F56140 		addge	r0, r0, #57600
 264 001a 205C     		ldrblt	r0, [r4, r0]	@ zero_extendqisi2
 265 001c 90F80003 		ldrbge	r0, [r0, #768]	@ zero_extendqisi2
 266 0020 C1F10704 		rsb	r4, r1, #7
 267 0024 0D1D     		adds	r5, r1, #4
 268 0026 042C     		cmp	r4, #4
 269 0028 28BF     		it	cs
 270 002a 0424     		movcs	r4, #4
 271 002c 062D     		cmp	r5, #6
 272 002e 4FEA1010 		lsr	r0, r0, #4
 273 0032 8CBF     		ite	hi
 274 0034 0339     		subhi	r1, r1, #3
 275 0036 0021     		movls	r1, #0
 276 0038 4FF0FF35 		mov	r5, #-1
 277 003c 20FA01F6 		lsr	r6, r0, r1
 278 0040 05FA04F4 		lsl	r4, r5, r4
 279 0044 05FA01F1 		lsl	r1, r5, r1
 280 0048 26EA0404 		bic	r4, r6, r4
 281 004c 20EA0100 		bic	r0, r0, r1
 282 0050 1460     		str	r4, [r2]
 283 0052 1860     		str	r0, [r3]
 284 0054 70BD     		pop	{r4, r5, r6, pc}
 285              	.L36:
 286 0056 00BF     		.align	2
 287              	.L35:
 288 0058 14ED00E0 		.word	-536810220
 290              		.section	.text.HAL_NVIC_SetPendingIRQ,"ax",%progbits
 291              		.align	1
 292              		.global	HAL_NVIC_SetPendingIRQ
 293              		.syntax unified
 294              		.thumb
 295              		.thumb_func
 296              		.fpu fpv4-sp-d16
 298              	HAL_NVIC_SetPendingIRQ:
 299              		@ args = 0, pretend = 0, frame = 0
 300              		@ frame_needed = 0, uses_anonymous_args = 0
 301              		@ link register save eliminated.
 302 0000 4309     		lsrs	r3, r0, #5
ARM GAS  C:\Users\gyoku\AppData\Local\Temp\ccJjOuAd.s 			page 6


 303 0002 0122     		movs	r2, #1
 304 0004 00F01F00 		and	r0, r0, #31
 305 0008 02FA00F0 		lsl	r0, r2, r0
 306 000c 4033     		adds	r3, r3, #64
 307 000e 024A     		ldr	r2, .L38
 308 0010 42F82300 		str	r0, [r2, r3, lsl #2]
 309 0014 7047     		bx	lr
 310              	.L39:
 311 0016 00BF     		.align	2
 312              	.L38:
 313 0018 00E100E0 		.word	-536813312
 315              		.section	.text.HAL_NVIC_GetPendingIRQ,"ax",%progbits
 316              		.align	1
 317              		.global	HAL_NVIC_GetPendingIRQ
 318              		.syntax unified
 319              		.thumb
 320              		.thumb_func
 321              		.fpu fpv4-sp-d16
 323              	HAL_NVIC_GetPendingIRQ:
 324              		@ args = 0, pretend = 0, frame = 0
 325              		@ frame_needed = 0, uses_anonymous_args = 0
 326              		@ link register save eliminated.
 327 0000 4309     		lsrs	r3, r0, #5
 328 0002 054A     		ldr	r2, .L41
 329 0004 4033     		adds	r3, r3, #64
 330 0006 00F01F00 		and	r0, r0, #31
 331 000a 52F82330 		ldr	r3, [r2, r3, lsl #2]
 332 000e 23FA00F0 		lsr	r0, r3, r0
 333 0012 00F00100 		and	r0, r0, #1
 334 0016 7047     		bx	lr
 335              	.L42:
 336              		.align	2
 337              	.L41:
 338 0018 00E100E0 		.word	-536813312
 340              		.section	.text.HAL_NVIC_ClearPendingIRQ,"ax",%progbits
 341              		.align	1
 342              		.global	HAL_NVIC_ClearPendingIRQ
 343              		.syntax unified
 344              		.thumb
 345              		.thumb_func
 346              		.fpu fpv4-sp-d16
 348              	HAL_NVIC_ClearPendingIRQ:
 349              		@ args = 0, pretend = 0, frame = 0
 350              		@ frame_needed = 0, uses_anonymous_args = 0
 351              		@ link register save eliminated.
 352 0000 4309     		lsrs	r3, r0, #5
 353 0002 0122     		movs	r2, #1
 354 0004 00F01F00 		and	r0, r0, #31
 355 0008 02FA00F0 		lsl	r0, r2, r0
 356 000c 6033     		adds	r3, r3, #96
 357 000e 024A     		ldr	r2, .L44
 358 0010 42F82300 		str	r0, [r2, r3, lsl #2]
 359 0014 7047     		bx	lr
 360              	.L45:
 361 0016 00BF     		.align	2
 362              	.L44:
 363 0018 00E100E0 		.word	-536813312
ARM GAS  C:\Users\gyoku\AppData\Local\Temp\ccJjOuAd.s 			page 7


 365              		.section	.text.HAL_NVIC_GetActive,"ax",%progbits
 366              		.align	1
 367              		.global	HAL_NVIC_GetActive
 368              		.syntax unified
 369              		.thumb
 370              		.thumb_func
 371              		.fpu fpv4-sp-d16
 373              	HAL_NVIC_GetActive:
 374              		@ args = 0, pretend = 0, frame = 0
 375              		@ frame_needed = 0, uses_anonymous_args = 0
 376              		@ link register save eliminated.
 377 0000 4309     		lsrs	r3, r0, #5
 378 0002 054A     		ldr	r2, .L47
 379 0004 8033     		adds	r3, r3, #128
 380 0006 00F01F00 		and	r0, r0, #31
 381 000a 52F82330 		ldr	r3, [r2, r3, lsl #2]
 382 000e 23FA00F0 		lsr	r0, r3, r0
 383 0012 00F00100 		and	r0, r0, #1
 384 0016 7047     		bx	lr
 385              	.L48:
 386              		.align	2
 387              	.L47:
 388 0018 00E100E0 		.word	-536813312
 390              		.section	.text.HAL_SYSTICK_CLKSourceConfig,"ax",%progbits
 391              		.align	1
 392              		.global	HAL_SYSTICK_CLKSourceConfig
 393              		.syntax unified
 394              		.thumb
 395              		.thumb_func
 396              		.fpu fpv4-sp-d16
 398              	HAL_SYSTICK_CLKSourceConfig:
 399              		@ args = 0, pretend = 0, frame = 0
 400              		@ frame_needed = 0, uses_anonymous_args = 0
 401              		@ link register save eliminated.
 402 0000 044B     		ldr	r3, .L53
 403 0002 1A68     		ldr	r2, [r3]
 404 0004 0428     		cmp	r0, #4
 405 0006 0CBF     		ite	eq
 406 0008 42F00402 		orreq	r2, r2, #4
 407 000c 22F00402 		bicne	r2, r2, #4
 408 0010 1A60     		str	r2, [r3]
 409 0012 7047     		bx	lr
 410              	.L54:
 411              		.align	2
 412              	.L53:
 413 0014 10E000E0 		.word	-536813552
 415              		.section	.text.HAL_SYSTICK_Callback,"ax",%progbits
 416              		.align	1
 417              		.weak	HAL_SYSTICK_Callback
 418              		.syntax unified
 419              		.thumb
 420              		.thumb_func
 421              		.fpu fpv4-sp-d16
 423              	HAL_SYSTICK_Callback:
 424              		@ args = 0, pretend = 0, frame = 0
 425              		@ frame_needed = 0, uses_anonymous_args = 0
 426              		@ link register save eliminated.
ARM GAS  C:\Users\gyoku\AppData\Local\Temp\ccJjOuAd.s 			page 8


 427 0000 7047     		bx	lr
 429              		.section	.text.HAL_SYSTICK_IRQHandler,"ax",%progbits
 430              		.align	1
 431              		.global	HAL_SYSTICK_IRQHandler
 432              		.syntax unified
 433              		.thumb
 434              		.thumb_func
 435              		.fpu fpv4-sp-d16
 437              	HAL_SYSTICK_IRQHandler:
 438              		@ args = 0, pretend = 0, frame = 0
 439              		@ frame_needed = 0, uses_anonymous_args = 0
 440 0000 08B5     		push	{r3, lr}
 441 0002 FFF7FEFF 		bl	HAL_SYSTICK_Callback
 442 0006 08BD     		pop	{r3, pc}
 444              		.ident	"GCC: (GNU MCU Eclipse ARM Embedded GCC, 64-bit) 8.2.1 20181213 (release) [gcc-8-branch rev
ARM GAS  C:\Users\gyoku\AppData\Local\Temp\ccJjOuAd.s 			page 9


DEFINED SYMBOLS
                            *ABS*:0000000000000000 stm32f3xx_hal_cortex.c
C:\Users\gyoku\AppData\Local\Temp\ccJjOuAd.s:16     .text.HAL_NVIC_SetPriorityGrouping:0000000000000000 $t
C:\Users\gyoku\AppData\Local\Temp\ccJjOuAd.s:24     .text.HAL_NVIC_SetPriorityGrouping:0000000000000000 HAL_NVIC_SetPriorityGrouping
C:\Users\gyoku\AppData\Local\Temp\ccJjOuAd.s:43     .text.HAL_NVIC_SetPriorityGrouping:0000000000000020 $d
C:\Users\gyoku\AppData\Local\Temp\ccJjOuAd.s:46     .text.HAL_NVIC_SetPriority:0000000000000000 $t
C:\Users\gyoku\AppData\Local\Temp\ccJjOuAd.s:53     .text.HAL_NVIC_SetPriority:0000000000000000 HAL_NVIC_SetPriority
C:\Users\gyoku\AppData\Local\Temp\ccJjOuAd.s:92     .text.HAL_NVIC_SetPriority:0000000000000060 $d
C:\Users\gyoku\AppData\Local\Temp\ccJjOuAd.s:96     .text.HAL_NVIC_EnableIRQ:0000000000000000 $t
C:\Users\gyoku\AppData\Local\Temp\ccJjOuAd.s:103    .text.HAL_NVIC_EnableIRQ:0000000000000000 HAL_NVIC_EnableIRQ
C:\Users\gyoku\AppData\Local\Temp\ccJjOuAd.s:117    .text.HAL_NVIC_EnableIRQ:0000000000000014 $d
C:\Users\gyoku\AppData\Local\Temp\ccJjOuAd.s:120    .text.HAL_NVIC_DisableIRQ:0000000000000000 $t
C:\Users\gyoku\AppData\Local\Temp\ccJjOuAd.s:127    .text.HAL_NVIC_DisableIRQ:0000000000000000 HAL_NVIC_DisableIRQ
C:\Users\gyoku\AppData\Local\Temp\ccJjOuAd.s:142    .text.HAL_NVIC_DisableIRQ:0000000000000018 $d
C:\Users\gyoku\AppData\Local\Temp\ccJjOuAd.s:145    .text.HAL_NVIC_SystemReset:0000000000000000 $t
C:\Users\gyoku\AppData\Local\Temp\ccJjOuAd.s:152    .text.HAL_NVIC_SystemReset:0000000000000000 HAL_NVIC_SystemReset
C:\Users\gyoku\AppData\Local\Temp\ccJjOuAd.s:186    .text.HAL_NVIC_SystemReset:000000000000001c $d
C:\Users\gyoku\AppData\Local\Temp\ccJjOuAd.s:190    .text.HAL_SYSTICK_Config:0000000000000000 $t
C:\Users\gyoku\AppData\Local\Temp\ccJjOuAd.s:197    .text.HAL_SYSTICK_Config:0000000000000000 HAL_SYSTICK_Config
C:\Users\gyoku\AppData\Local\Temp\ccJjOuAd.s:220    .text.HAL_SYSTICK_Config:0000000000000024 $d
C:\Users\gyoku\AppData\Local\Temp\ccJjOuAd.s:224    .text.HAL_NVIC_GetPriorityGrouping:0000000000000000 $t
C:\Users\gyoku\AppData\Local\Temp\ccJjOuAd.s:231    .text.HAL_NVIC_GetPriorityGrouping:0000000000000000 HAL_NVIC_GetPriorityGrouping
C:\Users\gyoku\AppData\Local\Temp\ccJjOuAd.s:242    .text.HAL_NVIC_GetPriorityGrouping:000000000000000c $d
C:\Users\gyoku\AppData\Local\Temp\ccJjOuAd.s:245    .text.HAL_NVIC_GetPriority:0000000000000000 $t
C:\Users\gyoku\AppData\Local\Temp\ccJjOuAd.s:252    .text.HAL_NVIC_GetPriority:0000000000000000 HAL_NVIC_GetPriority
C:\Users\gyoku\AppData\Local\Temp\ccJjOuAd.s:288    .text.HAL_NVIC_GetPriority:0000000000000058 $d
C:\Users\gyoku\AppData\Local\Temp\ccJjOuAd.s:291    .text.HAL_NVIC_SetPendingIRQ:0000000000000000 $t
C:\Users\gyoku\AppData\Local\Temp\ccJjOuAd.s:298    .text.HAL_NVIC_SetPendingIRQ:0000000000000000 HAL_NVIC_SetPendingIRQ
C:\Users\gyoku\AppData\Local\Temp\ccJjOuAd.s:313    .text.HAL_NVIC_SetPendingIRQ:0000000000000018 $d
C:\Users\gyoku\AppData\Local\Temp\ccJjOuAd.s:316    .text.HAL_NVIC_GetPendingIRQ:0000000000000000 $t
C:\Users\gyoku\AppData\Local\Temp\ccJjOuAd.s:323    .text.HAL_NVIC_GetPendingIRQ:0000000000000000 HAL_NVIC_GetPendingIRQ
C:\Users\gyoku\AppData\Local\Temp\ccJjOuAd.s:338    .text.HAL_NVIC_GetPendingIRQ:0000000000000018 $d
C:\Users\gyoku\AppData\Local\Temp\ccJjOuAd.s:341    .text.HAL_NVIC_ClearPendingIRQ:0000000000000000 $t
C:\Users\gyoku\AppData\Local\Temp\ccJjOuAd.s:348    .text.HAL_NVIC_ClearPendingIRQ:0000000000000000 HAL_NVIC_ClearPendingIRQ
C:\Users\gyoku\AppData\Local\Temp\ccJjOuAd.s:363    .text.HAL_NVIC_ClearPendingIRQ:0000000000000018 $d
C:\Users\gyoku\AppData\Local\Temp\ccJjOuAd.s:366    .text.HAL_NVIC_GetActive:0000000000000000 $t
C:\Users\gyoku\AppData\Local\Temp\ccJjOuAd.s:373    .text.HAL_NVIC_GetActive:0000000000000000 HAL_NVIC_GetActive
C:\Users\gyoku\AppData\Local\Temp\ccJjOuAd.s:388    .text.HAL_NVIC_GetActive:0000000000000018 $d
C:\Users\gyoku\AppData\Local\Temp\ccJjOuAd.s:391    .text.HAL_SYSTICK_CLKSourceConfig:0000000000000000 $t
C:\Users\gyoku\AppData\Local\Temp\ccJjOuAd.s:398    .text.HAL_SYSTICK_CLKSourceConfig:0000000000000000 HAL_SYSTICK_CLKSourceConfig
C:\Users\gyoku\AppData\Local\Temp\ccJjOuAd.s:413    .text.HAL_SYSTICK_CLKSourceConfig:0000000000000014 $d
C:\Users\gyoku\AppData\Local\Temp\ccJjOuAd.s:416    .text.HAL_SYSTICK_Callback:0000000000000000 $t
C:\Users\gyoku\AppData\Local\Temp\ccJjOuAd.s:423    .text.HAL_SYSTICK_Callback:0000000000000000 HAL_SYSTICK_Callback
C:\Users\gyoku\AppData\Local\Temp\ccJjOuAd.s:430    .text.HAL_SYSTICK_IRQHandler:0000000000000000 $t
C:\Users\gyoku\AppData\Local\Temp\ccJjOuAd.s:437    .text.HAL_SYSTICK_IRQHandler:0000000000000000 HAL_SYSTICK_IRQHandler

NO UNDEFINED SYMBOLS
