ARM GAS  C:\Users\gyoku\AppData\Local\Temp\ccLW65QM.s 			page 1


   1              		.cpu cortex-m4
   2              		.eabi_attribute 27, 1
   3              		.eabi_attribute 28, 1
   4              		.eabi_attribute 20, 1
   5              		.eabi_attribute 21, 1
   6              		.eabi_attribute 23, 3
   7              		.eabi_attribute 24, 1
   8              		.eabi_attribute 25, 1
   9              		.eabi_attribute 26, 1
  10              		.eabi_attribute 30, 4
  11              		.eabi_attribute 34, 1
  12              		.eabi_attribute 18, 4
  13              		.file	"stm32f3xx_hal_dma.c"
  14              		.text
  15              		.section	.text.HAL_DMA_Init,"ax",%progbits
  16              		.align	1
  17              		.global	HAL_DMA_Init
  18              		.arch armv7e-m
  19              		.syntax unified
  20              		.thumb
  21              		.thumb_func
  22              		.fpu fpv4-sp-d16
  24              	HAL_DMA_Init:
  25              		@ args = 0, pretend = 0, frame = 0
  26              		@ frame_needed = 0, uses_anonymous_args = 0
  27 0000 10B5     		push	{r4, lr}
  28 0002 20B3     		cbz	r0, .L3
  29 0004 D0E90134 		ldrd	r3, r4, [r0, #4]
  30 0008 2343     		orrs	r3, r3, r4
  31 000a C468     		ldr	r4, [r0, #12]
  32 000c 0168     		ldr	r1, [r0]
  33 000e 2343     		orrs	r3, r3, r4
  34 0010 0469     		ldr	r4, [r0, #16]
  35 0012 0A68     		ldr	r2, [r1]
  36 0014 2343     		orrs	r3, r3, r4
  37 0016 4469     		ldr	r4, [r0, #20]
  38 0018 2343     		orrs	r3, r3, r4
  39 001a 8469     		ldr	r4, [r0, #24]
  40 001c 2343     		orrs	r3, r3, r4
  41 001e C469     		ldr	r4, [r0, #28]
  42 0020 22F47F52 		bic	r2, r2, #16320
  43 0024 22F03002 		bic	r2, r2, #48
  44 0028 2343     		orrs	r3, r3, r4
  45 002a 1343     		orrs	r3, r3, r2
  46 002c 0B60     		str	r3, [r1]
  47 002e 094B     		ldr	r3, .L4
  48 0030 1422     		movs	r2, #20
  49 0032 0B44     		add	r3, r3, r1
  50 0034 B3FBF2F3 		udiv	r3, r3, r2
  51 0038 9B00     		lsls	r3, r3, #2
  52 003a 0364     		str	r3, [r0, #64]
  53 003c 064B     		ldr	r3, .L4+4
  54 003e C363     		str	r3, [r0, #60]
  55 0040 4FF48072 		mov	r2, #256
  56 0044 0023     		movs	r3, #0
  57 0046 8363     		str	r3, [r0, #56]
  58 0048 0284     		strh	r2, [r0, #32]	@ movhi
ARM GAS  C:\Users\gyoku\AppData\Local\Temp\ccLW65QM.s 			page 2


  59 004a 1846     		mov	r0, r3
  60              	.L2:
  61 004c 10BD     		pop	{r4, pc}
  62              	.L3:
  63 004e 0120     		movs	r0, #1
  64 0050 FCE7     		b	.L2
  65              	.L5:
  66 0052 00BF     		.align	2
  67              	.L4:
  68 0054 F8FFFDBF 		.word	-1073872904
  69 0058 00000240 		.word	1073872896
  71              		.section	.text.HAL_DMA_DeInit,"ax",%progbits
  72              		.align	1
  73              		.global	HAL_DMA_DeInit
  74              		.syntax unified
  75              		.thumb
  76              		.thumb_func
  77              		.fpu fpv4-sp-d16
  79              	HAL_DMA_DeInit:
  80              		@ args = 0, pretend = 0, frame = 0
  81              		@ frame_needed = 0, uses_anonymous_args = 0
  82 0000 10B5     		push	{r4, lr}
  83 0002 F0B1     		cbz	r0, .L8
  84 0004 0168     		ldr	r1, [r0]
  85 0006 104A     		ldr	r2, .L9
  86 0008 0B68     		ldr	r3, [r1]
  87 000a 104C     		ldr	r4, .L9+4
  88 000c 23F00103 		bic	r3, r3, #1
  89 0010 0B60     		str	r3, [r1]
  90 0012 0023     		movs	r3, #0
  91 0014 0B60     		str	r3, [r1]
  92 0016 0A44     		add	r2, r2, r1
  93 0018 4B60     		str	r3, [r1, #4]
  94 001a 8B60     		str	r3, [r1, #8]
  95 001c CB60     		str	r3, [r1, #12]
  96 001e 1421     		movs	r1, #20
  97 0020 B2FBF1F2 		udiv	r2, r2, r1
  98 0024 0121     		movs	r1, #1
  99 0026 9200     		lsls	r2, r2, #2
 100 0028 0264     		str	r2, [r0, #64]
 101 002a 01FA02F2 		lsl	r2, r1, r2
 102 002e C463     		str	r4, [r0, #60]
 103 0030 6260     		str	r2, [r4, #4]
 104 0032 C0E90A33 		strd	r3, r3, [r0, #40]
 105 0036 C0E90C33 		strd	r3, r3, [r0, #48]
 106 003a 8363     		str	r3, [r0, #56]
 107 003c 0384     		strh	r3, [r0, #32]	@ movhi
 108 003e 1846     		mov	r0, r3
 109              	.L7:
 110 0040 10BD     		pop	{r4, pc}
 111              	.L8:
 112 0042 0120     		movs	r0, #1
 113 0044 FCE7     		b	.L7
 114              	.L10:
 115 0046 00BF     		.align	2
 116              	.L9:
 117 0048 F8FFFDBF 		.word	-1073872904
ARM GAS  C:\Users\gyoku\AppData\Local\Temp\ccLW65QM.s 			page 3


 118 004c 00000240 		.word	1073872896
 120              		.section	.text.HAL_DMA_Start,"ax",%progbits
 121              		.align	1
 122              		.global	HAL_DMA_Start
 123              		.syntax unified
 124              		.thumb
 125              		.thumb_func
 126              		.fpu fpv4-sp-d16
 128              	HAL_DMA_Start:
 129              		@ args = 0, pretend = 0, frame = 0
 130              		@ frame_needed = 0, uses_anonymous_args = 0
 131 0000 F0B5     		push	{r4, r5, r6, r7, lr}
 132 0002 90F82040 		ldrb	r4, [r0, #32]	@ zero_extendqisi2
 133 0006 012C     		cmp	r4, #1
 134 0008 26D0     		beq	.L16
 135 000a 90F82150 		ldrb	r5, [r0, #33]	@ zero_extendqisi2
 136 000e 0124     		movs	r4, #1
 137 0010 A542     		cmp	r5, r4
 138 0012 80F82040 		strb	r4, [r0, #32]
 139 0016 4FF00006 		mov	r6, #0
 140 001a 4FF00204 		mov	r4, #2
 141 001e 19D1     		bne	.L13
 142 0020 80F82140 		strb	r4, [r0, #33]
 143 0024 0468     		ldr	r4, [r0]
 144 0026 8663     		str	r6, [r0, #56]
 145 0028 2668     		ldr	r6, [r4]
 146 002a 26F00106 		bic	r6, r6, #1
 147 002e 2660     		str	r6, [r4]
 148 0030 D0E90F67 		ldrd	r6, r7, [r0, #60]
 149 0034 BD40     		lsls	r5, r5, r7
 150 0036 7560     		str	r5, [r6, #4]
 151 0038 6360     		str	r3, [r4, #4]
 152 003a 4368     		ldr	r3, [r0, #4]
 153 003c 102B     		cmp	r3, #16
 154 003e 0BBF     		itete	eq
 155 0040 A260     		streq	r2, [r4, #8]
 156 0042 A160     		strne	r1, [r4, #8]
 157 0044 E160     		streq	r1, [r4, #12]
 158 0046 E260     		strne	r2, [r4, #12]
 159 0048 2368     		ldr	r3, [r4]
 160 004a 43F00103 		orr	r3, r3, #1
 161 004e 2360     		str	r3, [r4]
 162 0050 0020     		movs	r0, #0
 163              	.L12:
 164 0052 F0BD     		pop	{r4, r5, r6, r7, pc}
 165              	.L13:
 166 0054 80F82060 		strb	r6, [r0, #32]
 167              	.L16:
 168 0058 0220     		movs	r0, #2
 169 005a FAE7     		b	.L12
 171              		.section	.text.HAL_DMA_Start_IT,"ax",%progbits
 172              		.align	1
 173              		.global	HAL_DMA_Start_IT
 174              		.syntax unified
 175              		.thumb
 176              		.thumb_func
 177              		.fpu fpv4-sp-d16
ARM GAS  C:\Users\gyoku\AppData\Local\Temp\ccLW65QM.s 			page 4


 179              	HAL_DMA_Start_IT:
 180              		@ args = 0, pretend = 0, frame = 0
 181              		@ frame_needed = 0, uses_anonymous_args = 0
 182 0000 F0B5     		push	{r4, r5, r6, r7, lr}
 183 0002 90F82040 		ldrb	r4, [r0, #32]	@ zero_extendqisi2
 184 0006 012C     		cmp	r4, #1
 185 0008 34D0     		beq	.L24
 186 000a 90F82150 		ldrb	r5, [r0, #33]	@ zero_extendqisi2
 187 000e 0124     		movs	r4, #1
 188 0010 A542     		cmp	r5, r4
 189 0012 80F82040 		strb	r4, [r0, #32]
 190 0016 4FF00006 		mov	r6, #0
 191 001a 4FF00204 		mov	r4, #2
 192 001e 27D1     		bne	.L19
 193 0020 80F82140 		strb	r4, [r0, #33]
 194 0024 0468     		ldr	r4, [r0]
 195 0026 8663     		str	r6, [r0, #56]
 196 0028 2668     		ldr	r6, [r4]
 197 002a 26F00106 		bic	r6, r6, #1
 198 002e 2660     		str	r6, [r4]
 199 0030 D0E90F67 		ldrd	r6, r7, [r0, #60]
 200 0034 BD40     		lsls	r5, r5, r7
 201 0036 7560     		str	r5, [r6, #4]
 202 0038 6360     		str	r3, [r4, #4]
 203 003a 4368     		ldr	r3, [r0, #4]
 204 003c 102B     		cmp	r3, #16
 205 003e C36A     		ldr	r3, [r0, #44]
 206 0040 0BBF     		itete	eq
 207 0042 A260     		streq	r2, [r4, #8]
 208 0044 A160     		strne	r1, [r4, #8]
 209 0046 E160     		streq	r1, [r4, #12]
 210 0048 E260     		strne	r2, [r4, #12]
 211 004a 4BB1     		cbz	r3, .L22
 212 004c 2368     		ldr	r3, [r4]
 213 004e 43F00E03 		orr	r3, r3, #14
 214              	.L25:
 215 0052 2360     		str	r3, [r4]
 216 0054 2368     		ldr	r3, [r4]
 217 0056 43F00103 		orr	r3, r3, #1
 218 005a 2360     		str	r3, [r4]
 219 005c 0020     		movs	r0, #0
 220              	.L18:
 221 005e F0BD     		pop	{r4, r5, r6, r7, pc}
 222              	.L22:
 223 0060 2368     		ldr	r3, [r4]
 224 0062 43F00A03 		orr	r3, r3, #10
 225 0066 2360     		str	r3, [r4]
 226 0068 2368     		ldr	r3, [r4]
 227 006a 23F00403 		bic	r3, r3, #4
 228 006e F0E7     		b	.L25
 229              	.L19:
 230 0070 80F82060 		strb	r6, [r0, #32]
 231              	.L24:
 232 0074 0220     		movs	r0, #2
 233 0076 F2E7     		b	.L18
 235              		.section	.text.HAL_DMA_Abort,"ax",%progbits
 236              		.align	1
ARM GAS  C:\Users\gyoku\AppData\Local\Temp\ccLW65QM.s 			page 5


 237              		.global	HAL_DMA_Abort
 238              		.syntax unified
 239              		.thumb
 240              		.thumb_func
 241              		.fpu fpv4-sp-d16
 243              	HAL_DMA_Abort:
 244              		@ args = 0, pretend = 0, frame = 0
 245              		@ frame_needed = 0, uses_anonymous_args = 0
 246              		@ link register save eliminated.
 247 0000 0368     		ldr	r3, [r0]
 248 0002 1A68     		ldr	r2, [r3]
 249 0004 22F00E02 		bic	r2, r2, #14
 250 0008 1A60     		str	r2, [r3]
 251 000a 1A68     		ldr	r2, [r3]
 252 000c 22F00102 		bic	r2, r2, #1
 253 0010 1A60     		str	r2, [r3]
 254 0012 D0E90F21 		ldrd	r2, r1, [r0, #60]
 255 0016 0123     		movs	r3, #1
 256 0018 8B40     		lsls	r3, r3, r1
 257 001a 5360     		str	r3, [r2, #4]
 258 001c 4FF48073 		mov	r3, #256
 259 0020 0384     		strh	r3, [r0, #32]	@ movhi
 260 0022 0020     		movs	r0, #0
 261 0024 7047     		bx	lr
 263              		.section	.text.HAL_DMA_Abort_IT,"ax",%progbits
 264              		.align	1
 265              		.global	HAL_DMA_Abort_IT
 266              		.syntax unified
 267              		.thumb
 268              		.thumb_func
 269              		.fpu fpv4-sp-d16
 271              	HAL_DMA_Abort_IT:
 272              		@ args = 0, pretend = 0, frame = 0
 273              		@ frame_needed = 0, uses_anonymous_args = 0
 274 0000 90F82120 		ldrb	r2, [r0, #33]	@ zero_extendqisi2
 275 0004 022A     		cmp	r2, #2
 276 0006 10B5     		push	{r4, lr}
 277 0008 03D0     		beq	.L28
 278 000a 0422     		movs	r2, #4
 279 000c 8263     		str	r2, [r0, #56]
 280 000e 0120     		movs	r0, #1
 281              	.L29:
 282 0010 10BD     		pop	{r4, pc}
 283              	.L28:
 284 0012 0268     		ldr	r2, [r0]
 285 0014 436B     		ldr	r3, [r0, #52]
 286 0016 1168     		ldr	r1, [r2]
 287 0018 21F00E01 		bic	r1, r1, #14
 288 001c 1160     		str	r1, [r2]
 289 001e 1168     		ldr	r1, [r2]
 290 0020 21F00101 		bic	r1, r1, #1
 291 0024 1160     		str	r1, [r2]
 292 0026 D0E90F14 		ldrd	r1, r4, [r0, #60]
 293 002a 0122     		movs	r2, #1
 294 002c A240     		lsls	r2, r2, r4
 295 002e 4A60     		str	r2, [r1, #4]
 296 0030 4FF48072 		mov	r2, #256
ARM GAS  C:\Users\gyoku\AppData\Local\Temp\ccLW65QM.s 			page 6


 297 0034 0284     		strh	r2, [r0, #32]	@ movhi
 298 0036 13B1     		cbz	r3, .L30
 299 0038 9847     		blx	r3
 300 003a 0020     		movs	r0, #0
 301 003c E8E7     		b	.L29
 302              	.L30:
 303 003e 1846     		mov	r0, r3
 304 0040 E6E7     		b	.L29
 306              		.section	.text.HAL_DMA_PollForTransfer,"ax",%progbits
 307              		.align	1
 308              		.global	HAL_DMA_PollForTransfer
 309              		.syntax unified
 310              		.thumb
 311              		.thumb_func
 312              		.fpu fpv4-sp-d16
 314              	HAL_DMA_PollForTransfer:
 315              		@ args = 0, pretend = 0, frame = 0
 316              		@ frame_needed = 0, uses_anonymous_args = 0
 317 0000 2DE9F843 		push	{r3, r4, r5, r6, r7, r8, r9, lr}
 318 0004 90F82130 		ldrb	r3, [r0, #33]	@ zero_extendqisi2
 319 0008 022B     		cmp	r3, #2
 320 000a 0446     		mov	r4, r0
 321 000c 0F46     		mov	r7, r1
 322 000e 1646     		mov	r6, r2
 323 0010 07D0     		beq	.L32
 324 0012 0423     		movs	r3, #4
 325 0014 8363     		str	r3, [r0, #56]
 326 0016 0023     		movs	r3, #0
 327 0018 80F82030 		strb	r3, [r0, #32]
 328              	.L48:
 329 001c 0120     		movs	r0, #1
 330              	.L33:
 331 001e BDE8F883 		pop	{r3, r4, r5, r6, r7, r8, r9, pc}
 332              	.L32:
 333 0022 0268     		ldr	r2, [r0]
 334 0024 1268     		ldr	r2, [r2]
 335 0026 9106     		lsls	r1, r2, #26
 336 0028 03D5     		bpl	.L34
 337 002a 4FF48073 		mov	r3, #256
 338 002e 8363     		str	r3, [r0, #56]
 339 0030 F4E7     		b	.L48
 340              	.L34:
 341 0032 056C     		ldr	r5, [r0, #64]
 342 0034 CFB9     		cbnz	r7, .L35
 343              	.L47:
 344 0036 03FA05F5 		lsl	r5, r3, r5
 345 003a FFF7FEFF 		bl	HAL_GetTick
 346 003e 4FF00809 		mov	r9, #8
 347 0042 8046     		mov	r8, r0
 348              	.L37:
 349 0044 D4E90F13 		ldrd	r1, r3, [r4, #60]
 350 0048 09FA03F0 		lsl	r0, r9, r3
 351              	.L39:
 352 004c 0A68     		ldr	r2, [r1]
 353 004e 2A42     		tst	r2, r5
 354 0050 0DD0     		beq	.L42
 355 0052 47BB     		cbnz	r7, .L43
ARM GAS  C:\Users\gyoku\AppData\Local\Temp\ccLW65QM.s 			page 7


 356 0054 0222     		movs	r2, #2
 357 0056 02FA03F3 		lsl	r3, r2, r3
 358 005a 4B60     		str	r3, [r1, #4]
 359 005c 0123     		movs	r3, #1
 360 005e 84F82130 		strb	r3, [r4, #33]
 361              	.L44:
 362 0062 0020     		movs	r0, #0
 363 0064 84F82000 		strb	r0, [r4, #32]
 364 0068 D9E7     		b	.L33
 365              	.L35:
 366 006a 0423     		movs	r3, #4
 367 006c E3E7     		b	.L47
 368              	.L42:
 369 006e 0A68     		ldr	r2, [r1]
 370 0070 0242     		tst	r2, r0
 371 0072 08D0     		beq	.L38
 372 0074 0120     		movs	r0, #1
 373 0076 00FA03F3 		lsl	r3, r0, r3
 374 007a 4B60     		str	r3, [r1, #4]
 375 007c 4FF48073 		mov	r3, #256
 376 0080 A063     		str	r0, [r4, #56]
 377 0082 2384     		strh	r3, [r4, #32]	@ movhi
 378 0084 CBE7     		b	.L33
 379              	.L38:
 380 0086 721C     		adds	r2, r6, #1
 381 0088 E0D0     		beq	.L39
 382 008a 2EB9     		cbnz	r6, .L40
 383              	.L41:
 384 008c 2023     		movs	r3, #32
 385 008e A363     		str	r3, [r4, #56]
 386 0090 4FF48073 		mov	r3, #256
 387 0094 2384     		strh	r3, [r4, #32]	@ movhi
 388 0096 C1E7     		b	.L48
 389              	.L40:
 390 0098 FFF7FEFF 		bl	HAL_GetTick
 391 009c A0EB0800 		sub	r0, r0, r8
 392 00a0 B042     		cmp	r0, r6
 393 00a2 CFD9     		bls	.L37
 394 00a4 F2E7     		b	.L41
 395              	.L43:
 396 00a6 0422     		movs	r2, #4
 397 00a8 02FA03F3 		lsl	r3, r2, r3
 398 00ac 4B60     		str	r3, [r1, #4]
 399 00ae D8E7     		b	.L44
 401              		.section	.text.HAL_DMA_IRQHandler,"ax",%progbits
 402              		.align	1
 403              		.global	HAL_DMA_IRQHandler
 404              		.syntax unified
 405              		.thumb
 406              		.thumb_func
 407              		.fpu fpv4-sp-d16
 409              	HAL_DMA_IRQHandler:
 410              		@ args = 0, pretend = 0, frame = 0
 411              		@ frame_needed = 0, uses_anonymous_args = 0
 412              		@ link register save eliminated.
 413 0000 C16B     		ldr	r1, [r0, #60]
 414 0002 026C     		ldr	r2, [r0, #64]
ARM GAS  C:\Users\gyoku\AppData\Local\Temp\ccLW65QM.s 			page 8


 415 0004 0368     		ldr	r3, [r0]
 416 0006 70B4     		push	{r4, r5, r6}
 417 0008 0E68     		ldr	r6, [r1]
 418 000a 1D68     		ldr	r5, [r3]
 419 000c 0424     		movs	r4, #4
 420 000e 9440     		lsls	r4, r4, r2
 421 0010 3442     		tst	r4, r6
 422 0012 0ED0     		beq	.L50
 423 0014 15F0040F 		tst	r5, #4
 424 0018 0BD0     		beq	.L50
 425 001a 1A68     		ldr	r2, [r3]
 426 001c 9206     		lsls	r2, r2, #26
 427 001e 5EBF     		ittt	pl
 428 0020 1A68     		ldrpl	r2, [r3]
 429 0022 22F00402 		bicpl	r2, r2, #4
 430 0026 1A60     		strpl	r2, [r3]
 431 0028 C36A     		ldr	r3, [r0, #44]
 432 002a 4C60     		str	r4, [r1, #4]
 433              	.L83:
 434 002c 63B3     		cbz	r3, .L49
 435 002e 70BC     		pop	{r4, r5, r6}
 436 0030 1847     		bx	r3	@ indirect register sibling call
 437              	.L50:
 438 0032 0224     		movs	r4, #2
 439 0034 9440     		lsls	r4, r4, r2
 440 0036 3442     		tst	r4, r6
 441 0038 12D0     		beq	.L54
 442 003a 15F0020F 		tst	r5, #2
 443 003e 0FD0     		beq	.L54
 444 0040 1A68     		ldr	r2, [r3]
 445 0042 9506     		lsls	r5, r2, #26
 446 0044 06D4     		bmi	.L55
 447 0046 1A68     		ldr	r2, [r3]
 448 0048 22F00A02 		bic	r2, r2, #10
 449 004c 1A60     		str	r2, [r3]
 450 004e 0123     		movs	r3, #1
 451 0050 80F82130 		strb	r3, [r0, #33]
 452              	.L55:
 453 0054 0023     		movs	r3, #0
 454 0056 4C60     		str	r4, [r1, #4]
 455 0058 80F82030 		strb	r3, [r0, #32]
 456 005c 836A     		ldr	r3, [r0, #40]
 457 005e E5E7     		b	.L83
 458              	.L54:
 459 0060 0824     		movs	r4, #8
 460 0062 9440     		lsls	r4, r4, r2
 461 0064 3442     		tst	r4, r6
 462 0066 0FD0     		beq	.L49
 463 0068 2C07     		lsls	r4, r5, #28
 464 006a 0DD5     		bpl	.L49
 465 006c 1C68     		ldr	r4, [r3]
 466 006e 24F00E04 		bic	r4, r4, #14
 467 0072 1C60     		str	r4, [r3]
 468 0074 0123     		movs	r3, #1
 469 0076 03FA02F2 		lsl	r2, r3, r2
 470 007a 4A60     		str	r2, [r1, #4]
 471 007c 8363     		str	r3, [r0, #56]
ARM GAS  C:\Users\gyoku\AppData\Local\Temp\ccLW65QM.s 			page 9


 472 007e 4FF48073 		mov	r3, #256
 473 0082 0384     		strh	r3, [r0, #32]	@ movhi
 474 0084 036B     		ldr	r3, [r0, #48]
 475 0086 D1E7     		b	.L83
 476              	.L49:
 477 0088 70BC     		pop	{r4, r5, r6}
 478 008a 7047     		bx	lr
 480              		.section	.text.HAL_DMA_RegisterCallback,"ax",%progbits
 481              		.align	1
 482              		.global	HAL_DMA_RegisterCallback
 483              		.syntax unified
 484              		.thumb
 485              		.thumb_func
 486              		.fpu fpv4-sp-d16
 488              	HAL_DMA_RegisterCallback:
 489              		@ args = 0, pretend = 0, frame = 0
 490              		@ frame_needed = 0, uses_anonymous_args = 0
 491 0000 90F82030 		ldrb	r3, [r0, #32]	@ zero_extendqisi2
 492 0004 012B     		cmp	r3, #1
 493 0006 10B5     		push	{r4, lr}
 494 0008 0446     		mov	r4, r0
 495 000a 1AD0     		beq	.L93
 496 000c 0123     		movs	r3, #1
 497 000e 80F82030 		strb	r3, [r0, #32]
 498 0012 90F82100 		ldrb	r0, [r0, #33]	@ zero_extendqisi2
 499 0016 9842     		cmp	r0, r3
 500 0018 11D1     		bne	.L95
 501 001a 0329     		cmp	r1, #3
 502 001c 0FD8     		bhi	.L95
 503 001e DFE801F0 		tbb	[pc, r1]
 504              	.L89:
 505 0022 02       		.byte	(.L92-.L89)/2
 506 0023 08       		.byte	(.L91-.L89)/2
 507 0024 0A       		.byte	(.L90-.L89)/2
 508 0025 0C       		.byte	(.L88-.L89)/2
 509              		.p2align 1
 510              	.L92:
 511 0026 A262     		str	r2, [r4, #40]
 512              	.L96:
 513 0028 0020     		movs	r0, #0
 514              	.L87:
 515 002a 0023     		movs	r3, #0
 516 002c 84F82030 		strb	r3, [r4, #32]
 517              	.L86:
 518 0030 10BD     		pop	{r4, pc}
 519              	.L91:
 520 0032 E262     		str	r2, [r4, #44]
 521 0034 F8E7     		b	.L96
 522              	.L90:
 523 0036 2263     		str	r2, [r4, #48]
 524 0038 F6E7     		b	.L96
 525              	.L88:
 526 003a 6263     		str	r2, [r4, #52]
 527 003c F4E7     		b	.L96
 528              	.L95:
 529 003e 0120     		movs	r0, #1
 530 0040 F3E7     		b	.L87
ARM GAS  C:\Users\gyoku\AppData\Local\Temp\ccLW65QM.s 			page 10


 531              	.L93:
 532 0042 0220     		movs	r0, #2
 533 0044 F4E7     		b	.L86
 535              		.section	.text.HAL_DMA_UnRegisterCallback,"ax",%progbits
 536              		.align	1
 537              		.global	HAL_DMA_UnRegisterCallback
 538              		.syntax unified
 539              		.thumb
 540              		.thumb_func
 541              		.fpu fpv4-sp-d16
 543              	HAL_DMA_UnRegisterCallback:
 544              		@ args = 0, pretend = 0, frame = 0
 545              		@ frame_needed = 0, uses_anonymous_args = 0
 546              		@ link register save eliminated.
 547 0000 90F82020 		ldrb	r2, [r0, #32]	@ zero_extendqisi2
 548 0004 012A     		cmp	r2, #1
 549 0006 0346     		mov	r3, r0
 550 0008 1FD0     		beq	.L106
 551 000a 93F82120 		ldrb	r2, [r3, #33]	@ zero_extendqisi2
 552 000e 0120     		movs	r0, #1
 553 0010 8242     		cmp	r2, r0
 554 0012 83F82000 		strb	r0, [r3, #32]
 555 0016 09D1     		bne	.L99
 556 0018 0022     		movs	r2, #0
 557 001a 0429     		cmp	r1, #4
 558 001c 13D8     		bhi	.L108
 559 001e DFE801F0 		tbb	[pc, r1]
 560              	.L101:
 561 0022 03       		.byte	(.L105-.L101)/2
 562 0023 09       		.byte	(.L104-.L101)/2
 563 0024 0B       		.byte	(.L103-.L101)/2
 564 0025 10       		.byte	(.L110-.L101)/2
 565 0026 0D       		.byte	(.L100-.L101)/2
 566 0027 00       		.p2align 1
 567              	.L105:
 568 0028 9A62     		str	r2, [r3, #40]
 569              	.L109:
 570 002a 0020     		movs	r0, #0
 571              	.L99:
 572 002c 0022     		movs	r2, #0
 573 002e 83F82020 		strb	r2, [r3, #32]
 574 0032 7047     		bx	lr
 575              	.L104:
 576 0034 DA62     		str	r2, [r3, #44]
 577 0036 F8E7     		b	.L109
 578              	.L103:
 579 0038 1A63     		str	r2, [r3, #48]
 580 003a F6E7     		b	.L109
 581              	.L100:
 582 003c C3E90A22 		strd	r2, r2, [r3, #40]
 583 0040 1A63     		str	r2, [r3, #48]
 584              	.L110:
 585 0042 5A63     		str	r2, [r3, #52]
 586 0044 F1E7     		b	.L109
 587              	.L108:
 588 0046 0120     		movs	r0, #1
 589 0048 F0E7     		b	.L99
ARM GAS  C:\Users\gyoku\AppData\Local\Temp\ccLW65QM.s 			page 11


 590              	.L106:
 591 004a 0220     		movs	r0, #2
 592 004c 7047     		bx	lr
 594              		.section	.text.HAL_DMA_GetState,"ax",%progbits
 595              		.align	1
 596              		.global	HAL_DMA_GetState
 597              		.syntax unified
 598              		.thumb
 599              		.thumb_func
 600              		.fpu fpv4-sp-d16
 602              	HAL_DMA_GetState:
 603              		@ args = 0, pretend = 0, frame = 0
 604              		@ frame_needed = 0, uses_anonymous_args = 0
 605              		@ link register save eliminated.
 606 0000 90F82100 		ldrb	r0, [r0, #33]	@ zero_extendqisi2
 607 0004 7047     		bx	lr
 609              		.section	.text.HAL_DMA_GetError,"ax",%progbits
 610              		.align	1
 611              		.global	HAL_DMA_GetError
 612              		.syntax unified
 613              		.thumb
 614              		.thumb_func
 615              		.fpu fpv4-sp-d16
 617              	HAL_DMA_GetError:
 618              		@ args = 0, pretend = 0, frame = 0
 619              		@ frame_needed = 0, uses_anonymous_args = 0
 620              		@ link register save eliminated.
 621 0000 806B     		ldr	r0, [r0, #56]
 622 0002 7047     		bx	lr
 624              		.ident	"GCC: (GNU MCU Eclipse ARM Embedded GCC, 64-bit) 8.2.1 20181213 (release) [gcc-8-branch rev
ARM GAS  C:\Users\gyoku\AppData\Local\Temp\ccLW65QM.s 			page 12


DEFINED SYMBOLS
                            *ABS*:0000000000000000 stm32f3xx_hal_dma.c
C:\Users\gyoku\AppData\Local\Temp\ccLW65QM.s:16     .text.HAL_DMA_Init:0000000000000000 $t
C:\Users\gyoku\AppData\Local\Temp\ccLW65QM.s:24     .text.HAL_DMA_Init:0000000000000000 HAL_DMA_Init
C:\Users\gyoku\AppData\Local\Temp\ccLW65QM.s:68     .text.HAL_DMA_Init:0000000000000054 $d
C:\Users\gyoku\AppData\Local\Temp\ccLW65QM.s:72     .text.HAL_DMA_DeInit:0000000000000000 $t
C:\Users\gyoku\AppData\Local\Temp\ccLW65QM.s:79     .text.HAL_DMA_DeInit:0000000000000000 HAL_DMA_DeInit
C:\Users\gyoku\AppData\Local\Temp\ccLW65QM.s:117    .text.HAL_DMA_DeInit:0000000000000048 $d
C:\Users\gyoku\AppData\Local\Temp\ccLW65QM.s:121    .text.HAL_DMA_Start:0000000000000000 $t
C:\Users\gyoku\AppData\Local\Temp\ccLW65QM.s:128    .text.HAL_DMA_Start:0000000000000000 HAL_DMA_Start
C:\Users\gyoku\AppData\Local\Temp\ccLW65QM.s:172    .text.HAL_DMA_Start_IT:0000000000000000 $t
C:\Users\gyoku\AppData\Local\Temp\ccLW65QM.s:179    .text.HAL_DMA_Start_IT:0000000000000000 HAL_DMA_Start_IT
C:\Users\gyoku\AppData\Local\Temp\ccLW65QM.s:236    .text.HAL_DMA_Abort:0000000000000000 $t
C:\Users\gyoku\AppData\Local\Temp\ccLW65QM.s:243    .text.HAL_DMA_Abort:0000000000000000 HAL_DMA_Abort
C:\Users\gyoku\AppData\Local\Temp\ccLW65QM.s:264    .text.HAL_DMA_Abort_IT:0000000000000000 $t
C:\Users\gyoku\AppData\Local\Temp\ccLW65QM.s:271    .text.HAL_DMA_Abort_IT:0000000000000000 HAL_DMA_Abort_IT
C:\Users\gyoku\AppData\Local\Temp\ccLW65QM.s:307    .text.HAL_DMA_PollForTransfer:0000000000000000 $t
C:\Users\gyoku\AppData\Local\Temp\ccLW65QM.s:314    .text.HAL_DMA_PollForTransfer:0000000000000000 HAL_DMA_PollForTransfer
C:\Users\gyoku\AppData\Local\Temp\ccLW65QM.s:402    .text.HAL_DMA_IRQHandler:0000000000000000 $t
C:\Users\gyoku\AppData\Local\Temp\ccLW65QM.s:409    .text.HAL_DMA_IRQHandler:0000000000000000 HAL_DMA_IRQHandler
C:\Users\gyoku\AppData\Local\Temp\ccLW65QM.s:481    .text.HAL_DMA_RegisterCallback:0000000000000000 $t
C:\Users\gyoku\AppData\Local\Temp\ccLW65QM.s:488    .text.HAL_DMA_RegisterCallback:0000000000000000 HAL_DMA_RegisterCallback
C:\Users\gyoku\AppData\Local\Temp\ccLW65QM.s:505    .text.HAL_DMA_RegisterCallback:0000000000000022 $d
C:\Users\gyoku\AppData\Local\Temp\ccLW65QM.s:509    .text.HAL_DMA_RegisterCallback:0000000000000026 $t
C:\Users\gyoku\AppData\Local\Temp\ccLW65QM.s:536    .text.HAL_DMA_UnRegisterCallback:0000000000000000 $t
C:\Users\gyoku\AppData\Local\Temp\ccLW65QM.s:543    .text.HAL_DMA_UnRegisterCallback:0000000000000000 HAL_DMA_UnRegisterCallback
C:\Users\gyoku\AppData\Local\Temp\ccLW65QM.s:561    .text.HAL_DMA_UnRegisterCallback:0000000000000022 $d
C:\Users\gyoku\AppData\Local\Temp\ccLW65QM.s:595    .text.HAL_DMA_GetState:0000000000000000 $t
C:\Users\gyoku\AppData\Local\Temp\ccLW65QM.s:602    .text.HAL_DMA_GetState:0000000000000000 HAL_DMA_GetState
C:\Users\gyoku\AppData\Local\Temp\ccLW65QM.s:610    .text.HAL_DMA_GetError:0000000000000000 $t
C:\Users\gyoku\AppData\Local\Temp\ccLW65QM.s:617    .text.HAL_DMA_GetError:0000000000000000 HAL_DMA_GetError
C:\Users\gyoku\AppData\Local\Temp\ccLW65QM.s:566    .text.HAL_DMA_UnRegisterCallback:0000000000000027 $d
C:\Users\gyoku\AppData\Local\Temp\ccLW65QM.s:566    .text.HAL_DMA_UnRegisterCallback:0000000000000028 $t

UNDEFINED SYMBOLS
HAL_GetTick
